---------------------------------------------
4 ROUGE-1 Average_R: 0.19893 ( 95%-conf.int. 0.17917 - 0.22096)
4 ROUGE-1 Average_P: 0.24233 ( 95%-conf.int. 0.22192 - 0.26367)
4 ROUGE-1 Average_F: 0.21673 ( 95%-conf.int. 0.19649 - 0.23726)
.............................................
4 ROUGE-1 Eval D1001-A.M.100.A.4 R:0.07819 P:0.14394 F:0.10133
4 ROUGE-1 Eval D1002-A.M.100.A.4 R:0.21757 P:0.35135 F:0.26873
4 ROUGE-1 Eval D1003-A.M.100.A.4 R:0.17316 P:0.20000 F:0.18561
4 ROUGE-1 Eval D1004-A.M.100.A.4 R:0.27686 P:0.33500 F:0.30317
4 ROUGE-1 Eval D1005-A.M.100.A.4 R:0.14344 P:0.15351 F:0.14830
4 ROUGE-1 Eval D1006-A.M.100.A.4 R:0.15326 P:0.21277 F:0.17818
4 ROUGE-1 Eval D1007-A.M.100.B.4 R:0.21333 P:0.23077 F:0.22171
4 ROUGE-1 Eval D1008-A.M.100.B.4 R:0.09274 P:0.13690 F:0.11057
4 ROUGE-1 Eval D1009-A.M.100.B.4 R:0.34956 P:0.31855 F:0.33334
4 ROUGE-1 Eval D1010-A.M.100.B.4 R:0.18800 P:0.25543 F:0.21659
4 ROUGE-1 Eval D1011-A.M.100.C.4 R:0.13362 P:0.14904 F:0.14091
4 ROUGE-1 Eval D1012-A.M.100.C.4 R:0.21951 P:0.36486 F:0.27411
4 ROUGE-1 Eval D1013-A.M.100.C.4 R:0.04819 P:0.05882 F:0.05298
4 ROUGE-1 Eval D1014-A.M.100.C.4 R:0.12971 P:0.17614 F:0.14940
4 ROUGE-1 Eval D1015-A.M.100.C.4 R:0.22642 P:0.24590 F:0.23576
4 ROUGE-1 Eval D1016-A.M.100.C.4 R:0.21973 P:0.26064 F:0.23844
4 ROUGE-1 Eval D1017-A.M.100.D.4 R:0.24490 P:0.23810 F:0.24145
4 ROUGE-1 Eval D1018-A.M.100.D.4 R:0.13808 P:0.25781 F:0.17984
4 ROUGE-1 Eval D1019-A.M.100.D.4 R:0.25417 P:0.31771 F:0.28241
4 ROUGE-1 Eval D1020-A.M.100.D.4 R:0.12810 P:0.15500 F:0.14027
4 ROUGE-1 Eval D1021-A.M.100.D.4 R:0.24576 P:0.29000 F:0.26605
4 ROUGE-1 Eval D1022-A.M.100.D.4 R:0.23431 P:0.28000 F:0.25513
4 ROUGE-1 Eval D1023-A.M.100.E.4 R:0.19835 P:0.27907 F:0.23189
4 ROUGE-1 Eval D1024-A.M.100.E.4 R:0.17917 P:0.18860 F:0.18376
4 ROUGE-1 Eval D1025-A.M.100.E.4 R:0.27434 P:0.27193 F:0.27313
4 ROUGE-1 Eval D1026-A.M.100.E.4 R:0.09402 P:0.10577 F:0.09955
4 ROUGE-1 Eval D1027-A.M.100.E.4 R:0.14286 P:0.21951 F:0.17308
4 ROUGE-1 Eval D1028-A.M.100.E.4 R:0.17500 P:0.23333 F:0.20000
4 ROUGE-1 Eval D1029-A.M.100.F.4 R:0.22917 P:0.23305 F:0.23109
4 ROUGE-1 Eval D1030-A.M.100.F.4 R:0.06349 P:0.10811 F:0.08000
4 ROUGE-1 Eval D1031-A.M.100.F.4 R:0.17143 P:0.23864 F:0.19953
4 ROUGE-1 Eval D1032-A.M.100.F.4 R:0.24046 P:0.37500 F:0.29302
4 ROUGE-1 Eval D1033-A.M.100.F.4 R:0.33058 P:0.30303 F:0.31621
4 ROUGE-1 Eval D1034-A.M.100.F.4 R:0.13992 P:0.17000 F:0.15350
4 ROUGE-1 Eval D1035-A.M.100.G.4 R:0.22764 P:0.27451 F:0.24889
4 ROUGE-1 Eval D1036-A.M.100.G.4 R:0.21633 P:0.27604 F:0.24256
4 ROUGE-1 Eval D1037-A.M.100.G.4 R:0.19907 P:0.32576 F:0.24712
4 ROUGE-1 Eval D1038-A.M.100.G.4 R:0.18824 P:0.22222 F:0.20382
4 ROUGE-1 Eval D1039-A.M.100.G.4 R:0.33469 P:0.33065 F:0.33266
4 ROUGE-1 Eval D1040-A.M.100.G.4 R:0.14043 P:0.17935 F:0.15752
4 ROUGE-1 Eval D1041-A.M.100.H.4 R:0.09055 P:0.14375 F:0.11111
4 ROUGE-1 Eval D1042-A.M.100.H.4 R:0.23767 P:0.29444 F:0.26303
4 ROUGE-1 Eval D1043-A.M.100.H.4 R:0.38136 P:0.38136 F:0.38136
4 ROUGE-1 Eval D1044-A.M.100.H.4 R:0.27426 P:0.32500 F:0.29748
4 ROUGE-1 Eval D1045-A.M.100.H.4 R:0.29921 P:0.34545 F:0.32067
4 ROUGE-1 Eval D1046-A.M.100.H.4 R:0.20866 P:0.19776 F:0.20306
---------------------------------------------
4 ROUGE-2 Average_R: 0.04943 ( 95%-conf.int. 0.04073 - 0.05870)
4 ROUGE-2 Average_P: 0.06015 ( 95%-conf.int. 0.05047 - 0.07032)
4 ROUGE-2 Average_F: 0.05378 ( 95%-conf.int. 0.04478 - 0.06324)
.............................................
4 ROUGE-2 Eval D1001-A.M.100.A.4 R:0.01255 P:0.02344 F:0.01635
4 ROUGE-2 Eval D1002-A.M.100.A.4 R:0.04681 P:0.07639 F:0.05805
4 ROUGE-2 Eval D1003-A.M.100.A.4 R:0.03965 P:0.04592 F:0.04256
4 ROUGE-2 Eval D1004-A.M.100.A.4 R:0.05882 P:0.07143 F:0.06451
4 ROUGE-2 Eval D1005-A.M.100.A.4 R:0.05000 P:0.05357 F:0.05172
4 ROUGE-2 Eval D1006-A.M.100.A.4 R:0.01946 P:0.02717 F:0.02268
4 ROUGE-2 Eval D1007-A.M.100.B.4 R:0.06787 P:0.07353 F:0.07059
4 ROUGE-2 Eval D1008-A.M.100.B.4 R:0.03689 P:0.05488 F:0.04412
4 ROUGE-2 Eval D1009-A.M.100.B.4 R:0.09009 P:0.08197 F:0.08584
4 ROUGE-2 Eval D1010-A.M.100.B.4 R:0.05285 P:0.07222 F:0.06104
4 ROUGE-2 Eval D1011-A.M.100.C.4 R:0.02193 P:0.02451 F:0.02315
4 ROUGE-2 Eval D1012-A.M.100.C.4 R:0.07025 P:0.11806 F:0.08809
4 ROUGE-2 Eval D1013-A.M.100.C.4 R:0.00000 P:0.00000 F:0.00000
4 ROUGE-2 Eval D1014-A.M.100.C.4 R:0.01702 P:0.02326 F:0.01966
4 ROUGE-2 Eval D1015-A.M.100.C.4 R:0.07280 P:0.07917 F:0.07585
4 ROUGE-2 Eval D1016-A.M.100.C.4 R:0.04566 P:0.05435 F:0.04963
4 ROUGE-2 Eval D1017-A.M.100.D.4 R:0.03734 P:0.03629 F:0.03681
4 ROUGE-2 Eval D1018-A.M.100.D.4 R:0.03830 P:0.07258 F:0.05014
4 ROUGE-2 Eval D1019-A.M.100.D.4 R:0.02966 P:0.03723 F:0.03302
4 ROUGE-2 Eval D1020-A.M.100.D.4 R:0.02521 P:0.03061 F:0.02765
4 ROUGE-2 Eval D1021-A.M.100.D.4 R:0.07328 P:0.08673 F:0.07944
4 ROUGE-2 Eval D1022-A.M.100.D.4 R:0.01702 P:0.02041 F:0.01856
4 ROUGE-2 Eval D1023-A.M.100.E.4 R:0.03782 P:0.05357 F:0.04434
4 ROUGE-2 Eval D1024-A.M.100.E.4 R:0.05085 P:0.05357 F:0.05217
4 ROUGE-2 Eval D1025-A.M.100.E.4 R:0.05856 P:0.05804 F:0.05830
4 ROUGE-2 Eval D1026-A.M.100.E.4 R:0.01304 P:0.01471 F:0.01382
4 ROUGE-2 Eval D1027-A.M.100.E.4 R:0.04032 P:0.06250 F:0.04902
4 ROUGE-2 Eval D1028-A.M.100.E.4 R:0.03814 P:0.05114 F:0.04369
4 ROUGE-2 Eval D1029-A.M.100.F.4 R:0.04237 P:0.04310 F:0.04273
4 ROUGE-2 Eval D1030-A.M.100.F.4 R:0.00806 P:0.01389 F:0.01020
4 ROUGE-2 Eval D1031-A.M.100.F.4 R:0.03734 P:0.05233 F:0.04358
4 ROUGE-2 Eval D1032-A.M.100.F.4 R:0.08140 P:0.12805 F:0.09953
4 ROUGE-2 Eval D1033-A.M.100.F.4 R:0.10924 P:0.10000 F:0.10442
4 ROUGE-2 Eval D1034-A.M.100.F.4 R:0.01255 P:0.01531 F:0.01379
4 ROUGE-2 Eval D1035-A.M.100.G.4 R:0.08264 P:0.10000 F:0.09049
4 ROUGE-2 Eval D1036-A.M.100.G.4 R:0.04564 P:0.05851 F:0.05128
4 ROUGE-2 Eval D1037-A.M.100.G.4 R:0.04245 P:0.07031 F:0.05294
4 ROUGE-2 Eval D1038-A.M.100.G.4 R:0.03586 P:0.04245 F:0.03888
4 ROUGE-2 Eval D1039-A.M.100.G.4 R:0.11203 P:0.11066 F:0.11134
4 ROUGE-2 Eval D1040-A.M.100.G.4 R:0.02597 P:0.03333 F:0.02919
4 ROUGE-2 Eval D1041-A.M.100.H.4 R:0.03200 P:0.05128 F:0.03941
4 ROUGE-2 Eval D1042-A.M.100.H.4 R:0.10502 P:0.13068 F:0.11645
4 ROUGE-2 Eval D1043-A.M.100.H.4 R:0.15948 P:0.15948 F:0.15948
4 ROUGE-2 Eval D1044-A.M.100.H.4 R:0.07296 P:0.08673 F:0.07925
4 ROUGE-2 Eval D1045-A.M.100.H.4 R:0.07200 P:0.08333 F:0.07725
4 ROUGE-2 Eval D1046-A.M.100.H.4 R:0.03200 P:0.03030 F:0.03113
---------------------------------------------
4 ROUGE-3 Average_R: 0.01346 ( 95%-conf.int. 0.00886 - 0.01850)
4 ROUGE-3 Average_P: 0.01628 ( 95%-conf.int. 0.01106 - 0.02171)
4 ROUGE-3 Average_F: 0.01458 ( 95%-conf.int. 0.00976 - 0.01975)
.............................................
4 ROUGE-3 Eval D1001-A.M.100.A.4 R:0.00000 P:0.00000 F:0.00000
4 ROUGE-3 Eval D1002-A.M.100.A.4 R:0.00866 P:0.01429 F:0.01078
4 ROUGE-3 Eval D1003-A.M.100.A.4 R:0.00000 P:0.00000 F:0.00000
4 ROUGE-3 Eval D1004-A.M.100.A.4 R:0.00427 P:0.00521 F:0.00469
4 ROUGE-3 Eval D1005-A.M.100.A.4 R:0.02542 P:0.02727 F:0.02631
4 ROUGE-3 Eval D1006-A.M.100.A.4 R:0.00000 P:0.00000 F:0.00000
4 ROUGE-3 Eval D1007-A.M.100.B.4 R:0.00461 P:0.00500 F:0.00480
4 ROUGE-3 Eval D1008-A.M.100.B.4 R:0.00833 P:0.01250 F:0.01000
4 ROUGE-3 Eval D1009-A.M.100.B.4 R:0.01376 P:0.01250 F:0.01310
4 ROUGE-3 Eval D1010-A.M.100.B.4 R:0.02479 P:0.03409 F:0.02871
4 ROUGE-3 Eval D1011-A.M.100.C.4 R:0.00000 P:0.00000 F:0.00000
4 ROUGE-3 Eval D1012-A.M.100.C.4 R:0.03361 P:0.05714 F:0.04232
4 ROUGE-3 Eval D1013-A.M.100.C.4 R:0.00000 P:0.00000 F:0.00000
4 ROUGE-3 Eval D1014-A.M.100.C.4 R:0.00866 P:0.01190 F:0.01002
4 ROUGE-3 Eval D1015-A.M.100.C.4 R:0.01556 P:0.01695 F:0.01623
4 ROUGE-3 Eval D1016-A.M.100.C.4 R:0.01395 P:0.01667 F:0.01519
4 ROUGE-3 Eval D1017-A.M.100.D.4 R:0.00844 P:0.00820 F:0.00832
4 ROUGE-3 Eval D1018-A.M.100.D.4 R:0.01299 P:0.02500 F:0.01710
4 ROUGE-3 Eval D1019-A.M.100.D.4 R:0.00000 P:0.00000 F:0.00000
4 ROUGE-3 Eval D1020-A.M.100.D.4 R:0.00427 P:0.00521 F:0.00469
4 ROUGE-3 Eval D1021-A.M.100.D.4 R:0.01316 P:0.01562 F:0.01428
4 ROUGE-3 Eval D1022-A.M.100.D.4 R:0.00866 P:0.01042 F:0.00946
4 ROUGE-3 Eval D1023-A.M.100.E.4 R:0.00855 P:0.01220 F:0.01005
4 ROUGE-3 Eval D1024-A.M.100.E.4 R:0.00000 P:0.00000 F:0.00000
4 ROUGE-3 Eval D1025-A.M.100.E.4 R:0.01835 P:0.01818 F:0.01826
4 ROUGE-3 Eval D1026-A.M.100.E.4 R:0.00000 P:0.00000 F:0.00000
4 ROUGE-3 Eval D1027-A.M.100.E.4 R:0.01230 P:0.01923 F:0.01500
4 ROUGE-3 Eval D1028-A.M.100.E.4 R:0.00000 P:0.00000 F:0.00000
4 ROUGE-3 Eval D1029-A.M.100.F.4 R:0.00862 P:0.00877 F:0.00869
4 ROUGE-3 Eval D1030-A.M.100.F.4 R:0.00000 P:0.00000 F:0.00000
4 ROUGE-3 Eval D1031-A.M.100.F.4 R:0.00422 P:0.00595 F:0.00494
4 ROUGE-3 Eval D1032-A.M.100.F.4 R:0.03543 P:0.05625 F:0.04348
4 ROUGE-3 Eval D1033-A.M.100.F.4 R:0.05556 P:0.05078 F:0.05306
4 ROUGE-3 Eval D1034-A.M.100.F.4 R:0.00851 P:0.01042 F:0.00937
4 ROUGE-3 Eval D1035-A.M.100.G.4 R:0.01681 P:0.02041 F:0.01844
4 ROUGE-3 Eval D1036-A.M.100.G.4 R:0.00844 P:0.01087 F:0.00950
4 ROUGE-3 Eval D1037-A.M.100.G.4 R:0.00481 P:0.00806 F:0.00602
4 ROUGE-3 Eval D1038-A.M.100.G.4 R:0.00405 P:0.00481 F:0.00440
4 ROUGE-3 Eval D1039-A.M.100.G.4 R:0.03797 P:0.03750 F:0.03773
4 ROUGE-3 Eval D1040-A.M.100.G.4 R:0.00000 P:0.00000 F:0.00000
4 ROUGE-3 Eval D1041-A.M.100.H.4 R:0.00000 P:0.00000 F:0.00000
4 ROUGE-3 Eval D1042-A.M.100.H.4 R:0.04186 P:0.05233 F:0.04651
4 ROUGE-3 Eval D1043-A.M.100.H.4 R:0.07456 P:0.07456 F:0.07456
4 ROUGE-3 Eval D1044-A.M.100.H.4 R:0.03930 P:0.04688 F:0.04276
4 ROUGE-3 Eval D1045-A.M.100.H.4 R:0.02439 P:0.02830 F:0.02620
4 ROUGE-3 Eval D1046-A.M.100.H.4 R:0.00407 P:0.00385 F:0.00396
---------------------------------------------
4 ROUGE-4 Average_R: 0.00389 ( 95%-conf.int. 0.00178 - 0.00635)
4 ROUGE-4 Average_P: 0.00473 ( 95%-conf.int. 0.00230 - 0.00752)
4 ROUGE-4 Average_F: 0.00421 ( 95%-conf.int. 0.00203 - 0.00679)
.............................................
4 ROUGE-4 Eval D1001-A.M.100.A.4 R:0.00000 P:0.00000 F:0.00000
4 ROUGE-4 Eval D1002-A.M.100.A.4 R:0.00000 P:0.00000 F:0.00000
4 ROUGE-4 Eval D1003-A.M.100.A.4 R:0.00000 P:0.00000 F:0.00000
4 ROUGE-4 Eval D1004-A.M.100.A.4 R:0.00000 P:0.00000 F:0.00000
4 ROUGE-4 Eval D1005-A.M.100.A.4 R:0.00862 P:0.00926 F:0.00893
4 ROUGE-4 Eval D1006-A.M.100.A.4 R:0.00000 P:0.00000 F:0.00000
4 ROUGE-4 Eval D1007-A.M.100.B.4 R:0.00000 P:0.00000 F:0.00000
4 ROUGE-4 Eval D1008-A.M.100.B.4 R:0.00000 P:0.00000 F:0.00000
4 ROUGE-4 Eval D1009-A.M.100.B.4 R:0.00000 P:0.00000 F:0.00000
4 ROUGE-4 Eval D1010-A.M.100.B.4 R:0.00840 P:0.01163 F:0.00975
4 ROUGE-4 Eval D1011-A.M.100.C.4 R:0.00000 P:0.00000 F:0.00000
4 ROUGE-4 Eval D1012-A.M.100.C.4 R:0.01282 P:0.02206 F:0.01622
4 ROUGE-4 Eval D1013-A.M.100.C.4 R:0.00000 P:0.00000 F:0.00000
4 ROUGE-4 Eval D1014-A.M.100.C.4 R:0.00000 P:0.00000 F:0.00000
4 ROUGE-4 Eval D1015-A.M.100.C.4 R:0.00000 P:0.00000 F:0.00000
4 ROUGE-4 Eval D1016-A.M.100.C.4 R:0.00000 P:0.00000 F:0.00000
4 ROUGE-4 Eval D1017-A.M.100.D.4 R:0.00000 P:0.00000 F:0.00000
4 ROUGE-4 Eval D1018-A.M.100.D.4 R:0.00881 P:0.01724 F:0.01166
4 ROUGE-4 Eval D1019-A.M.100.D.4 R:0.00000 P:0.00000 F:0.00000
4 ROUGE-4 Eval D1020-A.M.100.D.4 R:0.00000 P:0.00000 F:0.00000
4 ROUGE-4 Eval D1021-A.M.100.D.4 R:0.00000 P:0.00000 F:0.00000
4 ROUGE-4 Eval D1022-A.M.100.D.4 R:0.00441 P:0.00532 F:0.00482
4 ROUGE-4 Eval D1023-A.M.100.E.4 R:0.00435 P:0.00625 F:0.00513
4 ROUGE-4 Eval D1024-A.M.100.E.4 R:0.00000 P:0.00000 F:0.00000
4 ROUGE-4 Eval D1025-A.M.100.E.4 R:0.00000 P:0.00000 F:0.00000
4 ROUGE-4 Eval D1026-A.M.100.E.4 R:0.00000 P:0.00000 F:0.00000
4 ROUGE-4 Eval D1027-A.M.100.E.4 R:0.00000 P:0.00000 F:0.00000
4 ROUGE-4 Eval D1028-A.M.100.E.4 R:0.00000 P:0.00000 F:0.00000
4 ROUGE-4 Eval D1029-A.M.100.F.4 R:0.00000 P:0.00000 F:0.00000
4 ROUGE-4 Eval D1030-A.M.100.F.4 R:0.00000 P:0.00000 F:0.00000
4 ROUGE-4 Eval D1031-A.M.100.F.4 R:0.00000 P:0.00000 F:0.00000
4 ROUGE-4 Eval D1032-A.M.100.F.4 R:0.01200 P:0.01923 F:0.01478
4 ROUGE-4 Eval D1033-A.M.100.F.4 R:0.03043 P:0.02778 F:0.02904
4 ROUGE-4 Eval D1034-A.M.100.F.4 R:0.00433 P:0.00532 F:0.00477
4 ROUGE-4 Eval D1035-A.M.100.G.4 R:0.00427 P:0.00521 F:0.00469
4 ROUGE-4 Eval D1036-A.M.100.G.4 R:0.00429 P:0.00556 F:0.00484
4 ROUGE-4 Eval D1037-A.M.100.G.4 R:0.00000 P:0.00000 F:0.00000
4 ROUGE-4 Eval D1038-A.M.100.G.4 R:0.00000 P:0.00000 F:0.00000
4 ROUGE-4 Eval D1039-A.M.100.G.4 R:0.00858 P:0.00847 F:0.00852
4 ROUGE-4 Eval D1040-A.M.100.G.4 R:0.00000 P:0.00000 F:0.00000
4 ROUGE-4 Eval D1041-A.M.100.H.4 R:0.00000 P:0.00000 F:0.00000
4 ROUGE-4 Eval D1042-A.M.100.H.4 R:0.00474 P:0.00595 F:0.00528
4 ROUGE-4 Eval D1043-A.M.100.H.4 R:0.03571 P:0.03571 F:0.03571
4 ROUGE-4 Eval D1044-A.M.100.H.4 R:0.02222 P:0.02660 F:0.02421
4 ROUGE-4 Eval D1045-A.M.100.H.4 R:0.00413 P:0.00481 F:0.00444
4 ROUGE-4 Eval D1046-A.M.100.H.4 R:0.00000 P:0.00000 F:0.00000
