---------------------------------------------
4 ROUGE-1 Average_R: 0.14136 ( 95%-conf.int. 0.11935 - 0.16555)
4 ROUGE-1 Average_P: 0.22030 ( 95%-conf.int. 0.19332 - 0.24709)
4 ROUGE-1 Average_F: 0.17019 ( 95%-conf.int. 0.14535 - 0.19601)
.............................................
4 ROUGE-1 Eval D1001-A.M.100.A.4 R:0.10700 P:0.16667 F:0.13033
4 ROUGE-1 Eval D1002-A.M.100.A.4 R:0.13808 P:0.23571 F:0.17415
4 ROUGE-1 Eval D1003-A.M.100.A.4 R:0.15152 P:0.25000 F:0.18868
4 ROUGE-1 Eval D1004-A.M.100.A.4 R:0.21074 P:0.31098 F:0.25123
4 ROUGE-1 Eval D1005-A.M.100.A.4 R:0.23361 P:0.33140 F:0.27404
4 ROUGE-1 Eval D1006-A.M.100.A.4 R:0.08812 P:0.15972 F:0.11358
4 ROUGE-1 Eval D1007-A.M.100.B.4 R:0.13778 P:0.23485 F:0.17367
4 ROUGE-1 Eval D1008-A.M.100.B.4 R:0.08065 P:0.14706 F:0.10417
4 ROUGE-1 Eval D1009-A.M.100.B.4 R:0.05752 P:0.14130 F:0.08176
4 ROUGE-1 Eval D1010-A.M.100.B.4 R:0.30400 P:0.45238 F:0.36364
4 ROUGE-1 Eval D1011-A.M.100.C.4 R:0.04741 P:0.08871 F:0.06179
4 ROUGE-1 Eval D1012-A.M.100.C.4 R:0.11382 P:0.17073 F:0.13658
4 ROUGE-1 Eval D1013-A.M.100.C.4 R:0.03213 P:0.05882 F:0.04156
4 ROUGE-1 Eval D1014-A.M.100.C.4 R:0.12552 P:0.15957 F:0.14051
4 ROUGE-1 Eval D1015-A.M.100.C.4 R:0.13962 P:0.28030 F:0.18639
4 ROUGE-1 Eval D1016-A.M.100.C.4 R:0.18834 P:0.32812 F:0.23931
4 ROUGE-1 Eval D1017-A.M.100.D.4 R:0.19184 P:0.25543 F:0.21911
4 ROUGE-1 Eval D1018-A.M.100.D.4 R:0.17155 P:0.28472 F:0.21410
4 ROUGE-1 Eval D1019-A.M.100.D.4 R:0.23333 P:0.23729 F:0.23529
4 ROUGE-1 Eval D1020-A.M.100.D.4 R:0.01653 P:0.05882 F:0.02581
4 ROUGE-1 Eval D1021-A.M.100.D.4 R:0.16525 P:0.31452 F:0.21666
4 ROUGE-1 Eval D1022-A.M.100.D.4 R:0.24268 P:0.33721 F:0.28224
4 ROUGE-1 Eval D1023-A.M.100.E.4 R:0.02479 P:0.03061 F:0.02739
4 ROUGE-1 Eval D1024-A.M.100.E.4 R:0.15000 P:0.15789 F:0.15384
4 ROUGE-1 Eval D1025-A.M.100.E.4 R:0.20354 P:0.27381 F:0.23350
4 ROUGE-1 Eval D1026-A.M.100.E.4 R:0.07265 P:0.12500 F:0.09189
4 ROUGE-1 Eval D1027-A.M.100.E.4 R:0.26984 P:0.34000 F:0.30088
4 ROUGE-1 Eval D1028-A.M.100.E.4 R:0.25833 P:0.30392 F:0.27928
4 ROUGE-1 Eval D1029-A.M.100.F.4 R:0.07917 P:0.14844 F:0.10326
4 ROUGE-1 Eval D1030-A.M.100.F.4 R:0.03175 P:0.09091 F:0.04706
4 ROUGE-1 Eval D1031-A.M.100.F.4 R:0.03673 P:0.05488 F:0.04401
4 ROUGE-1 Eval D1032-A.M.100.F.4 R:0.17939 P:0.25543 F:0.21076
4 ROUGE-1 Eval D1033-A.M.100.F.4 R:0.21074 P:0.31875 F:0.25373
4 ROUGE-1 Eval D1034-A.M.100.F.4 R:0.04527 P:0.12500 F:0.06647
4 ROUGE-1 Eval D1035-A.M.100.G.4 R:0.05691 P:0.15217 F:0.08284
4 ROUGE-1 Eval D1036-A.M.100.G.4 R:0.13469 P:0.19186 F:0.15827
4 ROUGE-1 Eval D1037-A.M.100.G.4 R:0.08333 P:0.12857 F:0.10112
4 ROUGE-1 Eval D1038-A.M.100.G.4 R:0.14902 P:0.24359 F:0.18492
4 ROUGE-1 Eval D1039-A.M.100.G.4 R:0.17551 P:0.24432 F:0.20428
4 ROUGE-1 Eval D1040-A.M.100.G.4 R:0.17872 P:0.28378 F:0.21932
4 ROUGE-1 Eval D1041-A.M.100.H.4 R:0.08268 P:0.21000 F:0.11865
4 ROUGE-1 Eval D1042-A.M.100.H.4 R:0.16592 P:0.24342 F:0.19733
4 ROUGE-1 Eval D1043-A.M.100.H.4 R:0.30508 P:0.36000 F:0.33027
4 ROUGE-1 Eval D1044-A.M.100.H.4 R:0.19831 P:0.29375 F:0.23677
4 ROUGE-1 Eval D1045-A.M.100.H.4 R:0.16142 P:0.35345 F:0.22162
4 ROUGE-1 Eval D1046-A.M.100.H.4 R:0.06693 P:0.18478 F:0.09827
---------------------------------------------
4 ROUGE-2 Average_R: 0.03395 ( 95%-conf.int. 0.02431 - 0.04621)
4 ROUGE-2 Average_P: 0.05142 ( 95%-conf.int. 0.03777 - 0.06837)
4 ROUGE-2 Average_F: 0.04052 ( 95%-conf.int. 0.02945 - 0.05457)
.............................................
4 ROUGE-2 Eval D1001-A.M.100.A.4 R:0.02092 P:0.03289 F:0.02557
4 ROUGE-2 Eval D1002-A.M.100.A.4 R:0.01277 P:0.02206 F:0.01618
4 ROUGE-2 Eval D1003-A.M.100.A.4 R:0.02643 P:0.04412 F:0.03306
4 ROUGE-2 Eval D1004-A.M.100.A.4 R:0.08403 P:0.12500 F:0.10050
4 ROUGE-2 Eval D1005-A.M.100.A.4 R:0.04583 P:0.06548 F:0.05392
4 ROUGE-2 Eval D1006-A.M.100.A.4 R:0.00778 P:0.01429 F:0.01007
4 ROUGE-2 Eval D1007-A.M.100.B.4 R:0.05430 P:0.09375 F:0.06877
4 ROUGE-2 Eval D1008-A.M.100.B.4 R:0.01639 P:0.03030 F:0.02127
4 ROUGE-2 Eval D1009-A.M.100.B.4 R:0.00000 P:0.00000 F:0.00000
4 ROUGE-2 Eval D1010-A.M.100.B.4 R:0.16667 P:0.25000 F:0.20000
4 ROUGE-2 Eval D1011-A.M.100.C.4 R:0.01754 P:0.03333 F:0.02298
4 ROUGE-2 Eval D1012-A.M.100.C.4 R:0.00000 P:0.00000 F:0.00000
4 ROUGE-2 Eval D1013-A.M.100.C.4 R:0.00000 P:0.00000 F:0.00000
4 ROUGE-2 Eval D1014-A.M.100.C.4 R:0.00000 P:0.00000 F:0.00000
4 ROUGE-2 Eval D1015-A.M.100.C.4 R:0.04598 P:0.09375 F:0.06170
4 ROUGE-2 Eval D1016-A.M.100.C.4 R:0.05936 P:0.10484 F:0.07580
4 ROUGE-2 Eval D1017-A.M.100.D.4 R:0.03320 P:0.04444 F:0.03801
4 ROUGE-2 Eval D1018-A.M.100.D.4 R:0.02553 P:0.04286 F:0.03200
4 ROUGE-2 Eval D1019-A.M.100.D.4 R:0.05085 P:0.05172 F:0.05128
4 ROUGE-2 Eval D1020-A.M.100.D.4 R:0.00000 P:0.00000 F:0.00000
4 ROUGE-2 Eval D1021-A.M.100.D.4 R:0.04310 P:0.08333 F:0.05681
4 ROUGE-2 Eval D1022-A.M.100.D.4 R:0.05106 P:0.07143 F:0.05955
4 ROUGE-2 Eval D1023-A.M.100.E.4 R:0.00000 P:0.00000 F:0.00000
4 ROUGE-2 Eval D1024-A.M.100.E.4 R:0.01695 P:0.01786 F:0.01739
4 ROUGE-2 Eval D1025-A.M.100.E.4 R:0.03153 P:0.04268 F:0.03627
4 ROUGE-2 Eval D1026-A.M.100.E.4 R:0.00000 P:0.00000 F:0.00000
4 ROUGE-2 Eval D1027-A.M.100.E.4 R:0.08871 P:0.11224 F:0.09910
4 ROUGE-2 Eval D1028-A.M.100.E.4 R:0.08898 P:0.10500 F:0.09633
4 ROUGE-2 Eval D1029-A.M.100.F.4 R:0.00424 P:0.00806 F:0.00556
4 ROUGE-2 Eval D1030-A.M.100.F.4 R:0.00000 P:0.00000 F:0.00000
4 ROUGE-2 Eval D1031-A.M.100.F.4 R:0.00000 P:0.00000 F:0.00000
4 ROUGE-2 Eval D1032-A.M.100.F.4 R:0.03876 P:0.05556 F:0.04566
4 ROUGE-2 Eval D1033-A.M.100.F.4 R:0.06303 P:0.09615 F:0.07614
4 ROUGE-2 Eval D1034-A.M.100.F.4 R:0.00000 P:0.00000 F:0.00000
4 ROUGE-2 Eval D1035-A.M.100.G.4 R:0.01653 P:0.04545 F:0.02424
4 ROUGE-2 Eval D1036-A.M.100.G.4 R:0.00830 P:0.01190 F:0.00978
4 ROUGE-2 Eval D1037-A.M.100.G.4 R:0.00000 P:0.00000 F:0.00000
4 ROUGE-2 Eval D1038-A.M.100.G.4 R:0.01992 P:0.03289 F:0.02481
4 ROUGE-2 Eval D1039-A.M.100.G.4 R:0.07469 P:0.10465 F:0.08717
4 ROUGE-2 Eval D1040-A.M.100.G.4 R:0.07359 P:0.11806 F:0.09067
4 ROUGE-2 Eval D1041-A.M.100.H.4 R:0.00000 P:0.00000 F:0.00000
4 ROUGE-2 Eval D1042-A.M.100.H.4 R:0.02283 P:0.03378 F:0.02725
4 ROUGE-2 Eval D1043-A.M.100.H.4 R:0.15948 P:0.18878 F:0.17290
4 ROUGE-2 Eval D1044-A.M.100.H.4 R:0.03433 P:0.05128 F:0.04113
4 ROUGE-2 Eval D1045-A.M.100.H.4 R:0.04800 P:0.10714 F:0.06630
4 ROUGE-2 Eval D1046-A.M.100.H.4 R:0.00800 P:0.02273 F:0.01183
---------------------------------------------
4 ROUGE-3 Average_R: 0.01212 ( 95%-conf.int. 0.00655 - 0.01933)
4 ROUGE-3 Average_P: 0.01777 ( 95%-conf.int. 0.00997 - 0.02817)
4 ROUGE-3 Average_F: 0.01431 ( 95%-conf.int. 0.00784 - 0.02283)
.............................................
4 ROUGE-3 Eval D1001-A.M.100.A.4 R:0.00000 P:0.00000 F:0.00000
4 ROUGE-3 Eval D1002-A.M.100.A.4 R:0.00000 P:0.00000 F:0.00000
4 ROUGE-3 Eval D1003-A.M.100.A.4 R:0.00000 P:0.00000 F:0.00000
4 ROUGE-3 Eval D1004-A.M.100.A.4 R:0.02564 P:0.03846 F:0.03077
4 ROUGE-3 Eval D1005-A.M.100.A.4 R:0.01695 P:0.02439 F:0.02000
4 ROUGE-3 Eval D1006-A.M.100.A.4 R:0.00000 P:0.00000 F:0.00000
4 ROUGE-3 Eval D1007-A.M.100.B.4 R:0.00000 P:0.00000 F:0.00000
4 ROUGE-3 Eval D1008-A.M.100.B.4 R:0.00000 P:0.00000 F:0.00000
4 ROUGE-3 Eval D1009-A.M.100.B.4 R:0.00000 P:0.00000 F:0.00000
4 ROUGE-3 Eval D1010-A.M.100.B.4 R:0.11983 P:0.18125 F:0.14428
4 ROUGE-3 Eval D1011-A.M.100.C.4 R:0.00000 P:0.00000 F:0.00000
4 ROUGE-3 Eval D1012-A.M.100.C.4 R:0.00000 P:0.00000 F:0.00000
4 ROUGE-3 Eval D1013-A.M.100.C.4 R:0.00000 P:0.00000 F:0.00000
4 ROUGE-3 Eval D1014-A.M.100.C.4 R:0.00000 P:0.00000 F:0.00000
4 ROUGE-3 Eval D1015-A.M.100.C.4 R:0.01556 P:0.03226 F:0.02099
4 ROUGE-3 Eval D1016-A.M.100.C.4 R:0.01860 P:0.03333 F:0.02388
4 ROUGE-3 Eval D1017-A.M.100.D.4 R:0.00844 P:0.01136 F:0.00968
4 ROUGE-3 Eval D1018-A.M.100.D.4 R:0.01299 P:0.02206 F:0.01635
4 ROUGE-3 Eval D1019-A.M.100.D.4 R:0.00431 P:0.00439 F:0.00435
4 ROUGE-3 Eval D1020-A.M.100.D.4 R:0.00000 P:0.00000 F:0.00000
4 ROUGE-3 Eval D1021-A.M.100.D.4 R:0.01316 P:0.02586 F:0.01744
4 ROUGE-3 Eval D1022-A.M.100.D.4 R:0.01299 P:0.01829 F:0.01519
4 ROUGE-3 Eval D1023-A.M.100.E.4 R:0.00000 P:0.00000 F:0.00000
4 ROUGE-3 Eval D1024-A.M.100.E.4 R:0.00431 P:0.00455 F:0.00443
4 ROUGE-3 Eval D1025-A.M.100.E.4 R:0.01376 P:0.01875 F:0.01587
4 ROUGE-3 Eval D1026-A.M.100.E.4 R:0.00000 P:0.00000 F:0.00000
4 ROUGE-3 Eval D1027-A.M.100.E.4 R:0.04098 P:0.05208 F:0.04587
4 ROUGE-3 Eval D1028-A.M.100.E.4 R:0.03017 P:0.03571 F:0.03271
4 ROUGE-3 Eval D1029-A.M.100.F.4 R:0.00000 P:0.00000 F:0.00000
4 ROUGE-3 Eval D1030-A.M.100.F.4 R:0.00000 P:0.00000 F:0.00000
4 ROUGE-3 Eval D1031-A.M.100.F.4 R:0.00000 P:0.00000 F:0.00000
4 ROUGE-3 Eval D1032-A.M.100.F.4 R:0.01181 P:0.01705 F:0.01395
4 ROUGE-3 Eval D1033-A.M.100.F.4 R:0.00855 P:0.01316 F:0.01037
4 ROUGE-3 Eval D1034-A.M.100.F.4 R:0.00000 P:0.00000 F:0.00000
4 ROUGE-3 Eval D1035-A.M.100.G.4 R:0.00000 P:0.00000 F:0.00000
4 ROUGE-3 Eval D1036-A.M.100.G.4 R:0.00000 P:0.00000 F:0.00000
4 ROUGE-3 Eval D1037-A.M.100.G.4 R:0.00000 P:0.00000 F:0.00000
4 ROUGE-3 Eval D1038-A.M.100.G.4 R:0.00810 P:0.01351 F:0.01013
4 ROUGE-3 Eval D1039-A.M.100.G.4 R:0.02532 P:0.03571 F:0.02963
4 ROUGE-3 Eval D1040-A.M.100.G.4 R:0.04405 P:0.07143 F:0.05449
4 ROUGE-3 Eval D1041-A.M.100.H.4 R:0.00000 P:0.00000 F:0.00000
4 ROUGE-3 Eval D1042-A.M.100.H.4 R:0.00465 P:0.00694 F:0.00557
4 ROUGE-3 Eval D1043-A.M.100.H.4 R:0.09211 P:0.10938 F:0.10000
4 ROUGE-3 Eval D1044-A.M.100.H.4 R:0.01310 P:0.01974 F:0.01575
4 ROUGE-3 Eval D1045-A.M.100.H.4 R:0.01220 P:0.02778 F:0.01695
4 ROUGE-3 Eval D1046-A.M.100.H.4 R:0.00000 P:0.00000 F:0.00000
---------------------------------------------
4 ROUGE-4 Average_R: 0.00491 ( 95%-conf.int. 0.00133 - 0.00992)
4 ROUGE-4 Average_P: 0.00717 ( 95%-conf.int. 0.00212 - 0.01446)
4 ROUGE-4 Average_F: 0.00580 ( 95%-conf.int. 0.00163 - 0.01161)
.............................................
4 ROUGE-4 Eval D1001-A.M.100.A.4 R:0.00000 P:0.00000 F:0.00000
4 ROUGE-4 Eval D1002-A.M.100.A.4 R:0.00000 P:0.00000 F:0.00000
4 ROUGE-4 Eval D1003-A.M.100.A.4 R:0.00000 P:0.00000 F:0.00000
4 ROUGE-4 Eval D1004-A.M.100.A.4 R:0.00435 P:0.00658 F:0.00524
4 ROUGE-4 Eval D1005-A.M.100.A.4 R:0.00000 P:0.00000 F:0.00000
4 ROUGE-4 Eval D1006-A.M.100.A.4 R:0.00000 P:0.00000 F:0.00000
4 ROUGE-4 Eval D1007-A.M.100.B.4 R:0.00000 P:0.00000 F:0.00000
4 ROUGE-4 Eval D1008-A.M.100.B.4 R:0.00000 P:0.00000 F:0.00000
4 ROUGE-4 Eval D1009-A.M.100.B.4 R:0.00000 P:0.00000 F:0.00000
4 ROUGE-4 Eval D1010-A.M.100.B.4 R:0.08824 P:0.13462 F:0.10660
4 ROUGE-4 Eval D1011-A.M.100.C.4 R:0.00000 P:0.00000 F:0.00000
4 ROUGE-4 Eval D1012-A.M.100.C.4 R:0.00000 P:0.00000 F:0.00000
4 ROUGE-4 Eval D1013-A.M.100.C.4 R:0.00000 P:0.00000 F:0.00000
4 ROUGE-4 Eval D1014-A.M.100.C.4 R:0.00000 P:0.00000 F:0.00000
4 ROUGE-4 Eval D1015-A.M.100.C.4 R:0.00000 P:0.00000 F:0.00000
4 ROUGE-4 Eval D1016-A.M.100.C.4 R:0.00000 P:0.00000 F:0.00000
4 ROUGE-4 Eval D1017-A.M.100.D.4 R:0.00000 P:0.00000 F:0.00000
4 ROUGE-4 Eval D1018-A.M.100.D.4 R:0.00881 P:0.01515 F:0.01114
4 ROUGE-4 Eval D1019-A.M.100.D.4 R:0.00000 P:0.00000 F:0.00000
4 ROUGE-4 Eval D1020-A.M.100.D.4 R:0.00000 P:0.00000 F:0.00000
4 ROUGE-4 Eval D1021-A.M.100.D.4 R:0.00446 P:0.00893 F:0.00595
4 ROUGE-4 Eval D1022-A.M.100.D.4 R:0.00000 P:0.00000 F:0.00000
4 ROUGE-4 Eval D1023-A.M.100.E.4 R:0.00000 P:0.00000 F:0.00000
4 ROUGE-4 Eval D1024-A.M.100.E.4 R:0.00000 P:0.00000 F:0.00000
4 ROUGE-4 Eval D1025-A.M.100.E.4 R:0.00000 P:0.00000 F:0.00000
4 ROUGE-4 Eval D1026-A.M.100.E.4 R:0.00000 P:0.00000 F:0.00000
4 ROUGE-4 Eval D1027-A.M.100.E.4 R:0.00833 P:0.01064 F:0.00934
4 ROUGE-4 Eval D1028-A.M.100.E.4 R:0.00877 P:0.01042 F:0.00952
4 ROUGE-4 Eval D1029-A.M.100.F.4 R:0.00000 P:0.00000 F:0.00000
4 ROUGE-4 Eval D1030-A.M.100.F.4 R:0.00000 P:0.00000 F:0.00000
4 ROUGE-4 Eval D1031-A.M.100.F.4 R:0.00000 P:0.00000 F:0.00000
4 ROUGE-4 Eval D1032-A.M.100.F.4 R:0.00000 P:0.00000 F:0.00000
4 ROUGE-4 Eval D1033-A.M.100.F.4 R:0.00000 P:0.00000 F:0.00000
4 ROUGE-4 Eval D1034-A.M.100.F.4 R:0.00000 P:0.00000 F:0.00000
4 ROUGE-4 Eval D1035-A.M.100.G.4 R:0.00000 P:0.00000 F:0.00000
4 ROUGE-4 Eval D1036-A.M.100.G.4 R:0.00000 P:0.00000 F:0.00000
4 ROUGE-4 Eval D1037-A.M.100.G.4 R:0.00000 P:0.00000 F:0.00000
4 ROUGE-4 Eval D1038-A.M.100.G.4 R:0.00000 P:0.00000 F:0.00000
4 ROUGE-4 Eval D1039-A.M.100.G.4 R:0.00429 P:0.00610 F:0.00504
4 ROUGE-4 Eval D1040-A.M.100.G.4 R:0.02691 P:0.04412 F:0.03343
4 ROUGE-4 Eval D1041-A.M.100.H.4 R:0.00000 P:0.00000 F:0.00000
4 ROUGE-4 Eval D1042-A.M.100.H.4 R:0.00000 P:0.00000 F:0.00000
4 ROUGE-4 Eval D1043-A.M.100.H.4 R:0.05804 P:0.06915 F:0.06311
4 ROUGE-4 Eval D1044-A.M.100.H.4 R:0.00889 P:0.01351 F:0.01072
4 ROUGE-4 Eval D1045-A.M.100.H.4 R:0.00413 P:0.00962 F:0.00578
4 ROUGE-4 Eval D1046-A.M.100.H.4 R:0.00000 P:0.00000 F:0.00000
