---------------------------------------------
4 ROUGE-1 Average_R: 0.13466 ( 95%-conf.int. 0.11882 - 0.15067)
4 ROUGE-1 Average_P: 0.22297 ( 95%-conf.int. 0.19506 - 0.25411)
4 ROUGE-1 Average_F: 0.16504 ( 95%-conf.int. 0.14605 - 0.18448)
.............................................
4 ROUGE-1 Eval D1001-A.M.100.A.4 R:0.16049 P:0.24375 F:0.19355
4 ROUGE-1 Eval D1002-A.M.100.A.4 R:0.17155 P:0.39423 F:0.23907
4 ROUGE-1 Eval D1003-A.M.100.A.4 R:0.15152 P:0.25000 F:0.18868
4 ROUGE-1 Eval D1004-A.M.100.A.4 R:0.20661 P:0.33784 F:0.25641
4 ROUGE-1 Eval D1005-A.M.100.A.4 R:0.16803 P:0.25625 F:0.20297
4 ROUGE-1 Eval D1006-A.M.100.A.4 R:0.09962 P:0.14130 F:0.11685
4 ROUGE-1 Eval D1007-A.M.100.B.4 R:0.16444 P:0.21023 F:0.18454
4 ROUGE-1 Eval D1008-A.M.100.B.4 R:0.04032 P:0.05814 F:0.04762
4 ROUGE-1 Eval D1009-A.M.100.B.4 R:0.09292 P:0.13816 F:0.11111
4 ROUGE-1 Eval D1010-A.M.100.B.4 R:0.13600 P:0.34000 F:0.19429
4 ROUGE-1 Eval D1011-A.M.100.C.4 R:0.08190 P:0.12179 F:0.09794
4 ROUGE-1 Eval D1012-A.M.100.C.4 R:0.18293 P:0.40179 F:0.25140
4 ROUGE-1 Eval D1013-A.M.100.C.4 R:0.10442 P:0.15116 F:0.12352
4 ROUGE-1 Eval D1014-A.M.100.C.4 R:0.12971 P:0.19375 F:0.15539
4 ROUGE-1 Eval D1015-A.M.100.C.4 R:0.07925 P:0.17500 F:0.10910
4 ROUGE-1 Eval D1016-A.M.100.C.4 R:0.17040 P:0.47500 F:0.25082
4 ROUGE-1 Eval D1017-A.M.100.D.4 R:0.13878 P:0.19318 F:0.16152
4 ROUGE-1 Eval D1018-A.M.100.D.4 R:0.08787 P:0.08203 F:0.08485
4 ROUGE-1 Eval D1019-A.M.100.D.4 R:0.14167 P:0.17708 F:0.15741
4 ROUGE-1 Eval D1020-A.M.100.D.4 R:0.11570 P:0.14894 F:0.13023
4 ROUGE-1 Eval D1021-A.M.100.D.4 R:0.02119 P:0.03571 F:0.02660
4 ROUGE-1 Eval D1022-A.M.100.D.4 R:0.13808 P:0.25781 F:0.17984
4 ROUGE-1 Eval D1023-A.M.100.E.4 R:0.06198 P:0.06466 F:0.06329
4 ROUGE-1 Eval D1024-A.M.100.E.4 R:0.17083 P:0.21809 F:0.19159
4 ROUGE-1 Eval D1025-A.M.100.E.4 R:0.15487 P:0.25000 F:0.19126
4 ROUGE-1 Eval D1026-A.M.100.E.4 R:0.11111 P:0.23214 F:0.15029
4 ROUGE-1 Eval D1027-A.M.100.E.4 R:0.22222 P:0.34146 F:0.26923
4 ROUGE-1 Eval D1028-A.M.100.E.4 R:0.17083 P:0.22283 F:0.19340
4 ROUGE-1 Eval D1029-A.M.100.F.4 R:0.15833 P:0.20652 F:0.17924
4 ROUGE-1 Eval D1030-A.M.100.F.4 R:0.01190 P:0.01667 F:0.01389
4 ROUGE-1 Eval D1031-A.M.100.F.4 R:0.10204 P:0.18382 F:0.13123
4 ROUGE-1 Eval D1032-A.M.100.F.4 R:0.20992 P:0.39286 F:0.27363
4 ROUGE-1 Eval D1033-A.M.100.F.4 R:0.21074 P:0.31875 F:0.25373
4 ROUGE-1 Eval D1034-A.M.100.F.4 R:0.08642 P:0.10500 F:0.09481
4 ROUGE-1 Eval D1035-A.M.100.G.4 R:0.17480 P:0.23889 F:0.20188
4 ROUGE-1 Eval D1036-A.M.100.G.4 R:0.17551 P:0.25595 F:0.20823
4 ROUGE-1 Eval D1037-A.M.100.G.4 R:0.06019 P:0.12037 F:0.08025
4 ROUGE-1 Eval D1038-A.M.100.G.4 R:0.06275 P:0.33333 F:0.10562
4 ROUGE-1 Eval D1039-A.M.100.G.4 R:0.25714 P:0.30288 F:0.27814
4 ROUGE-1 Eval D1040-A.M.100.G.4 R:0.12766 P:0.20270 F:0.15666
4 ROUGE-1 Eval D1041-A.M.100.H.4 R:0.06299 P:0.19048 F:0.09467
4 ROUGE-1 Eval D1042-A.M.100.H.4 R:0.19731 P:0.32353 F:0.24513
4 ROUGE-1 Eval D1043-A.M.100.H.4 R:0.18644 P:0.29730 F:0.22917
4 ROUGE-1 Eval D1044-A.M.100.H.4 R:0.17722 P:0.25610 F:0.20948
4 ROUGE-1 Eval D1045-A.M.100.H.4 R:0.13780 P:0.24306 F:0.17588
4 ROUGE-1 Eval D1046-A.M.100.H.4 R:0.11417 P:0.15761 F:0.13242
---------------------------------------------
4 ROUGE-2 Average_R: 0.03378 ( 95%-conf.int. 0.02627 - 0.04212)
4 ROUGE-2 Average_P: 0.05996 ( 95%-conf.int. 0.04534 - 0.07609)
4 ROUGE-2 Average_F: 0.04230 ( 95%-conf.int. 0.03266 - 0.05314)
.............................................
4 ROUGE-2 Eval D1001-A.M.100.A.4 R:0.05439 P:0.08333 F:0.06582
4 ROUGE-2 Eval D1002-A.M.100.A.4 R:0.07660 P:0.18000 F:0.10747
4 ROUGE-2 Eval D1003-A.M.100.A.4 R:0.03965 P:0.06618 F:0.04959
4 ROUGE-2 Eval D1004-A.M.100.A.4 R:0.04202 P:0.06944 F:0.05236
4 ROUGE-2 Eval D1005-A.M.100.A.4 R:0.05000 P:0.07692 F:0.06061
4 ROUGE-2 Eval D1006-A.M.100.A.4 R:0.00389 P:0.00556 F:0.00458
4 ROUGE-2 Eval D1007-A.M.100.B.4 R:0.03620 P:0.04651 F:0.04071
4 ROUGE-2 Eval D1008-A.M.100.B.4 R:0.00410 P:0.00595 F:0.00485
4 ROUGE-2 Eval D1009-A.M.100.B.4 R:0.00000 P:0.00000 F:0.00000
4 ROUGE-2 Eval D1010-A.M.100.B.4 R:0.05285 P:0.13542 F:0.07603
4 ROUGE-2 Eval D1011-A.M.100.C.4 R:0.00000 P:0.00000 F:0.00000
4 ROUGE-2 Eval D1012-A.M.100.C.4 R:0.07438 P:0.16667 F:0.10286
4 ROUGE-2 Eval D1013-A.M.100.C.4 R:0.02449 P:0.03571 F:0.02905
4 ROUGE-2 Eval D1014-A.M.100.C.4 R:0.00000 P:0.00000 F:0.00000
4 ROUGE-2 Eval D1015-A.M.100.C.4 R:0.01149 P:0.02586 F:0.01591
4 ROUGE-2 Eval D1016-A.M.100.C.4 R:0.06849 P:0.19737 F:0.10169
4 ROUGE-2 Eval D1017-A.M.100.D.4 R:0.01245 P:0.01744 F:0.01453
4 ROUGE-2 Eval D1018-A.M.100.D.4 R:0.01277 P:0.01190 F:0.01232
4 ROUGE-2 Eval D1019-A.M.100.D.4 R:0.03390 P:0.04255 F:0.03774
4 ROUGE-2 Eval D1020-A.M.100.D.4 R:0.02101 P:0.02717 F:0.02370
4 ROUGE-2 Eval D1021-A.M.100.D.4 R:0.00431 P:0.00735 F:0.00543
4 ROUGE-2 Eval D1022-A.M.100.D.4 R:0.02979 P:0.05645 F:0.03900
4 ROUGE-2 Eval D1023-A.M.100.E.4 R:0.00840 P:0.00877 F:0.00858
4 ROUGE-2 Eval D1024-A.M.100.E.4 R:0.04237 P:0.05435 F:0.04762
4 ROUGE-2 Eval D1025-A.M.100.E.4 R:0.05405 P:0.08824 F:0.06704
4 ROUGE-2 Eval D1026-A.M.100.E.4 R:0.01739 P:0.03704 F:0.02367
4 ROUGE-2 Eval D1027-A.M.100.E.4 R:0.07661 P:0.11875 F:0.09314
4 ROUGE-2 Eval D1028-A.M.100.E.4 R:0.02542 P:0.03333 F:0.02884
4 ROUGE-2 Eval D1029-A.M.100.F.4 R:0.02966 P:0.03889 F:0.03365
4 ROUGE-2 Eval D1030-A.M.100.F.4 R:0.00000 P:0.00000 F:0.00000
4 ROUGE-2 Eval D1031-A.M.100.F.4 R:0.01245 P:0.02273 F:0.01609
4 ROUGE-2 Eval D1032-A.M.100.F.4 R:0.06977 P:0.13235 F:0.09137
4 ROUGE-2 Eval D1033-A.M.100.F.4 R:0.06303 P:0.09615 F:0.07614
4 ROUGE-2 Eval D1034-A.M.100.F.4 R:0.01674 P:0.02041 F:0.01839
4 ROUGE-2 Eval D1035-A.M.100.G.4 R:0.04132 P:0.05682 F:0.04785
4 ROUGE-2 Eval D1036-A.M.100.G.4 R:0.02075 P:0.03049 F:0.02469
4 ROUGE-2 Eval D1037-A.M.100.G.4 R:0.01887 P:0.03846 F:0.02532
4 ROUGE-2 Eval D1038-A.M.100.G.4 R:0.01992 P:0.11364 F:0.03390
4 ROUGE-2 Eval D1039-A.M.100.G.4 R:0.10373 P:0.12255 F:0.11236
4 ROUGE-2 Eval D1040-A.M.100.G.4 R:0.03896 P:0.06250 F:0.04800
4 ROUGE-2 Eval D1041-A.M.100.H.4 R:0.02400 P:0.07500 F:0.03636
4 ROUGE-2 Eval D1042-A.M.100.H.4 R:0.08676 P:0.14394 F:0.10826
4 ROUGE-2 Eval D1043-A.M.100.H.4 R:0.07328 P:0.11806 F:0.09043
4 ROUGE-2 Eval D1044-A.M.100.H.4 R:0.03004 P:0.04375 F:0.03562
4 ROUGE-2 Eval D1045-A.M.100.H.4 R:0.02800 P:0.05000 F:0.03590
4 ROUGE-2 Eval D1046-A.M.100.H.4 R:0.00400 P:0.00556 F:0.00465
---------------------------------------------
4 ROUGE-3 Average_R: 0.00957 ( 95%-conf.int. 0.00611 - 0.01363)
4 ROUGE-3 Average_P: 0.01876 ( 95%-conf.int. 0.01142 - 0.02686)
4 ROUGE-3 Average_F: 0.01236 ( 95%-conf.int. 0.00778 - 0.01777)
.............................................
4 ROUGE-3 Eval D1001-A.M.100.A.4 R:0.02553 P:0.03947 F:0.03101
4 ROUGE-3 Eval D1002-A.M.100.A.4 R:0.02597 P:0.06250 F:0.03669
4 ROUGE-3 Eval D1003-A.M.100.A.4 R:0.00448 P:0.00758 F:0.00563
4 ROUGE-3 Eval D1004-A.M.100.A.4 R:0.00427 P:0.00714 F:0.00534
4 ROUGE-3 Eval D1005-A.M.100.A.4 R:0.02119 P:0.03289 F:0.02577
4 ROUGE-3 Eval D1006-A.M.100.A.4 R:0.00000 P:0.00000 F:0.00000
4 ROUGE-3 Eval D1007-A.M.100.B.4 R:0.00000 P:0.00000 F:0.00000
4 ROUGE-3 Eval D1008-A.M.100.B.4 R:0.00000 P:0.00000 F:0.00000
4 ROUGE-3 Eval D1009-A.M.100.B.4 R:0.00000 P:0.00000 F:0.00000
4 ROUGE-3 Eval D1010-A.M.100.B.4 R:0.02479 P:0.06522 F:0.03592
4 ROUGE-3 Eval D1011-A.M.100.C.4 R:0.00000 P:0.00000 F:0.00000
4 ROUGE-3 Eval D1012-A.M.100.C.4 R:0.04202 P:0.09615 F:0.05848
4 ROUGE-3 Eval D1013-A.M.100.C.4 R:0.00000 P:0.00000 F:0.00000
4 ROUGE-3 Eval D1014-A.M.100.C.4 R:0.00000 P:0.00000 F:0.00000
4 ROUGE-3 Eval D1015-A.M.100.C.4 R:0.00000 P:0.00000 F:0.00000
4 ROUGE-3 Eval D1016-A.M.100.C.4 R:0.03256 P:0.09722 F:0.04878
4 ROUGE-3 Eval D1017-A.M.100.D.4 R:0.00000 P:0.00000 F:0.00000
4 ROUGE-3 Eval D1018-A.M.100.D.4 R:0.00000 P:0.00000 F:0.00000
4 ROUGE-3 Eval D1019-A.M.100.D.4 R:0.01293 P:0.01630 F:0.01442
4 ROUGE-3 Eval D1020-A.M.100.D.4 R:0.00000 P:0.00000 F:0.00000
4 ROUGE-3 Eval D1021-A.M.100.D.4 R:0.00000 P:0.00000 F:0.00000
4 ROUGE-3 Eval D1022-A.M.100.D.4 R:0.00866 P:0.01667 F:0.01140
4 ROUGE-3 Eval D1023-A.M.100.E.4 R:0.00000 P:0.00000 F:0.00000
4 ROUGE-3 Eval D1024-A.M.100.E.4 R:0.00000 P:0.00000 F:0.00000
4 ROUGE-3 Eval D1025-A.M.100.E.4 R:0.01835 P:0.03030 F:0.02286
4 ROUGE-3 Eval D1026-A.M.100.E.4 R:0.00000 P:0.00000 F:0.00000
4 ROUGE-3 Eval D1027-A.M.100.E.4 R:0.00820 P:0.01282 F:0.01000
4 ROUGE-3 Eval D1028-A.M.100.E.4 R:0.00862 P:0.01136 F:0.00980
4 ROUGE-3 Eval D1029-A.M.100.F.4 R:0.00431 P:0.00568 F:0.00490
4 ROUGE-3 Eval D1030-A.M.100.F.4 R:0.00000 P:0.00000 F:0.00000
4 ROUGE-3 Eval D1031-A.M.100.F.4 R:0.00000 P:0.00000 F:0.00000
4 ROUGE-3 Eval D1032-A.M.100.F.4 R:0.02362 P:0.04545 F:0.03109
4 ROUGE-3 Eval D1033-A.M.100.F.4 R:0.00855 P:0.01316 F:0.01037
4 ROUGE-3 Eval D1034-A.M.100.F.4 R:0.00426 P:0.00521 F:0.00469
4 ROUGE-3 Eval D1035-A.M.100.G.4 R:0.00000 P:0.00000 F:0.00000
4 ROUGE-3 Eval D1036-A.M.100.G.4 R:0.00000 P:0.00000 F:0.00000
4 ROUGE-3 Eval D1037-A.M.100.G.4 R:0.00000 P:0.00000 F:0.00000
4 ROUGE-3 Eval D1038-A.M.100.G.4 R:0.00810 P:0.05000 F:0.01394
4 ROUGE-3 Eval D1039-A.M.100.G.4 R:0.03376 P:0.04000 F:0.03662
4 ROUGE-3 Eval D1040-A.M.100.G.4 R:0.00881 P:0.01429 F:0.01090
4 ROUGE-3 Eval D1041-A.M.100.H.4 R:0.00813 P:0.02632 F:0.01242
4 ROUGE-3 Eval D1042-A.M.100.H.4 R:0.03256 P:0.05469 F:0.04082
4 ROUGE-3 Eval D1043-A.M.100.H.4 R:0.05263 P:0.08571 F:0.06521
4 ROUGE-3 Eval D1044-A.M.100.H.4 R:0.01310 P:0.01923 F:0.01558
4 ROUGE-3 Eval D1045-A.M.100.H.4 R:0.00813 P:0.01471 F:0.01047
4 ROUGE-3 Eval D1046-A.M.100.H.4 R:0.00000 P:0.00000 F:0.00000
---------------------------------------------
4 ROUGE-4 Average_R: 0.00285 ( 95%-conf.int. 0.00112 - 0.00520)
4 ROUGE-4 Average_P: 0.00599 ( 95%-conf.int. 0.00230 - 0.01081)
4 ROUGE-4 Average_F: 0.00380 ( 95%-conf.int. 0.00145 - 0.00690)
.............................................
4 ROUGE-4 Eval D1001-A.M.100.A.4 R:0.00433 P:0.00676 F:0.00528
4 ROUGE-4 Eval D1002-A.M.100.A.4 R:0.00881 P:0.02174 F:0.01254
4 ROUGE-4 Eval D1003-A.M.100.A.4 R:0.00000 P:0.00000 F:0.00000
4 ROUGE-4 Eval D1004-A.M.100.A.4 R:0.00000 P:0.00000 F:0.00000
4 ROUGE-4 Eval D1005-A.M.100.A.4 R:0.00000 P:0.00000 F:0.00000
4 ROUGE-4 Eval D1006-A.M.100.A.4 R:0.00000 P:0.00000 F:0.00000
4 ROUGE-4 Eval D1007-A.M.100.B.4 R:0.00000 P:0.00000 F:0.00000
4 ROUGE-4 Eval D1008-A.M.100.B.4 R:0.00000 P:0.00000 F:0.00000
4 ROUGE-4 Eval D1009-A.M.100.B.4 R:0.00000 P:0.00000 F:0.00000
4 ROUGE-4 Eval D1010-A.M.100.B.4 R:0.00840 P:0.02273 F:0.01227
4 ROUGE-4 Eval D1011-A.M.100.C.4 R:0.00000 P:0.00000 F:0.00000
4 ROUGE-4 Eval D1012-A.M.100.C.4 R:0.02564 P:0.06000 F:0.03593
4 ROUGE-4 Eval D1013-A.M.100.C.4 R:0.00000 P:0.00000 F:0.00000
4 ROUGE-4 Eval D1014-A.M.100.C.4 R:0.00000 P:0.00000 F:0.00000
4 ROUGE-4 Eval D1015-A.M.100.C.4 R:0.00000 P:0.00000 F:0.00000
4 ROUGE-4 Eval D1016-A.M.100.C.4 R:0.01896 P:0.05882 F:0.02868
4 ROUGE-4 Eval D1017-A.M.100.D.4 R:0.00000 P:0.00000 F:0.00000
4 ROUGE-4 Eval D1018-A.M.100.D.4 R:0.00000 P:0.00000 F:0.00000
4 ROUGE-4 Eval D1019-A.M.100.D.4 R:0.00000 P:0.00000 F:0.00000
4 ROUGE-4 Eval D1020-A.M.100.D.4 R:0.00000 P:0.00000 F:0.00000
4 ROUGE-4 Eval D1021-A.M.100.D.4 R:0.00000 P:0.00000 F:0.00000
4 ROUGE-4 Eval D1022-A.M.100.D.4 R:0.00441 P:0.00862 F:0.00583
4 ROUGE-4 Eval D1023-A.M.100.E.4 R:0.00000 P:0.00000 F:0.00000
4 ROUGE-4 Eval D1024-A.M.100.E.4 R:0.00000 P:0.00000 F:0.00000
4 ROUGE-4 Eval D1025-A.M.100.E.4 R:0.00000 P:0.00000 F:0.00000
4 ROUGE-4 Eval D1026-A.M.100.E.4 R:0.00000 P:0.00000 F:0.00000
4 ROUGE-4 Eval D1027-A.M.100.E.4 R:0.00000 P:0.00000 F:0.00000
4 ROUGE-4 Eval D1028-A.M.100.E.4 R:0.00439 P:0.00581 F:0.00500
4 ROUGE-4 Eval D1029-A.M.100.F.4 R:0.00000 P:0.00000 F:0.00000
4 ROUGE-4 Eval D1030-A.M.100.F.4 R:0.00000 P:0.00000 F:0.00000
4 ROUGE-4 Eval D1031-A.M.100.F.4 R:0.00000 P:0.00000 F:0.00000
4 ROUGE-4 Eval D1032-A.M.100.F.4 R:0.00800 P:0.01562 F:0.01058
4 ROUGE-4 Eval D1033-A.M.100.F.4 R:0.00000 P:0.00000 F:0.00000
4 ROUGE-4 Eval D1034-A.M.100.F.4 R:0.00000 P:0.00000 F:0.00000
4 ROUGE-4 Eval D1035-A.M.100.G.4 R:0.00000 P:0.00000 F:0.00000
4 ROUGE-4 Eval D1036-A.M.100.G.4 R:0.00000 P:0.00000 F:0.00000
4 ROUGE-4 Eval D1037-A.M.100.G.4 R:0.00000 P:0.00000 F:0.00000
4 ROUGE-4 Eval D1038-A.M.100.G.4 R:0.00000 P:0.00000 F:0.00000
4 ROUGE-4 Eval D1039-A.M.100.G.4 R:0.00429 P:0.00510 F:0.00466
4 ROUGE-4 Eval D1040-A.M.100.G.4 R:0.00000 P:0.00000 F:0.00000
4 ROUGE-4 Eval D1041-A.M.100.H.4 R:0.00000 P:0.00000 F:0.00000
4 ROUGE-4 Eval D1042-A.M.100.H.4 R:0.00000 P:0.00000 F:0.00000
4 ROUGE-4 Eval D1043-A.M.100.H.4 R:0.03571 P:0.05882 F:0.04444
4 ROUGE-4 Eval D1044-A.M.100.H.4 R:0.00889 P:0.01316 F:0.01061
4 ROUGE-4 Eval D1045-A.M.100.H.4 R:0.00000 P:0.00000 F:0.00000
4 ROUGE-4 Eval D1046-A.M.100.H.4 R:0.00000 P:0.00000 F:0.00000
