---------------------------------------------
4 ROUGE-1 Average_R: 0.16598 ( 95%-conf.int. 0.14564 - 0.18558)
4 ROUGE-1 Average_P: 0.20828 ( 95%-conf.int. 0.18442 - 0.23142)
4 ROUGE-1 Average_F: 0.18375 ( 95%-conf.int. 0.16193 - 0.20492)
.............................................
4 ROUGE-1 Eval D1001-A.M.100.A.4 R:0.16461 P:0.22222 F:0.18913
4 ROUGE-1 Eval D1002-A.M.100.A.4 R:0.05439 P:0.08125 F:0.06516
4 ROUGE-1 Eval D1003-A.M.100.A.4 R:0.21645 P:0.27174 F:0.24096
4 ROUGE-1 Eval D1004-A.M.100.A.4 R:0.21901 P:0.27604 F:0.24424
4 ROUGE-1 Eval D1005-A.M.100.A.4 R:0.27049 P:0.35106 F:0.30555
4 ROUGE-1 Eval D1006-A.M.100.A.4 R:0.18391 P:0.27273 F:0.21968
4 ROUGE-1 Eval D1007-A.M.100.B.4 R:0.28000 P:0.33511 F:0.30509
4 ROUGE-1 Eval D1008-A.M.100.B.4 R:0.08871 P:0.13095 F:0.10577
4 ROUGE-1 Eval D1009-A.M.100.B.4 R:0.12389 P:0.16279 F:0.14070
4 ROUGE-1 Eval D1010-A.M.100.B.4 R:0.24000 P:0.25424 F:0.24691
4 ROUGE-1 Eval D1011-A.M.100.C.4 R:0.09052 P:0.10714 F:0.09813
4 ROUGE-1 Eval D1012-A.M.100.C.4 R:0.10976 P:0.14674 F:0.12558
4 ROUGE-1 Eval D1013-A.M.100.C.4 R:0.08835 P:0.11224 F:0.09887
4 ROUGE-1 Eval D1014-A.M.100.C.4 R:0.20921 P:0.22321 F:0.21598
4 ROUGE-1 Eval D1015-A.M.100.C.4 R:0.15849 P:0.17797 F:0.16767
4 ROUGE-1 Eval D1016-A.M.100.C.4 R:0.27803 P:0.28704 F:0.28246
4 ROUGE-1 Eval D1017-A.M.100.D.4 R:0.16735 P:0.19340 F:0.17943
4 ROUGE-1 Eval D1018-A.M.100.D.4 R:0.23013 P:0.28061 F:0.25288
4 ROUGE-1 Eval D1019-A.M.100.D.4 R:0.19167 P:0.25000 F:0.21698
4 ROUGE-1 Eval D1020-A.M.100.D.4 R:0.13636 P:0.20122 F:0.16256
4 ROUGE-1 Eval D1021-A.M.100.D.4 R:0.09746 P:0.14375 F:0.11616
4 ROUGE-1 Eval D1022-A.M.100.D.4 R:0.23431 P:0.29167 F:0.25986
4 ROUGE-1 Eval D1023-A.M.100.E.4 R:0.16529 P:0.18182 F:0.17316
4 ROUGE-1 Eval D1024-A.M.100.E.4 R:0.15833 P:0.22093 F:0.18446
4 ROUGE-1 Eval D1025-A.M.100.E.4 R:0.18142 P:0.35345 F:0.23977
4 ROUGE-1 Eval D1026-A.M.100.E.4 R:0.02137 P:0.04630 F:0.02924
4 ROUGE-1 Eval D1027-A.M.100.E.4 R:0.19048 P:0.25000 F:0.21622
4 ROUGE-1 Eval D1028-A.M.100.E.4 R:0.02917 P:0.03500 F:0.03182
4 ROUGE-1 Eval D1029-A.M.100.F.4 R:0.14583 P:0.18617 F:0.16355
4 ROUGE-1 Eval D1030-A.M.100.F.4 R:0.09127 P:0.12234 F:0.10455
4 ROUGE-1 Eval D1031-A.M.100.F.4 R:0.08571 P:0.09906 F:0.09190
4 ROUGE-1 Eval D1032-A.M.100.F.4 R:0.20229 P:0.24537 F:0.22176
4 ROUGE-1 Eval D1033-A.M.100.F.4 R:0.09917 P:0.13636 F:0.11483
4 ROUGE-1 Eval D1034-A.M.100.F.4 R:0.10700 P:0.11607 F:0.11135
4 ROUGE-1 Eval D1035-A.M.100.G.4 R:0.11789 P:0.14216 F:0.12889
4 ROUGE-1 Eval D1036-A.M.100.G.4 R:0.21633 P:0.30114 F:0.25179
4 ROUGE-1 Eval D1037-A.M.100.G.4 R:0.20370 P:0.23404 F:0.21782
4 ROUGE-1 Eval D1038-A.M.100.G.4 R:0.25098 P:0.24615 F:0.24854
4 ROUGE-1 Eval D1039-A.M.100.G.4 R:0.18776 P:0.30263 F:0.23174
4 ROUGE-1 Eval D1040-A.M.100.G.4 R:0.16170 P:0.19388 F:0.17633
4 ROUGE-1 Eval D1041-A.M.100.H.4 R:0.06299 P:0.11429 F:0.08122
4 ROUGE-1 Eval D1042-A.M.100.H.4 R:0.17937 P:0.20408 F:0.19093
4 ROUGE-1 Eval D1043-A.M.100.H.4 R:0.25847 P:0.28241 F:0.26991
4 ROUGE-1 Eval D1044-A.M.100.H.4 R:0.29536 P:0.38889 F:0.33573
4 ROUGE-1 Eval D1045-A.M.100.H.4 R:0.22441 P:0.22984 F:0.22709
4 ROUGE-1 Eval D1046-A.M.100.H.4 R:0.14961 P:0.15574 F:0.15261
---------------------------------------------
4 ROUGE-2 Average_R: 0.03602 ( 95%-conf.int. 0.02783 - 0.04482)
4 ROUGE-2 Average_P: 0.04476 ( 95%-conf.int. 0.03454 - 0.05561)
4 ROUGE-2 Average_F: 0.03975 ( 95%-conf.int. 0.03062 - 0.04941)
.............................................
4 ROUGE-2 Eval D1001-A.M.100.A.4 R:0.06276 P:0.08523 F:0.07229
4 ROUGE-2 Eval D1002-A.M.100.A.4 R:0.00000 P:0.00000 F:0.00000
4 ROUGE-2 Eval D1003-A.M.100.A.4 R:0.04405 P:0.05556 F:0.04914
4 ROUGE-2 Eval D1004-A.M.100.A.4 R:0.05042 P:0.06383 F:0.05634
4 ROUGE-2 Eval D1005-A.M.100.A.4 R:0.10417 P:0.13587 F:0.11793
4 ROUGE-2 Eval D1006-A.M.100.A.4 R:0.02335 P:0.03488 F:0.02797
4 ROUGE-2 Eval D1007-A.M.100.B.4 R:0.09955 P:0.11957 F:0.10865
4 ROUGE-2 Eval D1008-A.M.100.B.4 R:0.00000 P:0.00000 F:0.00000
4 ROUGE-2 Eval D1009-A.M.100.B.4 R:0.01351 P:0.01786 F:0.01538
4 ROUGE-2 Eval D1010-A.M.100.B.4 R:0.06098 P:0.06466 F:0.06277
4 ROUGE-2 Eval D1011-A.M.100.C.4 R:0.02193 P:0.02604 F:0.02381
4 ROUGE-2 Eval D1012-A.M.100.C.4 R:0.00413 P:0.00556 F:0.00474
4 ROUGE-2 Eval D1013-A.M.100.C.4 R:0.00816 P:0.01042 F:0.00915
4 ROUGE-2 Eval D1014-A.M.100.C.4 R:0.02128 P:0.02273 F:0.02198
4 ROUGE-2 Eval D1015-A.M.100.C.4 R:0.03448 P:0.03879 F:0.03651
4 ROUGE-2 Eval D1016-A.M.100.C.4 R:0.06393 P:0.06604 F:0.06497
4 ROUGE-2 Eval D1017-A.M.100.D.4 R:0.00415 P:0.00481 F:0.00446
4 ROUGE-2 Eval D1018-A.M.100.D.4 R:0.08085 P:0.09896 F:0.08899
4 ROUGE-2 Eval D1019-A.M.100.D.4 R:0.07627 P:0.10000 F:0.08654
4 ROUGE-2 Eval D1020-A.M.100.D.4 R:0.03782 P:0.05625 F:0.04523
4 ROUGE-2 Eval D1021-A.M.100.D.4 R:0.00862 P:0.01282 F:0.01031
4 ROUGE-2 Eval D1022-A.M.100.D.4 R:0.03830 P:0.04787 F:0.04255
4 ROUGE-2 Eval D1023-A.M.100.E.4 R:0.00000 P:0.00000 F:0.00000
4 ROUGE-2 Eval D1024-A.M.100.E.4 R:0.04661 P:0.06548 F:0.05446
4 ROUGE-2 Eval D1025-A.M.100.E.4 R:0.01802 P:0.03571 F:0.02395
4 ROUGE-2 Eval D1026-A.M.100.E.4 R:0.00000 P:0.00000 F:0.00000
4 ROUGE-2 Eval D1027-A.M.100.E.4 R:0.06452 P:0.08511 F:0.07340
4 ROUGE-2 Eval D1028-A.M.100.E.4 R:0.00000 P:0.00000 F:0.00000
4 ROUGE-2 Eval D1029-A.M.100.F.4 R:0.02966 P:0.03804 F:0.03333
4 ROUGE-2 Eval D1030-A.M.100.F.4 R:0.00000 P:0.00000 F:0.00000
4 ROUGE-2 Eval D1031-A.M.100.F.4 R:0.00000 P:0.00000 F:0.00000
4 ROUGE-2 Eval D1032-A.M.100.F.4 R:0.02713 P:0.03302 F:0.02979
4 ROUGE-2 Eval D1033-A.M.100.F.4 R:0.00000 P:0.00000 F:0.00000
4 ROUGE-2 Eval D1034-A.M.100.F.4 R:0.01674 P:0.01818 F:0.01743
4 ROUGE-2 Eval D1035-A.M.100.G.4 R:0.02066 P:0.02500 F:0.02262
4 ROUGE-2 Eval D1036-A.M.100.G.4 R:0.03734 P:0.05233 F:0.04358
4 ROUGE-2 Eval D1037-A.M.100.G.4 R:0.05189 P:0.05978 F:0.05556
4 ROUGE-2 Eval D1038-A.M.100.G.4 R:0.05179 P:0.05078 F:0.05128
4 ROUGE-2 Eval D1039-A.M.100.G.4 R:0.02905 P:0.04730 F:0.03599
4 ROUGE-2 Eval D1040-A.M.100.G.4 R:0.03896 P:0.04688 F:0.04255
4 ROUGE-2 Eval D1041-A.M.100.H.4 R:0.01600 P:0.02941 F:0.02072
4 ROUGE-2 Eval D1042-A.M.100.H.4 R:0.04566 P:0.05208 F:0.04866
4 ROUGE-2 Eval D1043-A.M.100.H.4 R:0.12069 P:0.13208 F:0.12613
4 ROUGE-2 Eval D1044-A.M.100.H.4 R:0.10300 P:0.13636 F:0.11736
4 ROUGE-2 Eval D1045-A.M.100.H.4 R:0.05200 P:0.05328 F:0.05263
4 ROUGE-2 Eval D1046-A.M.100.H.4 R:0.02000 P:0.02083 F:0.02041
---------------------------------------------
4 ROUGE-3 Average_R: 0.01252 ( 95%-conf.int. 0.00764 - 0.01750)
4 ROUGE-3 Average_P: 0.01552 ( 95%-conf.int. 0.00948 - 0.02165)
4 ROUGE-3 Average_F: 0.01382 ( 95%-conf.int. 0.00842 - 0.01932)
.............................................
4 ROUGE-3 Eval D1001-A.M.100.A.4 R:0.03404 P:0.04651 F:0.03931
4 ROUGE-3 Eval D1002-A.M.100.A.4 R:0.00000 P:0.00000 F:0.00000
4 ROUGE-3 Eval D1003-A.M.100.A.4 R:0.00448 P:0.00568 F:0.00501
4 ROUGE-3 Eval D1004-A.M.100.A.4 R:0.00855 P:0.01087 F:0.00957
4 ROUGE-3 Eval D1005-A.M.100.A.4 R:0.04237 P:0.05556 F:0.04808
4 ROUGE-3 Eval D1006-A.M.100.A.4 R:0.00395 P:0.00595 F:0.00475
4 ROUGE-3 Eval D1007-A.M.100.B.4 R:0.02765 P:0.03333 F:0.03023
4 ROUGE-3 Eval D1008-A.M.100.B.4 R:0.00000 P:0.00000 F:0.00000
4 ROUGE-3 Eval D1009-A.M.100.B.4 R:0.00000 P:0.00000 F:0.00000
4 ROUGE-3 Eval D1010-A.M.100.B.4 R:0.01653 P:0.01754 F:0.01702
4 ROUGE-3 Eval D1011-A.M.100.C.4 R:0.00000 P:0.00000 F:0.00000
4 ROUGE-3 Eval D1012-A.M.100.C.4 R:0.00000 P:0.00000 F:0.00000
4 ROUGE-3 Eval D1013-A.M.100.C.4 R:0.00000 P:0.00000 F:0.00000
4 ROUGE-3 Eval D1014-A.M.100.C.4 R:0.00433 P:0.00463 F:0.00447
4 ROUGE-3 Eval D1015-A.M.100.C.4 R:0.01167 P:0.01316 F:0.01237
4 ROUGE-3 Eval D1016-A.M.100.C.4 R:0.00000 P:0.00000 F:0.00000
4 ROUGE-3 Eval D1017-A.M.100.D.4 R:0.00000 P:0.00000 F:0.00000
4 ROUGE-3 Eval D1018-A.M.100.D.4 R:0.04329 P:0.05319 F:0.04773
4 ROUGE-3 Eval D1019-A.M.100.D.4 R:0.04741 P:0.06250 F:0.05392
4 ROUGE-3 Eval D1020-A.M.100.D.4 R:0.00855 P:0.01282 F:0.01026
4 ROUGE-3 Eval D1021-A.M.100.D.4 R:0.00439 P:0.00658 F:0.00527
4 ROUGE-3 Eval D1022-A.M.100.D.4 R:0.01299 P:0.01630 F:0.01446
4 ROUGE-3 Eval D1023-A.M.100.E.4 R:0.00000 P:0.00000 F:0.00000
4 ROUGE-3 Eval D1024-A.M.100.E.4 R:0.02155 P:0.03049 F:0.02525
4 ROUGE-3 Eval D1025-A.M.100.E.4 R:0.00000 P:0.00000 F:0.00000
4 ROUGE-3 Eval D1026-A.M.100.E.4 R:0.00000 P:0.00000 F:0.00000
4 ROUGE-3 Eval D1027-A.M.100.E.4 R:0.03279 P:0.04348 F:0.03739
4 ROUGE-3 Eval D1028-A.M.100.E.4 R:0.00000 P:0.00000 F:0.00000
4 ROUGE-3 Eval D1029-A.M.100.F.4 R:0.00431 P:0.00556 F:0.00486
4 ROUGE-3 Eval D1030-A.M.100.F.4 R:0.00000 P:0.00000 F:0.00000
4 ROUGE-3 Eval D1031-A.M.100.F.4 R:0.00000 P:0.00000 F:0.00000
4 ROUGE-3 Eval D1032-A.M.100.F.4 R:0.00787 P:0.00962 F:0.00866
4 ROUGE-3 Eval D1033-A.M.100.F.4 R:0.00000 P:0.00000 F:0.00000
4 ROUGE-3 Eval D1034-A.M.100.F.4 R:0.00426 P:0.00463 F:0.00444
4 ROUGE-3 Eval D1035-A.M.100.G.4 R:0.00000 P:0.00000 F:0.00000
4 ROUGE-3 Eval D1036-A.M.100.G.4 R:0.00422 P:0.00595 F:0.00494
4 ROUGE-3 Eval D1037-A.M.100.G.4 R:0.03365 P:0.03889 F:0.03608
4 ROUGE-3 Eval D1038-A.M.100.G.4 R:0.01619 P:0.01587 F:0.01603
4 ROUGE-3 Eval D1039-A.M.100.G.4 R:0.00844 P:0.01389 F:0.01050
4 ROUGE-3 Eval D1040-A.M.100.G.4 R:0.00881 P:0.01064 F:0.00964
4 ROUGE-3 Eval D1041-A.M.100.H.4 R:0.00000 P:0.00000 F:0.00000
4 ROUGE-3 Eval D1042-A.M.100.H.4 R:0.00000 P:0.00000 F:0.00000
4 ROUGE-3 Eval D1043-A.M.100.H.4 R:0.08333 P:0.09135 F:0.08716
4 ROUGE-3 Eval D1044-A.M.100.H.4 R:0.05240 P:0.06977 F:0.05985
4 ROUGE-3 Eval D1045-A.M.100.H.4 R:0.02033 P:0.02083 F:0.02058
4 ROUGE-3 Eval D1046-A.M.100.H.4 R:0.00407 P:0.00424 F:0.00415
---------------------------------------------
4 ROUGE-4 Average_R: 0.00456 ( 95%-conf.int. 0.00177 - 0.00799)
4 ROUGE-4 Average_P: 0.00566 ( 95%-conf.int. 0.00230 - 0.00955)
4 ROUGE-4 Average_F: 0.00504 ( 95%-conf.int. 0.00198 - 0.00867)
.............................................
4 ROUGE-4 Eval D1001-A.M.100.A.4 R:0.00866 P:0.01190 F:0.01002
4 ROUGE-4 Eval D1002-A.M.100.A.4 R:0.00000 P:0.00000 F:0.00000
4 ROUGE-4 Eval D1003-A.M.100.A.4 R:0.00000 P:0.00000 F:0.00000
4 ROUGE-4 Eval D1004-A.M.100.A.4 R:0.00000 P:0.00000 F:0.00000
4 ROUGE-4 Eval D1005-A.M.100.A.4 R:0.01293 P:0.01705 F:0.01471
4 ROUGE-4 Eval D1006-A.M.100.A.4 R:0.00000 P:0.00000 F:0.00000
4 ROUGE-4 Eval D1007-A.M.100.B.4 R:0.00000 P:0.00000 F:0.00000
4 ROUGE-4 Eval D1008-A.M.100.B.4 R:0.00000 P:0.00000 F:0.00000
4 ROUGE-4 Eval D1009-A.M.100.B.4 R:0.00000 P:0.00000 F:0.00000
4 ROUGE-4 Eval D1010-A.M.100.B.4 R:0.00000 P:0.00000 F:0.00000
4 ROUGE-4 Eval D1011-A.M.100.C.4 R:0.00000 P:0.00000 F:0.00000
4 ROUGE-4 Eval D1012-A.M.100.C.4 R:0.00000 P:0.00000 F:0.00000
4 ROUGE-4 Eval D1013-A.M.100.C.4 R:0.00000 P:0.00000 F:0.00000
4 ROUGE-4 Eval D1014-A.M.100.C.4 R:0.00000 P:0.00000 F:0.00000
4 ROUGE-4 Eval D1015-A.M.100.C.4 R:0.00000 P:0.00000 F:0.00000
4 ROUGE-4 Eval D1016-A.M.100.C.4 R:0.00000 P:0.00000 F:0.00000
4 ROUGE-4 Eval D1017-A.M.100.D.4 R:0.00000 P:0.00000 F:0.00000
4 ROUGE-4 Eval D1018-A.M.100.D.4 R:0.01322 P:0.01630 F:0.01460
4 ROUGE-4 Eval D1019-A.M.100.D.4 R:0.02632 P:0.03488 F:0.03000
4 ROUGE-4 Eval D1020-A.M.100.D.4 R:0.00435 P:0.00658 F:0.00524
4 ROUGE-4 Eval D1021-A.M.100.D.4 R:0.00000 P:0.00000 F:0.00000
4 ROUGE-4 Eval D1022-A.M.100.D.4 R:0.00441 P:0.00556 F:0.00492
4 ROUGE-4 Eval D1023-A.M.100.E.4 R:0.00000 P:0.00000 F:0.00000
4 ROUGE-4 Eval D1024-A.M.100.E.4 R:0.00000 P:0.00000 F:0.00000
4 ROUGE-4 Eval D1025-A.M.100.E.4 R:0.00000 P:0.00000 F:0.00000
4 ROUGE-4 Eval D1026-A.M.100.E.4 R:0.00000 P:0.00000 F:0.00000
4 ROUGE-4 Eval D1027-A.M.100.E.4 R:0.02083 P:0.02778 F:0.02381
4 ROUGE-4 Eval D1028-A.M.100.E.4 R:0.00000 P:0.00000 F:0.00000
4 ROUGE-4 Eval D1029-A.M.100.F.4 R:0.00000 P:0.00000 F:0.00000
4 ROUGE-4 Eval D1030-A.M.100.F.4 R:0.00000 P:0.00000 F:0.00000
4 ROUGE-4 Eval D1031-A.M.100.F.4 R:0.00000 P:0.00000 F:0.00000
4 ROUGE-4 Eval D1032-A.M.100.F.4 R:0.00000 P:0.00000 F:0.00000
4 ROUGE-4 Eval D1033-A.M.100.F.4 R:0.00000 P:0.00000 F:0.00000
4 ROUGE-4 Eval D1034-A.M.100.F.4 R:0.00000 P:0.00000 F:0.00000
4 ROUGE-4 Eval D1035-A.M.100.G.4 R:0.00000 P:0.00000 F:0.00000
4 ROUGE-4 Eval D1036-A.M.100.G.4 R:0.00000 P:0.00000 F:0.00000
4 ROUGE-4 Eval D1037-A.M.100.G.4 R:0.02941 P:0.03409 F:0.03158
4 ROUGE-4 Eval D1038-A.M.100.G.4 R:0.00000 P:0.00000 F:0.00000
4 ROUGE-4 Eval D1039-A.M.100.G.4 R:0.00429 P:0.00714 F:0.00536
4 ROUGE-4 Eval D1040-A.M.100.G.4 R:0.00000 P:0.00000 F:0.00000
4 ROUGE-4 Eval D1041-A.M.100.H.4 R:0.00000 P:0.00000 F:0.00000
4 ROUGE-4 Eval D1042-A.M.100.H.4 R:0.00000 P:0.00000 F:0.00000
4 ROUGE-4 Eval D1043-A.M.100.H.4 R:0.05804 P:0.06373 F:0.06075
4 ROUGE-4 Eval D1044-A.M.100.H.4 R:0.02222 P:0.02976 F:0.02544
4 ROUGE-4 Eval D1045-A.M.100.H.4 R:0.00413 P:0.00424 F:0.00418
4 ROUGE-4 Eval D1046-A.M.100.H.4 R:0.00000 P:0.00000 F:0.00000
