---------------------------------------------
4 ROUGE-1 Average_R: 0.15390 ( 95%-conf.int. 0.13416 - 0.17628)
4 ROUGE-1 Average_P: 0.32296 ( 95%-conf.int. 0.28623 - 0.36012)
4 ROUGE-1 Average_F: 0.20251 ( 95%-conf.int. 0.17844 - 0.22718)
.............................................
4 ROUGE-1 Eval D1001-A.M.100.A.4 R:0.21811 P:0.33974 F:0.26567
4 ROUGE-1 Eval D1002-A.M.100.A.4 R:0.07531 P:0.22500 F:0.11285
4 ROUGE-1 Eval D1003-A.M.100.A.4 R:0.16883 P:0.25658 F:0.20365
4 ROUGE-1 Eval D1004-A.M.100.A.4 R:0.18595 P:0.36290 F:0.24590
4 ROUGE-1 Eval D1005-A.M.100.A.4 R:0.13934 P:0.50000 F:0.21794
4 ROUGE-1 Eval D1006-A.M.100.A.4 R:0.20690 P:0.43548 F:0.28052
4 ROUGE-1 Eval D1007-A.M.100.B.4 R:0.25778 P:0.42647 F:0.32133
4 ROUGE-1 Eval D1008-A.M.100.B.4 R:0.20968 P:0.33333 F:0.25743
4 ROUGE-1 Eval D1009-A.M.100.B.4 R:0.16814 P:0.30645 F:0.21714
4 ROUGE-1 Eval D1010-A.M.100.B.4 R:0.17200 P:0.51190 F:0.25748
4 ROUGE-1 Eval D1011-A.M.100.C.4 R:0.07759 P:0.18750 F:0.10976
4 ROUGE-1 Eval D1012-A.M.100.C.4 R:0.13821 P:0.38636 F:0.20359
4 ROUGE-1 Eval D1013-A.M.100.C.4 R:0.14458 P:0.47368 F:0.22154
4 ROUGE-1 Eval D1014-A.M.100.C.4 R:0.05021 P:0.11111 F:0.06916
4 ROUGE-1 Eval D1015-A.M.100.C.4 R:0.07547 P:0.15625 F:0.10178
4 ROUGE-1 Eval D1016-A.M.100.C.4 R:0.26009 P:0.50000 F:0.34218
4 ROUGE-1 Eval D1017-A.M.100.D.4 R:0.11837 P:0.30208 F:0.17009
4 ROUGE-1 Eval D1018-A.M.100.D.4 R:0.27615 P:0.31132 F:0.29268
4 ROUGE-1 Eval D1019-A.M.100.D.4 R:0.14583 P:0.36458 F:0.20833
4 ROUGE-1 Eval D1020-A.M.100.D.4 R:0.05785 P:0.29167 F:0.09655
4 ROUGE-1 Eval D1021-A.M.100.D.4 R:0.11864 P:0.41176 F:0.18421
4 ROUGE-1 Eval D1022-A.M.100.D.4 R:0.24268 P:0.41429 F:0.30607
4 ROUGE-1 Eval D1023-A.M.100.E.4 R:0.10744 P:0.14444 F:0.12322
4 ROUGE-1 Eval D1024-A.M.100.E.4 R:0.15000 P:0.27273 F:0.19355
4 ROUGE-1 Eval D1025-A.M.100.E.4 R:0.10177 P:0.28750 F:0.15033
4 ROUGE-1 Eval D1026-A.M.100.E.4 R:0.07265 P:0.09239 F:0.08134
4 ROUGE-1 Eval D1027-A.M.100.E.4 R:0.19841 P:0.37879 F:0.26041
4 ROUGE-1 Eval D1028-A.M.100.E.4 R:0.25000 P:0.35714 F:0.29412
4 ROUGE-1 Eval D1029-A.M.100.F.4 R:0.19167 P:0.34848 F:0.24731
4 ROUGE-1 Eval D1030-A.M.100.F.4 R:0.06746 P:0.19318 F:0.10000
4 ROUGE-1 Eval D1031-A.M.100.F.4 R:0.14286 P:0.18617 F:0.16166
4 ROUGE-1 Eval D1032-A.M.100.F.4 R:0.14885 P:0.60938 F:0.23926
4 ROUGE-1 Eval D1033-A.M.100.F.4 R:0.21074 P:0.35417 F:0.26425
4 ROUGE-1 Eval D1034-A.M.100.F.4 R:0.07407 P:0.16071 F:0.10140
4 ROUGE-1 Eval D1035-A.M.100.G.4 R:0.11382 P:0.22581 F:0.15135
4 ROUGE-1 Eval D1036-A.M.100.G.4 R:0.12653 P:0.35227 F:0.18619
4 ROUGE-1 Eval D1037-A.M.100.G.4 R:0.00463 P:0.01136 F:0.00658
4 ROUGE-1 Eval D1038-A.M.100.G.4 R:0.16863 P:0.34677 F:0.22691
4 ROUGE-1 Eval D1039-A.M.100.G.4 R:0.36327 P:0.39732 F:0.37953
4 ROUGE-1 Eval D1040-A.M.100.G.4 R:0.05957 P:0.19444 F:0.09120
4 ROUGE-1 Eval D1041-A.M.100.H.4 R:0.10236 P:0.25000 F:0.14525
4 ROUGE-1 Eval D1042-A.M.100.H.4 R:0.17040 P:0.45238 F:0.24755
4 ROUGE-1 Eval D1043-A.M.100.H.4 R:0.27542 P:0.52419 F:0.36111
4 ROUGE-1 Eval D1044-A.M.100.H.4 R:0.09283 P:0.42308 F:0.15225
4 ROUGE-1 Eval D1045-A.M.100.H.4 R:0.14173 P:0.40909 F:0.21052
4 ROUGE-1 Eval D1046-A.M.100.H.4 R:0.24409 P:0.28182 F:0.26160
---------------------------------------------
4 ROUGE-2 Average_R: 0.03862 ( 95%-conf.int. 0.02965 - 0.04872)
4 ROUGE-2 Average_P: 0.08239 ( 95%-conf.int. 0.06300 - 0.10218)
4 ROUGE-2 Average_F: 0.05099 ( 95%-conf.int. 0.03966 - 0.06345)
.............................................
4 ROUGE-2 Eval D1001-A.M.100.A.4 R:0.04603 P:0.07237 F:0.05627
4 ROUGE-2 Eval D1002-A.M.100.A.4 R:0.01277 P:0.03947 F:0.01930
4 ROUGE-2 Eval D1003-A.M.100.A.4 R:0.03965 P:0.06081 F:0.04800
4 ROUGE-2 Eval D1004-A.M.100.A.4 R:0.03361 P:0.06667 F:0.04469
4 ROUGE-2 Eval D1005-A.M.100.A.4 R:0.02500 P:0.09375 F:0.03947
4 ROUGE-2 Eval D1006-A.M.100.A.4 R:0.03502 P:0.07500 F:0.04775
4 ROUGE-2 Eval D1007-A.M.100.B.4 R:0.06335 P:0.10606 F:0.07932
4 ROUGE-2 Eval D1008-A.M.100.B.4 R:0.02869 P:0.04605 F:0.03535
4 ROUGE-2 Eval D1009-A.M.100.B.4 R:0.05856 P:0.10833 F:0.07602
4 ROUGE-2 Eval D1010-A.M.100.B.4 R:0.08537 P:0.26250 F:0.12884
4 ROUGE-2 Eval D1011-A.M.100.C.4 R:0.01754 P:0.04348 F:0.02500
4 ROUGE-2 Eval D1012-A.M.100.C.4 R:0.03719 P:0.10714 F:0.05521
4 ROUGE-2 Eval D1013-A.M.100.C.4 R:0.06531 P:0.22222 F:0.10095
4 ROUGE-2 Eval D1014-A.M.100.C.4 R:0.00000 P:0.00000 F:0.00000
4 ROUGE-2 Eval D1015-A.M.100.C.4 R:0.00383 P:0.00806 F:0.00519
4 ROUGE-2 Eval D1016-A.M.100.C.4 R:0.06393 P:0.12500 F:0.08459
4 ROUGE-2 Eval D1017-A.M.100.D.4 R:0.01245 P:0.03261 F:0.01802
4 ROUGE-2 Eval D1018-A.M.100.D.4 R:0.08936 P:0.10096 F:0.09481
4 ROUGE-2 Eval D1019-A.M.100.D.4 R:0.02542 P:0.06522 F:0.03658
4 ROUGE-2 Eval D1020-A.M.100.D.4 R:0.00000 P:0.00000 F:0.00000
4 ROUGE-2 Eval D1021-A.M.100.D.4 R:0.03017 P:0.10938 F:0.04729
4 ROUGE-2 Eval D1022-A.M.100.D.4 R:0.06809 P:0.11765 F:0.08626
4 ROUGE-2 Eval D1023-A.M.100.E.4 R:0.00840 P:0.01136 F:0.00966
4 ROUGE-2 Eval D1024-A.M.100.E.4 R:0.03390 P:0.06250 F:0.04396
4 ROUGE-2 Eval D1025-A.M.100.E.4 R:0.00450 P:0.01316 F:0.00671
4 ROUGE-2 Eval D1026-A.M.100.E.4 R:0.00000 P:0.00000 F:0.00000
4 ROUGE-2 Eval D1027-A.M.100.E.4 R:0.07258 P:0.14062 F:0.09574
4 ROUGE-2 Eval D1028-A.M.100.E.4 R:0.08898 P:0.12805 F:0.10500
4 ROUGE-2 Eval D1029-A.M.100.F.4 R:0.04237 P:0.07812 F:0.05494
4 ROUGE-2 Eval D1030-A.M.100.F.4 R:0.00806 P:0.02381 F:0.01204
4 ROUGE-2 Eval D1031-A.M.100.F.4 R:0.01660 P:0.02174 F:0.01883
4 ROUGE-2 Eval D1032-A.M.100.F.4 R:0.04651 P:0.20000 F:0.07547
4 ROUGE-2 Eval D1033-A.M.100.F.4 R:0.03361 P:0.05714 F:0.04232
4 ROUGE-2 Eval D1034-A.M.100.F.4 R:0.01255 P:0.02778 F:0.01729
4 ROUGE-2 Eval D1035-A.M.100.G.4 R:0.02893 P:0.05833 F:0.03868
4 ROUGE-2 Eval D1036-A.M.100.G.4 R:0.00415 P:0.01190 F:0.00615
4 ROUGE-2 Eval D1037-A.M.100.G.4 R:0.00000 P:0.00000 F:0.00000
4 ROUGE-2 Eval D1038-A.M.100.G.4 R:0.05179 P:0.10833 F:0.07008
4 ROUGE-2 Eval D1039-A.M.100.G.4 R:0.14523 P:0.15909 F:0.15184
4 ROUGE-2 Eval D1040-A.M.100.G.4 R:0.00000 P:0.00000 F:0.00000
4 ROUGE-2 Eval D1041-A.M.100.H.4 R:0.04800 P:0.12000 F:0.06857
4 ROUGE-2 Eval D1042-A.M.100.H.4 R:0.06849 P:0.18750 F:0.10033
4 ROUGE-2 Eval D1043-A.M.100.H.4 R:0.11207 P:0.21667 F:0.14773
4 ROUGE-2 Eval D1044-A.M.100.H.4 R:0.02146 P:0.10417 F:0.03559
4 ROUGE-2 Eval D1045-A.M.100.H.4 R:0.05200 P:0.15476 F:0.07784
4 ROUGE-2 Eval D1046-A.M.100.H.4 R:0.04000 P:0.04630 F:0.04292
---------------------------------------------
4 ROUGE-3 Average_R: 0.01192 ( 95%-conf.int. 0.00781 - 0.01694)
4 ROUGE-3 Average_P: 0.02699 ( 95%-conf.int. 0.01700 - 0.03839)
4 ROUGE-3 Average_F: 0.01598 ( 95%-conf.int. 0.01049 - 0.02269)
.............................................
4 ROUGE-3 Eval D1001-A.M.100.A.4 R:0.02128 P:0.03378 F:0.02611
4 ROUGE-3 Eval D1002-A.M.100.A.4 R:0.00000 P:0.00000 F:0.00000
4 ROUGE-3 Eval D1003-A.M.100.A.4 R:0.00000 P:0.00000 F:0.00000
4 ROUGE-3 Eval D1004-A.M.100.A.4 R:0.00427 P:0.00862 F:0.00571
4 ROUGE-3 Eval D1005-A.M.100.A.4 R:0.00847 P:0.03333 F:0.01351
4 ROUGE-3 Eval D1006-A.M.100.A.4 R:0.01186 P:0.02586 F:0.01626
4 ROUGE-3 Eval D1007-A.M.100.B.4 R:0.01843 P:0.03125 F:0.02319
4 ROUGE-3 Eval D1008-A.M.100.B.4 R:0.00417 P:0.00676 F:0.00516
4 ROUGE-3 Eval D1009-A.M.100.B.4 R:0.01376 P:0.02586 F:0.01796
4 ROUGE-3 Eval D1010-A.M.100.B.4 R:0.06198 P:0.19737 F:0.09434
4 ROUGE-3 Eval D1011-A.M.100.C.4 R:0.00000 P:0.00000 F:0.00000
4 ROUGE-3 Eval D1012-A.M.100.C.4 R:0.01681 P:0.05000 F:0.02516
4 ROUGE-3 Eval D1013-A.M.100.C.4 R:0.03320 P:0.11765 F:0.05179
4 ROUGE-3 Eval D1014-A.M.100.C.4 R:0.00000 P:0.00000 F:0.00000
4 ROUGE-3 Eval D1015-A.M.100.C.4 R:0.00000 P:0.00000 F:0.00000
4 ROUGE-3 Eval D1016-A.M.100.C.4 R:0.01860 P:0.03704 F:0.02476
4 ROUGE-3 Eval D1017-A.M.100.D.4 R:0.00000 P:0.00000 F:0.00000
4 ROUGE-3 Eval D1018-A.M.100.D.4 R:0.04329 P:0.04902 F:0.04598
4 ROUGE-3 Eval D1019-A.M.100.D.4 R:0.00431 P:0.01136 F:0.00625
4 ROUGE-3 Eval D1020-A.M.100.D.4 R:0.00000 P:0.00000 F:0.00000
4 ROUGE-3 Eval D1021-A.M.100.D.4 R:0.00439 P:0.01667 F:0.00695
4 ROUGE-3 Eval D1022-A.M.100.D.4 R:0.03463 P:0.06061 F:0.04408
4 ROUGE-3 Eval D1023-A.M.100.E.4 R:0.00000 P:0.00000 F:0.00000
4 ROUGE-3 Eval D1024-A.M.100.E.4 R:0.01293 P:0.02419 F:0.01685
4 ROUGE-3 Eval D1025-A.M.100.E.4 R:0.00000 P:0.00000 F:0.00000
4 ROUGE-3 Eval D1026-A.M.100.E.4 R:0.00000 P:0.00000 F:0.00000
4 ROUGE-3 Eval D1027-A.M.100.E.4 R:0.00820 P:0.01613 F:0.01087
4 ROUGE-3 Eval D1028-A.M.100.E.4 R:0.03017 P:0.04375 F:0.03571
4 ROUGE-3 Eval D1029-A.M.100.F.4 R:0.00431 P:0.00806 F:0.00562
4 ROUGE-3 Eval D1030-A.M.100.F.4 R:0.00000 P:0.00000 F:0.00000
4 ROUGE-3 Eval D1031-A.M.100.F.4 R:0.00000 P:0.00000 F:0.00000
4 ROUGE-3 Eval D1032-A.M.100.F.4 R:0.01575 P:0.07143 F:0.02581
4 ROUGE-3 Eval D1033-A.M.100.F.4 R:0.01282 P:0.02206 F:0.01622
4 ROUGE-3 Eval D1034-A.M.100.F.4 R:0.00000 P:0.00000 F:0.00000
4 ROUGE-3 Eval D1035-A.M.100.G.4 R:0.00000 P:0.00000 F:0.00000
4 ROUGE-3 Eval D1036-A.M.100.G.4 R:0.00000 P:0.00000 F:0.00000
4 ROUGE-3 Eval D1037-A.M.100.G.4 R:0.00000 P:0.00000 F:0.00000
4 ROUGE-3 Eval D1038-A.M.100.G.4 R:0.02024 P:0.04310 F:0.02754
4 ROUGE-3 Eval D1039-A.M.100.G.4 R:0.04219 P:0.04630 F:0.04415
4 ROUGE-3 Eval D1040-A.M.100.G.4 R:0.00000 P:0.00000 F:0.00000
4 ROUGE-3 Eval D1041-A.M.100.H.4 R:0.01220 P:0.03125 F:0.01755
4 ROUGE-3 Eval D1042-A.M.100.H.4 R:0.01860 P:0.05263 F:0.02749
4 ROUGE-3 Eval D1043-A.M.100.H.4 R:0.04825 P:0.09483 F:0.06396
4 ROUGE-3 Eval D1044-A.M.100.H.4 R:0.00437 P:0.02273 F:0.00733
4 ROUGE-3 Eval D1045-A.M.100.H.4 R:0.02033 P:0.06250 F:0.03068
4 ROUGE-3 Eval D1046-A.M.100.H.4 R:0.00000 P:0.00000 F:0.00000
---------------------------------------------
4 ROUGE-4 Average_R: 0.00377 ( 95%-conf.int. 0.00163 - 0.00649)
4 ROUGE-4 Average_P: 0.00876 ( 95%-conf.int. 0.00311 - 0.01647)
4 ROUGE-4 Average_F: 0.00508 ( 95%-conf.int. 0.00207 - 0.00889)
.............................................
4 ROUGE-4 Eval D1001-A.M.100.A.4 R:0.00433 P:0.00694 F:0.00533
4 ROUGE-4 Eval D1002-A.M.100.A.4 R:0.00000 P:0.00000 F:0.00000
4 ROUGE-4 Eval D1003-A.M.100.A.4 R:0.00000 P:0.00000 F:0.00000
4 ROUGE-4 Eval D1004-A.M.100.A.4 R:0.00000 P:0.00000 F:0.00000
4 ROUGE-4 Eval D1005-A.M.100.A.4 R:0.00000 P:0.00000 F:0.00000
4 ROUGE-4 Eval D1006-A.M.100.A.4 R:0.00000 P:0.00000 F:0.00000
4 ROUGE-4 Eval D1007-A.M.100.B.4 R:0.00469 P:0.00806 F:0.00593
4 ROUGE-4 Eval D1008-A.M.100.B.4 R:0.00000 P:0.00000 F:0.00000
4 ROUGE-4 Eval D1009-A.M.100.B.4 R:0.00467 P:0.00893 F:0.00613
4 ROUGE-4 Eval D1010-A.M.100.B.4 R:0.04622 P:0.15278 F:0.07097
4 ROUGE-4 Eval D1011-A.M.100.C.4 R:0.00000 P:0.00000 F:0.00000
4 ROUGE-4 Eval D1012-A.M.100.C.4 R:0.00000 P:0.00000 F:0.00000
4 ROUGE-4 Eval D1013-A.M.100.C.4 R:0.01688 P:0.06250 F:0.02658
4 ROUGE-4 Eval D1014-A.M.100.C.4 R:0.00000 P:0.00000 F:0.00000
4 ROUGE-4 Eval D1015-A.M.100.C.4 R:0.00000 P:0.00000 F:0.00000
4 ROUGE-4 Eval D1016-A.M.100.C.4 R:0.00000 P:0.00000 F:0.00000
4 ROUGE-4 Eval D1017-A.M.100.D.4 R:0.00000 P:0.00000 F:0.00000
4 ROUGE-4 Eval D1018-A.M.100.D.4 R:0.02203 P:0.02500 F:0.02342
4 ROUGE-4 Eval D1019-A.M.100.D.4 R:0.00000 P:0.00000 F:0.00000
4 ROUGE-4 Eval D1020-A.M.100.D.4 R:0.00000 P:0.00000 F:0.00000
4 ROUGE-4 Eval D1021-A.M.100.D.4 R:0.00000 P:0.00000 F:0.00000
4 ROUGE-4 Eval D1022-A.M.100.D.4 R:0.01762 P:0.03125 F:0.02253
4 ROUGE-4 Eval D1023-A.M.100.E.4 R:0.00000 P:0.00000 F:0.00000
4 ROUGE-4 Eval D1024-A.M.100.E.4 R:0.00000 P:0.00000 F:0.00000
4 ROUGE-4 Eval D1025-A.M.100.E.4 R:0.00000 P:0.00000 F:0.00000
4 ROUGE-4 Eval D1026-A.M.100.E.4 R:0.00000 P:0.00000 F:0.00000
4 ROUGE-4 Eval D1027-A.M.100.E.4 R:0.00000 P:0.00000 F:0.00000
4 ROUGE-4 Eval D1028-A.M.100.E.4 R:0.00877 P:0.01282 F:0.01042
4 ROUGE-4 Eval D1029-A.M.100.F.4 R:0.00000 P:0.00000 F:0.00000
4 ROUGE-4 Eval D1030-A.M.100.F.4 R:0.00000 P:0.00000 F:0.00000
4 ROUGE-4 Eval D1031-A.M.100.F.4 R:0.00000 P:0.00000 F:0.00000
4 ROUGE-4 Eval D1032-A.M.100.F.4 R:0.00000 P:0.00000 F:0.00000
4 ROUGE-4 Eval D1033-A.M.100.F.4 R:0.00435 P:0.00758 F:0.00553
4 ROUGE-4 Eval D1034-A.M.100.F.4 R:0.00000 P:0.00000 F:0.00000
4 ROUGE-4 Eval D1035-A.M.100.G.4 R:0.00000 P:0.00000 F:0.00000
4 ROUGE-4 Eval D1036-A.M.100.G.4 R:0.00000 P:0.00000 F:0.00000
4 ROUGE-4 Eval D1037-A.M.100.G.4 R:0.00000 P:0.00000 F:0.00000
4 ROUGE-4 Eval D1038-A.M.100.G.4 R:0.00412 P:0.00893 F:0.00564
4 ROUGE-4 Eval D1039-A.M.100.G.4 R:0.01288 P:0.01415 F:0.01349
4 ROUGE-4 Eval D1040-A.M.100.G.4 R:0.00000 P:0.00000 F:0.00000
4 ROUGE-4 Eval D1041-A.M.100.H.4 R:0.00000 P:0.00000 F:0.00000
4 ROUGE-4 Eval D1042-A.M.100.H.4 R:0.00474 P:0.01389 F:0.00707
4 ROUGE-4 Eval D1043-A.M.100.H.4 R:0.01786 P:0.03571 F:0.02381
4 ROUGE-4 Eval D1044-A.M.100.H.4 R:0.00000 P:0.00000 F:0.00000
4 ROUGE-4 Eval D1045-A.M.100.H.4 R:0.00413 P:0.01316 F:0.00629
4 ROUGE-4 Eval D1046-A.M.100.H.4 R:0.00000 P:0.00000 F:0.00000
