---------------------------------------------
4 ROUGE-1 Average_R: 0.16389 ( 95%-conf.int. 0.14201 - 0.18498)
4 ROUGE-1 Average_P: 0.21609 ( 95%-conf.int. 0.18780 - 0.24261)
4 ROUGE-1 Average_F: 0.18547 ( 95%-conf.int. 0.16184 - 0.20876)
.............................................
4 ROUGE-1 Eval D1001-A.M.100.A.4 R:0.22222 P:0.31395 F:0.26024
4 ROUGE-1 Eval D1002-A.M.100.A.4 R:0.11297 P:0.18750 F:0.14099
4 ROUGE-1 Eval D1003-A.M.100.A.4 R:0.17316 P:0.21277 F:0.19093
4 ROUGE-1 Eval D1004-A.M.100.A.4 R:0.21901 P:0.25980 F:0.23767
4 ROUGE-1 Eval D1005-A.M.100.A.4 R:0.15164 P:0.22024 F:0.17961
4 ROUGE-1 Eval D1006-A.M.100.A.4 R:0.21073 P:0.33537 F:0.25883
4 ROUGE-1 Eval D1007-A.M.100.B.4 R:0.17333 P:0.16810 F:0.17067
4 ROUGE-1 Eval D1008-A.M.100.B.4 R:0.12097 P:0.24194 F:0.16129
4 ROUGE-1 Eval D1009-A.M.100.B.4 R:0.33186 P:0.45732 F:0.38462
4 ROUGE-1 Eval D1010-A.M.100.B.4 R:0.16400 P:0.27703 F:0.20603
4 ROUGE-1 Eval D1011-A.M.100.C.4 R:0.04741 P:0.06111 F:0.05340
4 ROUGE-1 Eval D1012-A.M.100.C.4 R:0.16667 P:0.18636 F:0.17597
4 ROUGE-1 Eval D1013-A.M.100.C.4 R:0.12851 P:0.19512 F:0.15496
4 ROUGE-1 Eval D1014-A.M.100.C.4 R:0.10042 P:0.11765 F:0.10835
4 ROUGE-1 Eval D1015-A.M.100.C.4 R:0.09434 P:0.14881 F:0.11547
4 ROUGE-1 Eval D1016-A.M.100.C.4 R:0.18386 P:0.21354 F:0.19759
4 ROUGE-1 Eval D1017-A.M.100.D.4 R:0.20408 P:0.27778 F:0.23529
4 ROUGE-1 Eval D1018-A.M.100.D.4 R:0.13389 P:0.18605 F:0.15572
4 ROUGE-1 Eval D1019-A.M.100.D.4 R:0.17917 P:0.27564 F:0.21717
4 ROUGE-1 Eval D1020-A.M.100.D.4 R:0.13223 P:0.16667 F:0.14747
4 ROUGE-1 Eval D1021-A.M.100.D.4 R:0.06780 P:0.09302 F:0.07843
4 ROUGE-1 Eval D1022-A.M.100.D.4 R:0.22176 P:0.28804 F:0.25059
4 ROUGE-1 Eval D1023-A.M.100.E.4 R:0.02479 P:0.03409 F:0.02871
4 ROUGE-1 Eval D1024-A.M.100.E.4 R:0.25417 P:0.37195 F:0.30198
4 ROUGE-1 Eval D1025-A.M.100.E.4 R:0.19027 P:0.25000 F:0.21608
4 ROUGE-1 Eval D1026-A.M.100.E.4 R:0.03419 P:0.05263 F:0.04145
4 ROUGE-1 Eval D1027-A.M.100.E.4 R:0.15873 P:0.19608 F:0.17544
4 ROUGE-1 Eval D1028-A.M.100.E.4 R:0.26250 P:0.32143 F:0.28899
4 ROUGE-1 Eval D1029-A.M.100.F.4 R:0.27083 P:0.29018 F:0.28017
4 ROUGE-1 Eval D1030-A.M.100.F.4 R:0.09524 P:0.13333 F:0.11111
4 ROUGE-1 Eval D1031-A.M.100.F.4 R:0.05714 P:0.09211 F:0.07053
4 ROUGE-1 Eval D1032-A.M.100.F.4 R:0.23282 P:0.28241 F:0.25523
4 ROUGE-1 Eval D1033-A.M.100.F.4 R:0.26860 P:0.28017 F:0.27426
4 ROUGE-1 Eval D1034-A.M.100.F.4 R:0.10288 P:0.12019 F:0.11086
4 ROUGE-1 Eval D1035-A.M.100.G.4 R:0.03659 P:0.04018 F:0.03830
4 ROUGE-1 Eval D1036-A.M.100.G.4 R:0.11837 P:0.14796 F:0.13152
4 ROUGE-1 Eval D1037-A.M.100.G.4 R:0.11111 P:0.11321 F:0.11215
4 ROUGE-1 Eval D1038-A.M.100.G.4 R:0.12941 P:0.19643 F:0.15603
4 ROUGE-1 Eval D1039-A.M.100.G.4 R:0.20000 P:0.26630 F:0.22844
4 ROUGE-1 Eval D1040-A.M.100.G.4 R:0.27234 P:0.38095 F:0.31762
4 ROUGE-1 Eval D1041-A.M.100.H.4 R:0.27165 P:0.40116 F:0.32394
4 ROUGE-1 Eval D1042-A.M.100.H.4 R:0.23318 P:0.26531 F:0.24821
4 ROUGE-1 Eval D1043-A.M.100.H.4 R:0.22458 P:0.28191 F:0.25000
4 ROUGE-1 Eval D1044-A.M.100.H.4 R:0.14768 P:0.17857 F:0.16166
4 ROUGE-1 Eval D1045-A.M.100.H.4 R:0.20079 P:0.22768 F:0.21339
4 ROUGE-1 Eval D1046-A.M.100.H.4 R:0.14173 P:0.18750 F:0.16143
---------------------------------------------
4 ROUGE-2 Average_R: 0.04094 ( 95%-conf.int. 0.03007 - 0.05146)
4 ROUGE-2 Average_P: 0.05495 ( 95%-conf.int. 0.03986 - 0.07012)
4 ROUGE-2 Average_F: 0.04669 ( 95%-conf.int. 0.03419 - 0.05942)
.............................................
4 ROUGE-2 Eval D1001-A.M.100.A.4 R:0.09623 P:0.13690 F:0.11302
4 ROUGE-2 Eval D1002-A.M.100.A.4 R:0.00000 P:0.00000 F:0.00000
4 ROUGE-2 Eval D1003-A.M.100.A.4 R:0.02203 P:0.02717 F:0.02433
4 ROUGE-2 Eval D1004-A.M.100.A.4 R:0.04202 P:0.05000 F:0.04566
4 ROUGE-2 Eval D1005-A.M.100.A.4 R:0.04583 P:0.06707 F:0.05445
4 ROUGE-2 Eval D1006-A.M.100.A.4 R:0.07393 P:0.11875 F:0.09113
4 ROUGE-2 Eval D1007-A.M.100.B.4 R:0.03620 P:0.03509 F:0.03564
4 ROUGE-2 Eval D1008-A.M.100.B.4 R:0.02049 P:0.04167 F:0.02747
4 ROUGE-2 Eval D1009-A.M.100.B.4 R:0.09459 P:0.13125 F:0.10994
4 ROUGE-2 Eval D1010-A.M.100.B.4 R:0.06911 P:0.11806 F:0.08718
4 ROUGE-2 Eval D1011-A.M.100.C.4 R:0.00000 P:0.00000 F:0.00000
4 ROUGE-2 Eval D1012-A.M.100.C.4 R:0.01653 P:0.01852 F:0.01747
4 ROUGE-2 Eval D1013-A.M.100.C.4 R:0.02041 P:0.03125 F:0.02469
4 ROUGE-2 Eval D1014-A.M.100.C.4 R:0.00426 P:0.00500 F:0.00460
4 ROUGE-2 Eval D1015-A.M.100.C.4 R:0.02299 P:0.03659 F:0.02824
4 ROUGE-2 Eval D1016-A.M.100.C.4 R:0.05023 P:0.05851 F:0.05405
4 ROUGE-2 Eval D1017-A.M.100.D.4 R:0.00830 P:0.01136 F:0.00959
4 ROUGE-2 Eval D1018-A.M.100.D.4 R:0.07234 P:0.10119 F:0.08437
4 ROUGE-2 Eval D1019-A.M.100.D.4 R:0.06356 P:0.09868 F:0.07732
4 ROUGE-2 Eval D1020-A.M.100.D.4 R:0.02521 P:0.03191 F:0.02817
4 ROUGE-2 Eval D1021-A.M.100.D.4 R:0.00000 P:0.00000 F:0.00000
4 ROUGE-2 Eval D1022-A.M.100.D.4 R:0.05106 P:0.06667 F:0.05783
4 ROUGE-2 Eval D1023-A.M.100.E.4 R:0.00000 P:0.00000 F:0.00000
4 ROUGE-2 Eval D1024-A.M.100.E.4 R:0.07203 P:0.10625 F:0.08586
4 ROUGE-2 Eval D1025-A.M.100.E.4 R:0.02703 P:0.03571 F:0.03077
4 ROUGE-2 Eval D1026-A.M.100.E.4 R:0.00000 P:0.00000 F:0.00000
4 ROUGE-2 Eval D1027-A.M.100.E.4 R:0.03226 P:0.04000 F:0.03572
4 ROUGE-2 Eval D1028-A.M.100.E.4 R:0.11017 P:0.13542 F:0.12150
4 ROUGE-2 Eval D1029-A.M.100.F.4 R:0.05932 P:0.06364 F:0.06140
4 ROUGE-2 Eval D1030-A.M.100.F.4 R:0.00000 P:0.00000 F:0.00000
4 ROUGE-2 Eval D1031-A.M.100.F.4 R:0.00415 P:0.00676 F:0.00514
4 ROUGE-2 Eval D1032-A.M.100.F.4 R:0.06977 P:0.08491 F:0.07660
4 ROUGE-2 Eval D1033-A.M.100.F.4 R:0.10504 P:0.10965 F:0.10730
4 ROUGE-2 Eval D1034-A.M.100.F.4 R:0.00418 P:0.00490 F:0.00451
4 ROUGE-2 Eval D1035-A.M.100.G.4 R:0.00000 P:0.00000 F:0.00000
4 ROUGE-2 Eval D1036-A.M.100.G.4 R:0.02490 P:0.03125 F:0.02772
4 ROUGE-2 Eval D1037-A.M.100.G.4 R:0.01887 P:0.01923 F:0.01905
4 ROUGE-2 Eval D1038-A.M.100.G.4 R:0.01594 P:0.02439 F:0.01928
4 ROUGE-2 Eval D1039-A.M.100.G.4 R:0.06639 P:0.08889 F:0.07601
4 ROUGE-2 Eval D1040-A.M.100.G.4 R:0.12121 P:0.17073 F:0.14177
4 ROUGE-2 Eval D1041-A.M.100.H.4 R:0.14400 P:0.21429 F:0.17225
4 ROUGE-2 Eval D1042-A.M.100.H.4 R:0.03653 P:0.04167 F:0.03893
4 ROUGE-2 Eval D1043-A.M.100.H.4 R:0.08621 P:0.10870 F:0.09616
4 ROUGE-2 Eval D1044-A.M.100.H.4 R:0.02575 P:0.03125 F:0.02823
4 ROUGE-2 Eval D1045-A.M.100.H.4 R:0.03600 P:0.04091 F:0.03830
4 ROUGE-2 Eval D1046-A.M.100.H.4 R:0.00800 P:0.01064 F:0.00913
---------------------------------------------
4 ROUGE-3 Average_R: 0.01598 ( 95%-conf.int. 0.01043 - 0.02180)
4 ROUGE-3 Average_P: 0.02202 ( 95%-conf.int. 0.01418 - 0.03008)
4 ROUGE-3 Average_F: 0.01844 ( 95%-conf.int. 0.01198 - 0.02497)
.............................................
4 ROUGE-3 Eval D1001-A.M.100.A.4 R:0.04681 P:0.06707 F:0.05514
4 ROUGE-3 Eval D1002-A.M.100.A.4 R:0.00000 P:0.00000 F:0.00000
4 ROUGE-3 Eval D1003-A.M.100.A.4 R:0.00000 P:0.00000 F:0.00000
4 ROUGE-3 Eval D1004-A.M.100.A.4 R:0.00000 P:0.00000 F:0.00000
4 ROUGE-3 Eval D1005-A.M.100.A.4 R:0.02542 P:0.03750 F:0.03030
4 ROUGE-3 Eval D1006-A.M.100.A.4 R:0.03162 P:0.05128 F:0.03912
4 ROUGE-3 Eval D1007-A.M.100.B.4 R:0.00000 P:0.00000 F:0.00000
4 ROUGE-3 Eval D1008-A.M.100.B.4 R:0.00417 P:0.00862 F:0.00562
4 ROUGE-3 Eval D1009-A.M.100.B.4 R:0.03670 P:0.05128 F:0.04278
4 ROUGE-3 Eval D1010-A.M.100.B.4 R:0.03719 P:0.06429 F:0.04712
4 ROUGE-3 Eval D1011-A.M.100.C.4 R:0.00000 P:0.00000 F:0.00000
4 ROUGE-3 Eval D1012-A.M.100.C.4 R:0.00420 P:0.00472 F:0.00444
4 ROUGE-3 Eval D1013-A.M.100.C.4 R:0.00000 P:0.00000 F:0.00000
4 ROUGE-3 Eval D1014-A.M.100.C.4 R:0.00000 P:0.00000 F:0.00000
4 ROUGE-3 Eval D1015-A.M.100.C.4 R:0.00000 P:0.00000 F:0.00000
4 ROUGE-3 Eval D1016-A.M.100.C.4 R:0.00930 P:0.01087 F:0.01002
4 ROUGE-3 Eval D1017-A.M.100.D.4 R:0.00000 P:0.00000 F:0.00000
4 ROUGE-3 Eval D1018-A.M.100.D.4 R:0.04762 P:0.06707 F:0.05570
4 ROUGE-3 Eval D1019-A.M.100.D.4 R:0.04310 P:0.06757 F:0.05263
4 ROUGE-3 Eval D1020-A.M.100.D.4 R:0.00427 P:0.00543 F:0.00478
4 ROUGE-3 Eval D1021-A.M.100.D.4 R:0.00000 P:0.00000 F:0.00000
4 ROUGE-3 Eval D1022-A.M.100.D.4 R:0.02597 P:0.03409 F:0.02948
4 ROUGE-3 Eval D1023-A.M.100.E.4 R:0.00000 P:0.00000 F:0.00000
4 ROUGE-3 Eval D1024-A.M.100.E.4 R:0.02586 P:0.03846 F:0.03093
4 ROUGE-3 Eval D1025-A.M.100.E.4 R:0.01376 P:0.01829 F:0.01570
4 ROUGE-3 Eval D1026-A.M.100.E.4 R:0.00000 P:0.00000 F:0.00000
4 ROUGE-3 Eval D1027-A.M.100.E.4 R:0.00820 P:0.01020 F:0.00909
4 ROUGE-3 Eval D1028-A.M.100.E.4 R:0.04310 P:0.05319 F:0.04762
4 ROUGE-3 Eval D1029-A.M.100.F.4 R:0.01724 P:0.01852 F:0.01786
4 ROUGE-3 Eval D1030-A.M.100.F.4 R:0.00000 P:0.00000 F:0.00000
4 ROUGE-3 Eval D1031-A.M.100.F.4 R:0.00000 P:0.00000 F:0.00000
4 ROUGE-3 Eval D1032-A.M.100.F.4 R:0.03543 P:0.04327 F:0.03896
4 ROUGE-3 Eval D1033-A.M.100.F.4 R:0.05556 P:0.05804 F:0.05677
4 ROUGE-3 Eval D1034-A.M.100.F.4 R:0.00000 P:0.00000 F:0.00000
4 ROUGE-3 Eval D1035-A.M.100.G.4 R:0.00000 P:0.00000 F:0.00000
4 ROUGE-3 Eval D1036-A.M.100.G.4 R:0.02110 P:0.02660 F:0.02353
4 ROUGE-3 Eval D1037-A.M.100.G.4 R:0.00000 P:0.00000 F:0.00000
4 ROUGE-3 Eval D1038-A.M.100.G.4 R:0.00405 P:0.00625 F:0.00492
4 ROUGE-3 Eval D1039-A.M.100.G.4 R:0.00844 P:0.01136 F:0.00968
4 ROUGE-3 Eval D1040-A.M.100.G.4 R:0.06608 P:0.09375 F:0.07752
4 ROUGE-3 Eval D1041-A.M.100.H.4 R:0.06911 P:0.10366 F:0.08293
4 ROUGE-3 Eval D1042-A.M.100.H.4 R:0.00000 P:0.00000 F:0.00000
4 ROUGE-3 Eval D1043-A.M.100.H.4 R:0.04386 P:0.05556 F:0.04902
4 ROUGE-3 Eval D1044-A.M.100.H.4 R:0.00437 P:0.00532 F:0.00480
4 ROUGE-3 Eval D1045-A.M.100.H.4 R:0.01220 P:0.01389 F:0.01299
4 ROUGE-3 Eval D1046-A.M.100.H.4 R:0.00000 P:0.00000 F:0.00000
---------------------------------------------
4 ROUGE-4 Average_R: 0.00678 ( 95%-conf.int. 0.00390 - 0.00993)
4 ROUGE-4 Average_P: 0.00939 ( 95%-conf.int. 0.00536 - 0.01398)
4 ROUGE-4 Average_F: 0.00784 ( 95%-conf.int. 0.00451 - 0.01156)
.............................................
4 ROUGE-4 Eval D1001-A.M.100.A.4 R:0.01732 P:0.02500 F:0.02046
4 ROUGE-4 Eval D1002-A.M.100.A.4 R:0.00000 P:0.00000 F:0.00000
4 ROUGE-4 Eval D1003-A.M.100.A.4 R:0.00000 P:0.00000 F:0.00000
4 ROUGE-4 Eval D1004-A.M.100.A.4 R:0.00000 P:0.00000 F:0.00000
4 ROUGE-4 Eval D1005-A.M.100.A.4 R:0.00862 P:0.01282 F:0.01031
4 ROUGE-4 Eval D1006-A.M.100.A.4 R:0.01205 P:0.01974 F:0.01496
4 ROUGE-4 Eval D1007-A.M.100.B.4 R:0.00000 P:0.00000 F:0.00000
4 ROUGE-4 Eval D1008-A.M.100.B.4 R:0.00000 P:0.00000 F:0.00000
4 ROUGE-4 Eval D1009-A.M.100.B.4 R:0.01869 P:0.02632 F:0.02186
4 ROUGE-4 Eval D1010-A.M.100.B.4 R:0.00840 P:0.01471 F:0.01069
4 ROUGE-4 Eval D1011-A.M.100.C.4 R:0.00000 P:0.00000 F:0.00000
4 ROUGE-4 Eval D1012-A.M.100.C.4 R:0.00000 P:0.00000 F:0.00000
4 ROUGE-4 Eval D1013-A.M.100.C.4 R:0.00000 P:0.00000 F:0.00000
4 ROUGE-4 Eval D1014-A.M.100.C.4 R:0.00000 P:0.00000 F:0.00000
4 ROUGE-4 Eval D1015-A.M.100.C.4 R:0.00000 P:0.00000 F:0.00000
4 ROUGE-4 Eval D1016-A.M.100.C.4 R:0.00474 P:0.00556 F:0.00512
4 ROUGE-4 Eval D1017-A.M.100.D.4 R:0.00000 P:0.00000 F:0.00000
4 ROUGE-4 Eval D1018-A.M.100.D.4 R:0.02203 P:0.03125 F:0.02584
4 ROUGE-4 Eval D1019-A.M.100.D.4 R:0.02632 P:0.04167 F:0.03226
4 ROUGE-4 Eval D1020-A.M.100.D.4 R:0.00000 P:0.00000 F:0.00000
4 ROUGE-4 Eval D1021-A.M.100.D.4 R:0.00000 P:0.00000 F:0.00000
4 ROUGE-4 Eval D1022-A.M.100.D.4 R:0.00881 P:0.01163 F:0.01003
4 ROUGE-4 Eval D1023-A.M.100.E.4 R:0.00000 P:0.00000 F:0.00000
4 ROUGE-4 Eval D1024-A.M.100.E.4 R:0.00877 P:0.01316 F:0.01053
4 ROUGE-4 Eval D1025-A.M.100.E.4 R:0.00000 P:0.00000 F:0.00000
4 ROUGE-4 Eval D1026-A.M.100.E.4 R:0.00000 P:0.00000 F:0.00000
4 ROUGE-4 Eval D1027-A.M.100.E.4 R:0.00000 P:0.00000 F:0.00000
4 ROUGE-4 Eval D1028-A.M.100.E.4 R:0.02193 P:0.02717 F:0.02427
4 ROUGE-4 Eval D1029-A.M.100.F.4 R:0.00000 P:0.00000 F:0.00000
4 ROUGE-4 Eval D1030-A.M.100.F.4 R:0.00000 P:0.00000 F:0.00000
4 ROUGE-4 Eval D1031-A.M.100.F.4 R:0.00000 P:0.00000 F:0.00000
4 ROUGE-4 Eval D1032-A.M.100.F.4 R:0.01200 P:0.01471 F:0.01322
4 ROUGE-4 Eval D1033-A.M.100.F.4 R:0.03043 P:0.03182 F:0.03111
4 ROUGE-4 Eval D1034-A.M.100.F.4 R:0.00000 P:0.00000 F:0.00000
4 ROUGE-4 Eval D1035-A.M.100.G.4 R:0.00000 P:0.00000 F:0.00000
4 ROUGE-4 Eval D1036-A.M.100.G.4 R:0.01717 P:0.02174 F:0.01919
4 ROUGE-4 Eval D1037-A.M.100.G.4 R:0.00000 P:0.00000 F:0.00000
4 ROUGE-4 Eval D1038-A.M.100.G.4 R:0.00000 P:0.00000 F:0.00000
4 ROUGE-4 Eval D1039-A.M.100.G.4 R:0.00000 P:0.00000 F:0.00000
4 ROUGE-4 Eval D1040-A.M.100.G.4 R:0.04036 P:0.05769 F:0.04749
4 ROUGE-4 Eval D1041-A.M.100.H.4 R:0.03719 P:0.05625 F:0.04478
4 ROUGE-4 Eval D1042-A.M.100.H.4 R:0.00000 P:0.00000 F:0.00000
4 ROUGE-4 Eval D1043-A.M.100.H.4 R:0.01786 P:0.02273 F:0.02000
4 ROUGE-4 Eval D1044-A.M.100.H.4 R:0.00000 P:0.00000 F:0.00000
4 ROUGE-4 Eval D1045-A.M.100.H.4 R:0.00413 P:0.00472 F:0.00441
4 ROUGE-4 Eval D1046-A.M.100.H.4 R:0.00000 P:0.00000 F:0.00000
