---------------------------------------------
4 ROUGE-1 Average_R: 0.24641 ( 95%-conf.int. 0.20756 - 0.28497)
4 ROUGE-1 Average_P: 0.28423 ( 95%-conf.int. 0.23785 - 0.33354)
4 ROUGE-1 Average_F: 0.26090 ( 95%-conf.int. 0.21857 - 0.30434)
.............................................
4 ROUGE-1 Eval D1001-A.M.100.A.4 R:0.06061 P:0.05000 F:0.05480
4 ROUGE-1 Eval D1002-A.M.100.A.4 R:0.21622 P:0.22222 F:0.21918
4 ROUGE-1 Eval D1003-A.M.100.A.4 R:0.38000 P:0.50000 F:0.43182
4 ROUGE-1 Eval D1004-A.M.100.A.4 R:0.20000 P:0.20000 F:0.20000
4 ROUGE-1 Eval D1005-A.M.100.A.4 R:0.17544 P:0.17544 F:0.17544
4 ROUGE-1 Eval D1006-A.M.100.A.4 R:0.14894 P:0.18919 F:0.16667
4 ROUGE-1 Eval D1007-A.M.100.B.4 R:0.32692 P:0.32075 F:0.32381
4 ROUGE-1 Eval D1008-A.M.100.B.4 R:0.14286 P:0.13636 F:0.13953
4 ROUGE-1 Eval D1009-A.M.100.B.4 R:0.19355 P:0.41379 F:0.26374
4 ROUGE-1 Eval D1010-A.M.100.B.4 R:0.21739 P:0.22727 F:0.22222
4 ROUGE-1 Eval D1011-A.M.100.C.4 R:0.07692 P:0.12121 F:0.09411
4 ROUGE-1 Eval D1012-A.M.100.C.4 R:0.18919 P:0.14286 F:0.16279
4 ROUGE-1 Eval D1013-A.M.100.C.4 R:0.11765 P:0.12245 F:0.12000
4 ROUGE-1 Eval D1014-A.M.100.C.4 R:0.13636 P:0.14286 F:0.13953
4 ROUGE-1 Eval D1015-A.M.100.C.4 R:0.55738 P:0.62963 F:0.59131
4 ROUGE-1 Eval D1016-A.M.100.C.4 R:0.31915 P:0.31915 F:0.31915
4 ROUGE-1 Eval D1017-A.M.100.D.4 R:0.47619 P:0.49180 F:0.48387
4 ROUGE-1 Eval D1018-A.M.100.D.4 R:0.06250 P:0.11111 F:0.08000
4 ROUGE-1 Eval D1019-A.M.100.D.4 R:0.25000 P:0.21429 F:0.23077
4 ROUGE-1 Eval D1020-A.M.100.D.4 R:0.12000 P:0.15000 F:0.13333
4 ROUGE-1 Eval D1021-A.M.100.D.4 R:0.42000 P:0.43750 F:0.42857
4 ROUGE-1 Eval D1022-A.M.100.D.4 R:0.20000 P:0.22222 F:0.21053
4 ROUGE-1 Eval D1023-A.M.100.E.4 R:0.16279 P:0.15556 F:0.15909
4 ROUGE-1 Eval D1024-A.M.100.E.4 R:0.12281 P:0.18421 F:0.14737
4 ROUGE-1 Eval D1025-A.M.100.E.4 R:0.35088 P:0.47619 F:0.40404
4 ROUGE-1 Eval D1026-A.M.100.E.4 R:0.13462 P:0.17073 F:0.15054
4 ROUGE-1 Eval D1027-A.M.100.E.4 R:0.07317 P:0.09091 F:0.08108
4 ROUGE-1 Eval D1028-A.M.100.E.4 R:0.17778 P:0.14035 F:0.15686
4 ROUGE-1 Eval D1029-A.M.100.F.4 R:0.22034 P:0.27660 F:0.24529
4 ROUGE-1 Eval D1030-A.M.100.F.4 R:0.16216 P:0.15000 F:0.15584
4 ROUGE-1 Eval D1031-A.M.100.F.4 R:0.47727 P:0.60000 F:0.53164
4 ROUGE-1 Eval D1032-A.M.100.F.4 R:0.30952 P:0.29545 F:0.30232
4 ROUGE-1 Eval D1033-A.M.100.F.4 R:0.33333 P:0.43137 F:0.37607
4 ROUGE-1 Eval D1034-A.M.100.F.4 R:0.14000 P:0.15217 F:0.14583
4 ROUGE-1 Eval D1035-A.M.100.G.4 R:0.13725 P:0.17949 F:0.15555
4 ROUGE-1 Eval D1036-A.M.100.G.4 R:0.20833 P:0.30303 F:0.24691
4 ROUGE-1 Eval D1037-A.M.100.G.4 R:0.36364 P:0.26667 F:0.30770
4 ROUGE-1 Eval D1038-A.M.100.G.4 R:0.20370 P:0.22449 F:0.21359
4 ROUGE-1 Eval D1039-A.M.100.G.4 R:0.24194 P:0.50000 F:0.32609
4 ROUGE-1 Eval D1040-A.M.100.G.4 R:0.15217 P:0.21212 F:0.17721
4 ROUGE-1 Eval D1041-A.M.100.H.4 R:0.12500 P:0.11364 F:0.11905
4 ROUGE-1 Eval D1042-A.M.100.H.4 R:0.42222 P:0.43182 F:0.42697
4 ROUGE-1 Eval D1043-A.M.100.H.4 R:0.50847 P:0.54545 F:0.52631
4 ROUGE-1 Eval D1044-A.M.100.H.4 R:0.22000 P:0.22449 F:0.22222
4 ROUGE-1 Eval D1045-A.M.100.H.4 R:0.54545 P:0.78947 F:0.64516
4 ROUGE-1 Eval D1046-A.M.100.H.4 R:0.55224 P:0.61667 F:0.58268
---------------------------------------------
4 ROUGE-2 Average_R: 0.10445 ( 95%-conf.int. 0.06755 - 0.14530)
4 ROUGE-2 Average_P: 0.12183 ( 95%-conf.int. 0.07630 - 0.17162)
4 ROUGE-2 Average_F: 0.11161 ( 95%-conf.int. 0.07024 - 0.15627)
.............................................
4 ROUGE-2 Eval D1001-A.M.100.A.4 R:0.03125 P:0.02564 F:0.02817
4 ROUGE-2 Eval D1002-A.M.100.A.4 R:0.05556 P:0.05714 F:0.05634
4 ROUGE-2 Eval D1003-A.M.100.A.4 R:0.16327 P:0.21622 F:0.18605
4 ROUGE-2 Eval D1004-A.M.100.A.4 R:0.04082 P:0.04082 F:0.04082
4 ROUGE-2 Eval D1005-A.M.100.A.4 R:0.07143 P:0.07143 F:0.07143
4 ROUGE-2 Eval D1006-A.M.100.A.4 R:0.02174 P:0.02778 F:0.02439
4 ROUGE-2 Eval D1007-A.M.100.B.4 R:0.17647 P:0.17308 F:0.17476
4 ROUGE-2 Eval D1008-A.M.100.B.4 R:0.04878 P:0.04651 F:0.04762
4 ROUGE-2 Eval D1009-A.M.100.B.4 R:0.03279 P:0.07143 F:0.04495
4 ROUGE-2 Eval D1010-A.M.100.B.4 R:0.08889 P:0.09302 F:0.09091
4 ROUGE-2 Eval D1011-A.M.100.C.4 R:0.03922 P:0.06250 F:0.04820
4 ROUGE-2 Eval D1012-A.M.100.C.4 R:0.00000 P:0.00000 F:0.00000
4 ROUGE-2 Eval D1013-A.M.100.C.4 R:0.02000 P:0.02083 F:0.02041
4 ROUGE-2 Eval D1014-A.M.100.C.4 R:0.02326 P:0.02439 F:0.02381
4 ROUGE-2 Eval D1015-A.M.100.C.4 R:0.38333 P:0.43396 F:0.40708
4 ROUGE-2 Eval D1016-A.M.100.C.4 R:0.06522 P:0.06522 F:0.06522
4 ROUGE-2 Eval D1017-A.M.100.D.4 R:0.38710 P:0.40000 F:0.39344
4 ROUGE-2 Eval D1018-A.M.100.D.4 R:0.00000 P:0.00000 F:0.00000
4 ROUGE-2 Eval D1019-A.M.100.D.4 R:0.02128 P:0.01818 F:0.01961
4 ROUGE-2 Eval D1020-A.M.100.D.4 R:0.00000 P:0.00000 F:0.00000
4 ROUGE-2 Eval D1021-A.M.100.D.4 R:0.10204 P:0.10638 F:0.10416
4 ROUGE-2 Eval D1022-A.M.100.D.4 R:0.02041 P:0.02273 F:0.02151
4 ROUGE-2 Eval D1023-A.M.100.E.4 R:0.00000 P:0.00000 F:0.00000
4 ROUGE-2 Eval D1024-A.M.100.E.4 R:0.01786 P:0.02703 F:0.02151
4 ROUGE-2 Eval D1025-A.M.100.E.4 R:0.23214 P:0.31707 F:0.26804
4 ROUGE-2 Eval D1026-A.M.100.E.4 R:0.00000 P:0.00000 F:0.00000
4 ROUGE-2 Eval D1027-A.M.100.E.4 R:0.02500 P:0.03125 F:0.02778
4 ROUGE-2 Eval D1028-A.M.100.E.4 R:0.04545 P:0.03571 F:0.04000
4 ROUGE-2 Eval D1029-A.M.100.F.4 R:0.00000 P:0.00000 F:0.00000
4 ROUGE-2 Eval D1030-A.M.100.F.4 R:0.00000 P:0.00000 F:0.00000
4 ROUGE-2 Eval D1031-A.M.100.F.4 R:0.41860 P:0.52941 F:0.46753
4 ROUGE-2 Eval D1032-A.M.100.F.4 R:0.09756 P:0.09302 F:0.09524
4 ROUGE-2 Eval D1033-A.M.100.F.4 R:0.12308 P:0.16000 F:0.13913
4 ROUGE-2 Eval D1034-A.M.100.F.4 R:0.00000 P:0.00000 F:0.00000
4 ROUGE-2 Eval D1035-A.M.100.G.4 R:0.04000 P:0.05263 F:0.04545
4 ROUGE-2 Eval D1036-A.M.100.G.4 R:0.02128 P:0.03125 F:0.02532
4 ROUGE-2 Eval D1037-A.M.100.G.4 R:0.09375 P:0.06818 F:0.07895
4 ROUGE-2 Eval D1038-A.M.100.G.4 R:0.11321 P:0.12500 F:0.11881
4 ROUGE-2 Eval D1039-A.M.100.G.4 R:0.04918 P:0.10345 F:0.06667
4 ROUGE-2 Eval D1040-A.M.100.G.4 R:0.02222 P:0.03125 F:0.02597
4 ROUGE-2 Eval D1041-A.M.100.H.4 R:0.02564 P:0.02326 F:0.02439
4 ROUGE-2 Eval D1042-A.M.100.H.4 R:0.25000 P:0.25581 F:0.25287
4 ROUGE-2 Eval D1043-A.M.100.H.4 R:0.41379 P:0.44444 F:0.42857
4 ROUGE-2 Eval D1044-A.M.100.H.4 R:0.04082 P:0.04167 F:0.04124
4 ROUGE-2 Eval D1045-A.M.100.H.4 R:0.46296 P:0.67568 F:0.54945
4 ROUGE-2 Eval D1046-A.M.100.H.4 R:0.50000 P:0.55932 F:0.52800
---------------------------------------------
4 ROUGE-3 Average_R: 0.07217 ( 95%-conf.int. 0.03718 - 0.11201)
4 ROUGE-3 Average_P: 0.08523 ( 95%-conf.int. 0.04320 - 0.13314)
4 ROUGE-3 Average_F: 0.07771 ( 95%-conf.int. 0.04032 - 0.11991)
.............................................
4 ROUGE-3 Eval D1001-A.M.100.A.4 R:0.00000 P:0.00000 F:0.00000
4 ROUGE-3 Eval D1002-A.M.100.A.4 R:0.00000 P:0.00000 F:0.00000
4 ROUGE-3 Eval D1003-A.M.100.A.4 R:0.04167 P:0.05556 F:0.04762
4 ROUGE-3 Eval D1004-A.M.100.A.4 R:0.00000 P:0.00000 F:0.00000
4 ROUGE-3 Eval D1005-A.M.100.A.4 R:0.03636 P:0.03636 F:0.03636
4 ROUGE-3 Eval D1006-A.M.100.A.4 R:0.00000 P:0.00000 F:0.00000
4 ROUGE-3 Eval D1007-A.M.100.B.4 R:0.08000 P:0.07843 F:0.07921
4 ROUGE-3 Eval D1008-A.M.100.B.4 R:0.02500 P:0.02381 F:0.02439
4 ROUGE-3 Eval D1009-A.M.100.B.4 R:0.01667 P:0.03704 F:0.02299
4 ROUGE-3 Eval D1010-A.M.100.B.4 R:0.04545 P:0.04762 F:0.04651
4 ROUGE-3 Eval D1011-A.M.100.C.4 R:0.00000 P:0.00000 F:0.00000
4 ROUGE-3 Eval D1012-A.M.100.C.4 R:0.00000 P:0.00000 F:0.00000
4 ROUGE-3 Eval D1013-A.M.100.C.4 R:0.00000 P:0.00000 F:0.00000
4 ROUGE-3 Eval D1014-A.M.100.C.4 R:0.00000 P:0.00000 F:0.00000
4 ROUGE-3 Eval D1015-A.M.100.C.4 R:0.33898 P:0.38462 F:0.36036
4 ROUGE-3 Eval D1016-A.M.100.C.4 R:0.00000 P:0.00000 F:0.00000
4 ROUGE-3 Eval D1017-A.M.100.D.4 R:0.37705 P:0.38983 F:0.38333
4 ROUGE-3 Eval D1018-A.M.100.D.4 R:0.00000 P:0.00000 F:0.00000
4 ROUGE-3 Eval D1019-A.M.100.D.4 R:0.00000 P:0.00000 F:0.00000
4 ROUGE-3 Eval D1020-A.M.100.D.4 R:0.00000 P:0.00000 F:0.00000
4 ROUGE-3 Eval D1021-A.M.100.D.4 R:0.02083 P:0.02174 F:0.02128
4 ROUGE-3 Eval D1022-A.M.100.D.4 R:0.00000 P:0.00000 F:0.00000
4 ROUGE-3 Eval D1023-A.M.100.E.4 R:0.00000 P:0.00000 F:0.00000
4 ROUGE-3 Eval D1024-A.M.100.E.4 R:0.00000 P:0.00000 F:0.00000
4 ROUGE-3 Eval D1025-A.M.100.E.4 R:0.20000 P:0.27500 F:0.23158
4 ROUGE-3 Eval D1026-A.M.100.E.4 R:0.00000 P:0.00000 F:0.00000
4 ROUGE-3 Eval D1027-A.M.100.E.4 R:0.00000 P:0.00000 F:0.00000
4 ROUGE-3 Eval D1028-A.M.100.E.4 R:0.00000 P:0.00000 F:0.00000
4 ROUGE-3 Eval D1029-A.M.100.F.4 R:0.00000 P:0.00000 F:0.00000
4 ROUGE-3 Eval D1030-A.M.100.F.4 R:0.00000 P:0.00000 F:0.00000
4 ROUGE-3 Eval D1031-A.M.100.F.4 R:0.38095 P:0.48485 F:0.42667
4 ROUGE-3 Eval D1032-A.M.100.F.4 R:0.05000 P:0.04762 F:0.04878
4 ROUGE-3 Eval D1033-A.M.100.F.4 R:0.06250 P:0.08163 F:0.07080
4 ROUGE-3 Eval D1034-A.M.100.F.4 R:0.00000 P:0.00000 F:0.00000
4 ROUGE-3 Eval D1035-A.M.100.G.4 R:0.00000 P:0.00000 F:0.00000
4 ROUGE-3 Eval D1036-A.M.100.G.4 R:0.00000 P:0.00000 F:0.00000
4 ROUGE-3 Eval D1037-A.M.100.G.4 R:0.03226 P:0.02326 F:0.02703
4 ROUGE-3 Eval D1038-A.M.100.G.4 R:0.09615 P:0.10638 F:0.10101
4 ROUGE-3 Eval D1039-A.M.100.G.4 R:0.01667 P:0.03571 F:0.02273
4 ROUGE-3 Eval D1040-A.M.100.G.4 R:0.00000 P:0.00000 F:0.00000
4 ROUGE-3 Eval D1041-A.M.100.H.4 R:0.00000 P:0.00000 F:0.00000
4 ROUGE-3 Eval D1042-A.M.100.H.4 R:0.16279 P:0.16667 F:0.16471
4 ROUGE-3 Eval D1043-A.M.100.H.4 R:0.40351 P:0.43396 F:0.41818
4 ROUGE-3 Eval D1044-A.M.100.H.4 R:0.02083 P:0.02128 F:0.02105
4 ROUGE-3 Eval D1045-A.M.100.H.4 R:0.41509 P:0.61111 F:0.49438
4 ROUGE-3 Eval D1046-A.M.100.H.4 R:0.47692 P:0.53448 F:0.50406
---------------------------------------------
4 ROUGE-4 Average_R: 0.06008 ( 95%-conf.int. 0.02638 - 0.09826)
4 ROUGE-4 Average_P: 0.07175 ( 95%-conf.int. 0.03141 - 0.11879)
4 ROUGE-4 Average_F: 0.06513 ( 95%-conf.int. 0.02876 - 0.10665)
.............................................
4 ROUGE-4 Eval D1001-A.M.100.A.4 R:0.00000 P:0.00000 F:0.00000
4 ROUGE-4 Eval D1002-A.M.100.A.4 R:0.00000 P:0.00000 F:0.00000
4 ROUGE-4 Eval D1003-A.M.100.A.4 R:0.02128 P:0.02857 F:0.02439
4 ROUGE-4 Eval D1004-A.M.100.A.4 R:0.00000 P:0.00000 F:0.00000
4 ROUGE-4 Eval D1005-A.M.100.A.4 R:0.01852 P:0.01852 F:0.01852
4 ROUGE-4 Eval D1006-A.M.100.A.4 R:0.00000 P:0.00000 F:0.00000
4 ROUGE-4 Eval D1007-A.M.100.B.4 R:0.02041 P:0.02000 F:0.02020
4 ROUGE-4 Eval D1008-A.M.100.B.4 R:0.00000 P:0.00000 F:0.00000
4 ROUGE-4 Eval D1009-A.M.100.B.4 R:0.00000 P:0.00000 F:0.00000
4 ROUGE-4 Eval D1010-A.M.100.B.4 R:0.00000 P:0.00000 F:0.00000
4 ROUGE-4 Eval D1011-A.M.100.C.4 R:0.00000 P:0.00000 F:0.00000
4 ROUGE-4 Eval D1012-A.M.100.C.4 R:0.00000 P:0.00000 F:0.00000
4 ROUGE-4 Eval D1013-A.M.100.C.4 R:0.00000 P:0.00000 F:0.00000
4 ROUGE-4 Eval D1014-A.M.100.C.4 R:0.00000 P:0.00000 F:0.00000
4 ROUGE-4 Eval D1015-A.M.100.C.4 R:0.29310 P:0.33333 F:0.31192
4 ROUGE-4 Eval D1016-A.M.100.C.4 R:0.00000 P:0.00000 F:0.00000
4 ROUGE-4 Eval D1017-A.M.100.D.4 R:0.36667 P:0.37931 F:0.37288
4 ROUGE-4 Eval D1018-A.M.100.D.4 R:0.00000 P:0.00000 F:0.00000
4 ROUGE-4 Eval D1019-A.M.100.D.4 R:0.00000 P:0.00000 F:0.00000
4 ROUGE-4 Eval D1020-A.M.100.D.4 R:0.00000 P:0.00000 F:0.00000
4 ROUGE-4 Eval D1021-A.M.100.D.4 R:0.00000 P:0.00000 F:0.00000
4 ROUGE-4 Eval D1022-A.M.100.D.4 R:0.00000 P:0.00000 F:0.00000
4 ROUGE-4 Eval D1023-A.M.100.E.4 R:0.00000 P:0.00000 F:0.00000
4 ROUGE-4 Eval D1024-A.M.100.E.4 R:0.00000 P:0.00000 F:0.00000
4 ROUGE-4 Eval D1025-A.M.100.E.4 R:0.18519 P:0.25641 F:0.21506
4 ROUGE-4 Eval D1026-A.M.100.E.4 R:0.00000 P:0.00000 F:0.00000
4 ROUGE-4 Eval D1027-A.M.100.E.4 R:0.00000 P:0.00000 F:0.00000
4 ROUGE-4 Eval D1028-A.M.100.E.4 R:0.00000 P:0.00000 F:0.00000
4 ROUGE-4 Eval D1029-A.M.100.F.4 R:0.00000 P:0.00000 F:0.00000
4 ROUGE-4 Eval D1030-A.M.100.F.4 R:0.00000 P:0.00000 F:0.00000
4 ROUGE-4 Eval D1031-A.M.100.F.4 R:0.36585 P:0.46875 F:0.41096
4 ROUGE-4 Eval D1032-A.M.100.F.4 R:0.00000 P:0.00000 F:0.00000
4 ROUGE-4 Eval D1033-A.M.100.F.4 R:0.04762 P:0.06250 F:0.05405
4 ROUGE-4 Eval D1034-A.M.100.F.4 R:0.00000 P:0.00000 F:0.00000
4 ROUGE-4 Eval D1035-A.M.100.G.4 R:0.00000 P:0.00000 F:0.00000
4 ROUGE-4 Eval D1036-A.M.100.G.4 R:0.00000 P:0.00000 F:0.00000
4 ROUGE-4 Eval D1037-A.M.100.G.4 R:0.00000 P:0.00000 F:0.00000
4 ROUGE-4 Eval D1038-A.M.100.G.4 R:0.07843 P:0.08696 F:0.08248
4 ROUGE-4 Eval D1039-A.M.100.G.4 R:0.00000 P:0.00000 F:0.00000
4 ROUGE-4 Eval D1040-A.M.100.G.4 R:0.00000 P:0.00000 F:0.00000
4 ROUGE-4 Eval D1041-A.M.100.H.4 R:0.00000 P:0.00000 F:0.00000
4 ROUGE-4 Eval D1042-A.M.100.H.4 R:0.11905 P:0.12195 F:0.12048
4 ROUGE-4 Eval D1043-A.M.100.H.4 R:0.39286 P:0.42308 F:0.40741
4 ROUGE-4 Eval D1044-A.M.100.H.4 R:0.00000 P:0.00000 F:0.00000
4 ROUGE-4 Eval D1045-A.M.100.H.4 R:0.38462 P:0.57143 F:0.45977
4 ROUGE-4 Eval D1046-A.M.100.H.4 R:0.45312 P:0.50877 F:0.47934
