---------------------------------------------
4 ROUGE-1 Average_R: 0.18111 ( 95%-conf.int. 0.15838 - 0.20363)
4 ROUGE-1 Average_P: 0.22588 ( 95%-conf.int. 0.19836 - 0.25360)
4 ROUGE-1 Average_F: 0.19990 ( 95%-conf.int. 0.17606 - 0.22458)
.............................................
4 ROUGE-1 Eval D1001-A.M.100.A.4 R:0.25514 P:0.36047 F:0.29879
4 ROUGE-1 Eval D1002-A.M.100.A.4 R:0.15063 P:0.21951 F:0.17866
4 ROUGE-1 Eval D1003-A.M.100.A.4 R:0.08658 P:0.12195 F:0.10127
4 ROUGE-1 Eval D1004-A.M.100.A.4 R:0.23967 P:0.32955 F:0.27751
4 ROUGE-1 Eval D1005-A.M.100.A.4 R:0.02459 P:0.03000 F:0.02703
4 ROUGE-1 Eval D1006-A.M.100.A.4 R:0.21073 P:0.25943 F:0.23256
4 ROUGE-1 Eval D1007-A.M.100.B.4 R:0.24444 P:0.29891 F:0.26894
4 ROUGE-1 Eval D1008-A.M.100.B.4 R:0.07661 P:0.08962 F:0.08261
4 ROUGE-1 Eval D1009-A.M.100.B.4 R:0.22566 P:0.27128 F:0.24638
4 ROUGE-1 Eval D1010-A.M.100.B.4 R:0.17600 P:0.22449 F:0.19731
4 ROUGE-1 Eval D1011-A.M.100.C.4 R:0.06034 P:0.10606 F:0.07692
4 ROUGE-1 Eval D1012-A.M.100.C.4 R:0.23577 P:0.28431 F:0.25777
4 ROUGE-1 Eval D1013-A.M.100.C.4 R:0.25301 P:0.33511 F:0.28833
4 ROUGE-1 Eval D1014-A.M.100.C.4 R:0.14644 P:0.19022 F:0.16548
4 ROUGE-1 Eval D1015-A.M.100.C.4 R:0.10189 P:0.14674 F:0.12027
4 ROUGE-1 Eval D1016-A.M.100.C.4 R:0.25112 P:0.34146 F:0.28940
4 ROUGE-1 Eval D1017-A.M.100.D.4 R:0.14694 P:0.16981 F:0.15755
4 ROUGE-1 Eval D1018-A.M.100.D.4 R:0.27615 P:0.28448 F:0.28025
4 ROUGE-1 Eval D1019-A.M.100.D.4 R:0.25833 P:0.27679 F:0.26724
4 ROUGE-1 Eval D1020-A.M.100.D.4 R:0.14463 P:0.17857 F:0.15982
4 ROUGE-1 Eval D1021-A.M.100.D.4 R:0.14831 P:0.17500 F:0.16055
4 ROUGE-1 Eval D1022-A.M.100.D.4 R:0.28452 P:0.26984 F:0.27699
4 ROUGE-1 Eval D1023-A.M.100.E.4 R:0.16529 P:0.18182 F:0.17316
4 ROUGE-1 Eval D1024-A.M.100.E.4 R:0.17917 P:0.19196 F:0.18534
4 ROUGE-1 Eval D1025-A.M.100.E.4 R:0.32743 P:0.34906 F:0.33790
4 ROUGE-1 Eval D1026-A.M.100.E.4 R:0.02991 P:0.03017 F:0.03004
4 ROUGE-1 Eval D1027-A.M.100.E.4 R:0.33333 P:0.38889 F:0.35897
4 ROUGE-1 Eval D1028-A.M.100.E.4 R:0.22500 P:0.26471 F:0.24324
4 ROUGE-1 Eval D1029-A.M.100.F.4 R:0.04167 P:0.06098 F:0.04951
4 ROUGE-1 Eval D1030-A.M.100.F.4 R:0.11508 P:0.14216 F:0.12719
4 ROUGE-1 Eval D1031-A.M.100.F.4 R:0.14694 P:0.20000 F:0.16941
4 ROUGE-1 Eval D1032-A.M.100.F.4 R:0.25191 P:0.42308 F:0.31579
4 ROUGE-1 Eval D1033-A.M.100.F.4 R:0.06198 P:0.06466 F:0.06329
4 ROUGE-1 Eval D1034-A.M.100.F.4 R:0.10700 P:0.13265 F:0.11845
4 ROUGE-1 Eval D1035-A.M.100.G.4 R:0.15041 P:0.21023 F:0.17536
4 ROUGE-1 Eval D1036-A.M.100.G.4 R:0.20000 P:0.29167 F:0.23729
4 ROUGE-1 Eval D1037-A.M.100.G.4 R:0.12500 P:0.12054 F:0.12273
4 ROUGE-1 Eval D1038-A.M.100.G.4 R:0.18039 P:0.20536 F:0.19207
4 ROUGE-1 Eval D1039-A.M.100.G.4 R:0.27347 P:0.45270 F:0.34097
4 ROUGE-1 Eval D1040-A.M.100.G.4 R:0.08511 P:0.17241 F:0.11396
4 ROUGE-1 Eval D1041-A.M.100.H.4 R:0.18898 P:0.21429 F:0.20084
4 ROUGE-1 Eval D1042-A.M.100.H.4 R:0.31839 P:0.33491 F:0.32644
4 ROUGE-1 Eval D1043-A.M.100.H.4 R:0.16949 P:0.20833 F:0.18691
4 ROUGE-1 Eval D1044-A.M.100.H.4 R:0.27426 P:0.36932 F:0.31477
4 ROUGE-1 Eval D1045-A.M.100.H.4 R:0.20079 P:0.22768 F:0.21339
4 ROUGE-1 Eval D1046-A.M.100.H.4 R:0.18110 P:0.18852 F:0.18474
---------------------------------------------
4 ROUGE-2 Average_R: 0.04693 ( 95%-conf.int. 0.03669 - 0.05679)
4 ROUGE-2 Average_P: 0.05908 ( 95%-conf.int. 0.04660 - 0.07125)
4 ROUGE-2 Average_F: 0.05198 ( 95%-conf.int. 0.04088 - 0.06239)
.............................................
4 ROUGE-2 Eval D1001-A.M.100.A.4 R:0.04603 P:0.06548 F:0.05406
4 ROUGE-2 Eval D1002-A.M.100.A.4 R:0.03404 P:0.05000 F:0.04050
4 ROUGE-2 Eval D1003-A.M.100.A.4 R:0.02643 P:0.03750 F:0.03101
4 ROUGE-2 Eval D1004-A.M.100.A.4 R:0.07563 P:0.10465 F:0.08780
4 ROUGE-2 Eval D1005-A.M.100.A.4 R:0.01250 P:0.01531 F:0.01376
4 ROUGE-2 Eval D1006-A.M.100.A.4 R:0.04280 P:0.05288 F:0.04731
4 ROUGE-2 Eval D1007-A.M.100.B.4 R:0.08145 P:0.10000 F:0.08978
4 ROUGE-2 Eval D1008-A.M.100.B.4 R:0.00820 P:0.00962 F:0.00885
4 ROUGE-2 Eval D1009-A.M.100.B.4 R:0.06306 P:0.07609 F:0.06896
4 ROUGE-2 Eval D1010-A.M.100.B.4 R:0.04065 P:0.05208 F:0.04566
4 ROUGE-2 Eval D1011-A.M.100.C.4 R:0.01754 P:0.03125 F:0.02247
4 ROUGE-2 Eval D1012-A.M.100.C.4 R:0.04959 P:0.06000 F:0.05430
4 ROUGE-2 Eval D1013-A.M.100.C.4 R:0.09796 P:0.13043 F:0.11189
4 ROUGE-2 Eval D1014-A.M.100.C.4 R:0.00000 P:0.00000 F:0.00000
4 ROUGE-2 Eval D1015-A.M.100.C.4 R:0.03065 P:0.04444 F:0.03628
4 ROUGE-2 Eval D1016-A.M.100.C.4 R:0.10046 P:0.13750 F:0.11610
4 ROUGE-2 Eval D1017-A.M.100.D.4 R:0.01660 P:0.01923 F:0.01782
4 ROUGE-2 Eval D1018-A.M.100.D.4 R:0.09362 P:0.09649 F:0.09503
4 ROUGE-2 Eval D1019-A.M.100.D.4 R:0.03814 P:0.04091 F:0.03948
4 ROUGE-2 Eval D1020-A.M.100.D.4 R:0.04202 P:0.05208 F:0.04651
4 ROUGE-2 Eval D1021-A.M.100.D.4 R:0.04310 P:0.05102 F:0.04673
4 ROUGE-2 Eval D1022-A.M.100.D.4 R:0.05106 P:0.04839 F:0.04969
4 ROUGE-2 Eval D1023-A.M.100.E.4 R:0.00000 P:0.00000 F:0.00000
4 ROUGE-2 Eval D1024-A.M.100.E.4 R:0.04237 P:0.04545 F:0.04386
4 ROUGE-2 Eval D1025-A.M.100.E.4 R:0.11712 P:0.12500 F:0.12093
4 ROUGE-2 Eval D1026-A.M.100.E.4 R:0.00000 P:0.00000 F:0.00000
4 ROUGE-2 Eval D1027-A.M.100.E.4 R:0.10887 P:0.12736 F:0.11739
4 ROUGE-2 Eval D1028-A.M.100.E.4 R:0.10593 P:0.12500 F:0.11468
4 ROUGE-2 Eval D1029-A.M.100.F.4 R:0.00000 P:0.00000 F:0.00000
4 ROUGE-2 Eval D1030-A.M.100.F.4 R:0.00000 P:0.00000 F:0.00000
4 ROUGE-2 Eval D1031-A.M.100.F.4 R:0.00830 P:0.01136 F:0.00959
4 ROUGE-2 Eval D1032-A.M.100.F.4 R:0.05814 P:0.09868 F:0.07317
4 ROUGE-2 Eval D1033-A.M.100.F.4 R:0.02941 P:0.03070 F:0.03004
4 ROUGE-2 Eval D1034-A.M.100.F.4 R:0.00000 P:0.00000 F:0.00000
4 ROUGE-2 Eval D1035-A.M.100.G.4 R:0.02479 P:0.03488 F:0.02898
4 ROUGE-2 Eval D1036-A.M.100.G.4 R:0.02490 P:0.03659 F:0.02963
4 ROUGE-2 Eval D1037-A.M.100.G.4 R:0.01887 P:0.01818 F:0.01852
4 ROUGE-2 Eval D1038-A.M.100.G.4 R:0.04382 P:0.05000 F:0.04671
4 ROUGE-2 Eval D1039-A.M.100.G.4 R:0.10788 P:0.18056 F:0.13506
4 ROUGE-2 Eval D1040-A.M.100.G.4 R:0.03030 P:0.06250 F:0.04081
4 ROUGE-2 Eval D1041-A.M.100.H.4 R:0.06000 P:0.06818 F:0.06383
4 ROUGE-2 Eval D1042-A.M.100.H.4 R:0.12329 P:0.12981 F:0.12647
4 ROUGE-2 Eval D1043-A.M.100.H.4 R:0.07759 P:0.09574 F:0.08571
4 ROUGE-2 Eval D1044-A.M.100.H.4 R:0.08584 P:0.11628 F:0.09877
4 ROUGE-2 Eval D1045-A.M.100.H.4 R:0.04000 P:0.04545 F:0.04255
4 ROUGE-2 Eval D1046-A.M.100.H.4 R:0.04000 P:0.04167 F:0.04082
---------------------------------------------
4 ROUGE-3 Average_R: 0.01527 ( 95%-conf.int. 0.01023 - 0.02043)
4 ROUGE-3 Average_P: 0.01927 ( 95%-conf.int. 0.01279 - 0.02582)
4 ROUGE-3 Average_F: 0.01693 ( 95%-conf.int. 0.01140 - 0.02261)
.............................................
4 ROUGE-3 Eval D1001-A.M.100.A.4 R:0.02128 P:0.03049 F:0.02507
4 ROUGE-3 Eval D1002-A.M.100.A.4 R:0.00433 P:0.00641 F:0.00517
4 ROUGE-3 Eval D1003-A.M.100.A.4 R:0.00000 P:0.00000 F:0.00000
4 ROUGE-3 Eval D1004-A.M.100.A.4 R:0.01282 P:0.01786 F:0.01493
4 ROUGE-3 Eval D1005-A.M.100.A.4 R:0.00847 P:0.01042 F:0.00934
4 ROUGE-3 Eval D1006-A.M.100.A.4 R:0.01186 P:0.01471 F:0.01313
4 ROUGE-3 Eval D1007-A.M.100.B.4 R:0.01382 P:0.01705 F:0.01527
4 ROUGE-3 Eval D1008-A.M.100.B.4 R:0.00000 P:0.00000 F:0.00000
4 ROUGE-3 Eval D1009-A.M.100.B.4 R:0.01835 P:0.02222 F:0.02010
4 ROUGE-3 Eval D1010-A.M.100.B.4 R:0.01653 P:0.02128 F:0.01861
4 ROUGE-3 Eval D1011-A.M.100.C.4 R:0.00000 P:0.00000 F:0.00000
4 ROUGE-3 Eval D1012-A.M.100.C.4 R:0.00420 P:0.00510 F:0.00461
4 ROUGE-3 Eval D1013-A.M.100.C.4 R:0.04564 P:0.06111 F:0.05225
4 ROUGE-3 Eval D1014-A.M.100.C.4 R:0.00000 P:0.00000 F:0.00000
4 ROUGE-3 Eval D1015-A.M.100.C.4 R:0.01167 P:0.01705 F:0.01386
4 ROUGE-3 Eval D1016-A.M.100.C.4 R:0.04651 P:0.06410 F:0.05391
4 ROUGE-3 Eval D1017-A.M.100.D.4 R:0.00000 P:0.00000 F:0.00000
4 ROUGE-3 Eval D1018-A.M.100.D.4 R:0.04329 P:0.04464 F:0.04395
4 ROUGE-3 Eval D1019-A.M.100.D.4 R:0.00000 P:0.00000 F:0.00000
4 ROUGE-3 Eval D1020-A.M.100.D.4 R:0.00000 P:0.00000 F:0.00000
4 ROUGE-3 Eval D1021-A.M.100.D.4 R:0.01316 P:0.01562 F:0.01428
4 ROUGE-3 Eval D1022-A.M.100.D.4 R:0.01299 P:0.01230 F:0.01264
4 ROUGE-3 Eval D1023-A.M.100.E.4 R:0.00000 P:0.00000 F:0.00000
4 ROUGE-3 Eval D1024-A.M.100.E.4 R:0.01724 P:0.01852 F:0.01786
4 ROUGE-3 Eval D1025-A.M.100.E.4 R:0.06422 P:0.06863 F:0.06635
4 ROUGE-3 Eval D1026-A.M.100.E.4 R:0.00000 P:0.00000 F:0.00000
4 ROUGE-3 Eval D1027-A.M.100.E.4 R:0.01230 P:0.01442 F:0.01328
4 ROUGE-3 Eval D1028-A.M.100.E.4 R:0.05603 P:0.06633 F:0.06075
4 ROUGE-3 Eval D1029-A.M.100.F.4 R:0.00000 P:0.00000 F:0.00000
4 ROUGE-3 Eval D1030-A.M.100.F.4 R:0.00000 P:0.00000 F:0.00000
4 ROUGE-3 Eval D1031-A.M.100.F.4 R:0.00000 P:0.00000 F:0.00000
4 ROUGE-3 Eval D1032-A.M.100.F.4 R:0.01575 P:0.02703 F:0.01990
4 ROUGE-3 Eval D1033-A.M.100.F.4 R:0.01282 P:0.01339 F:0.01310
4 ROUGE-3 Eval D1034-A.M.100.F.4 R:0.00000 P:0.00000 F:0.00000
4 ROUGE-3 Eval D1035-A.M.100.G.4 R:0.00000 P:0.00000 F:0.00000
4 ROUGE-3 Eval D1036-A.M.100.G.4 R:0.00000 P:0.00000 F:0.00000
4 ROUGE-3 Eval D1037-A.M.100.G.4 R:0.00000 P:0.00000 F:0.00000
4 ROUGE-3 Eval D1038-A.M.100.G.4 R:0.01619 P:0.01852 F:0.01728
4 ROUGE-3 Eval D1039-A.M.100.G.4 R:0.05063 P:0.08571 F:0.06366
4 ROUGE-3 Eval D1040-A.M.100.G.4 R:0.00881 P:0.01852 F:0.01194
4 ROUGE-3 Eval D1041-A.M.100.H.4 R:0.02033 P:0.02315 F:0.02165
4 ROUGE-3 Eval D1042-A.M.100.H.4 R:0.04186 P:0.04412 F:0.04296
4 ROUGE-3 Eval D1043-A.M.100.H.4 R:0.05263 P:0.06522 F:0.05825
4 ROUGE-3 Eval D1044-A.M.100.H.4 R:0.03493 P:0.04762 F:0.04030
4 ROUGE-3 Eval D1045-A.M.100.H.4 R:0.00813 P:0.00926 F:0.00866
4 ROUGE-3 Eval D1046-A.M.100.H.4 R:0.00407 P:0.00424 F:0.00415
---------------------------------------------
4 ROUGE-4 Average_R: 0.00467 ( 95%-conf.int. 0.00212 - 0.00756)
4 ROUGE-4 Average_P: 0.00592 ( 95%-conf.int. 0.00270 - 0.00969)
4 ROUGE-4 Average_F: 0.00519 ( 95%-conf.int. 0.00231 - 0.00840)
.............................................
4 ROUGE-4 Eval D1001-A.M.100.A.4 R:0.00433 P:0.00625 F:0.00512
4 ROUGE-4 Eval D1002-A.M.100.A.4 R:0.00000 P:0.00000 F:0.00000
4 ROUGE-4 Eval D1003-A.M.100.A.4 R:0.00000 P:0.00000 F:0.00000
4 ROUGE-4 Eval D1004-A.M.100.A.4 R:0.00000 P:0.00000 F:0.00000
4 ROUGE-4 Eval D1005-A.M.100.A.4 R:0.00431 P:0.00532 F:0.00476
4 ROUGE-4 Eval D1006-A.M.100.A.4 R:0.00000 P:0.00000 F:0.00000
4 ROUGE-4 Eval D1007-A.M.100.B.4 R:0.00000 P:0.00000 F:0.00000
4 ROUGE-4 Eval D1008-A.M.100.B.4 R:0.00000 P:0.00000 F:0.00000
4 ROUGE-4 Eval D1009-A.M.100.B.4 R:0.00000 P:0.00000 F:0.00000
4 ROUGE-4 Eval D1010-A.M.100.B.4 R:0.00000 P:0.00000 F:0.00000
4 ROUGE-4 Eval D1011-A.M.100.C.4 R:0.00000 P:0.00000 F:0.00000
4 ROUGE-4 Eval D1012-A.M.100.C.4 R:0.00000 P:0.00000 F:0.00000
4 ROUGE-4 Eval D1013-A.M.100.C.4 R:0.02110 P:0.02841 F:0.02422
4 ROUGE-4 Eval D1014-A.M.100.C.4 R:0.00000 P:0.00000 F:0.00000
4 ROUGE-4 Eval D1015-A.M.100.C.4 R:0.00000 P:0.00000 F:0.00000
4 ROUGE-4 Eval D1016-A.M.100.C.4 R:0.01896 P:0.02632 F:0.02204
4 ROUGE-4 Eval D1017-A.M.100.D.4 R:0.00000 P:0.00000 F:0.00000
4 ROUGE-4 Eval D1018-A.M.100.D.4 R:0.01762 P:0.01818 F:0.01790
4 ROUGE-4 Eval D1019-A.M.100.D.4 R:0.00000 P:0.00000 F:0.00000
4 ROUGE-4 Eval D1020-A.M.100.D.4 R:0.00000 P:0.00000 F:0.00000
4 ROUGE-4 Eval D1021-A.M.100.D.4 R:0.00000 P:0.00000 F:0.00000
4 ROUGE-4 Eval D1022-A.M.100.D.4 R:0.00000 P:0.00000 F:0.00000
4 ROUGE-4 Eval D1023-A.M.100.E.4 R:0.00000 P:0.00000 F:0.00000
4 ROUGE-4 Eval D1024-A.M.100.E.4 R:0.00000 P:0.00000 F:0.00000
4 ROUGE-4 Eval D1025-A.M.100.E.4 R:0.03271 P:0.03500 F:0.03382
4 ROUGE-4 Eval D1026-A.M.100.E.4 R:0.00000 P:0.00000 F:0.00000
4 ROUGE-4 Eval D1027-A.M.100.E.4 R:0.00000 P:0.00000 F:0.00000
4 ROUGE-4 Eval D1028-A.M.100.E.4 R:0.03509 P:0.04167 F:0.03810
4 ROUGE-4 Eval D1029-A.M.100.F.4 R:0.00000 P:0.00000 F:0.00000
4 ROUGE-4 Eval D1030-A.M.100.F.4 R:0.00000 P:0.00000 F:0.00000
4 ROUGE-4 Eval D1031-A.M.100.F.4 R:0.00000 P:0.00000 F:0.00000
4 ROUGE-4 Eval D1032-A.M.100.F.4 R:0.00000 P:0.00000 F:0.00000
4 ROUGE-4 Eval D1033-A.M.100.F.4 R:0.00000 P:0.00000 F:0.00000
4 ROUGE-4 Eval D1034-A.M.100.F.4 R:0.00000 P:0.00000 F:0.00000
4 ROUGE-4 Eval D1035-A.M.100.G.4 R:0.00000 P:0.00000 F:0.00000
4 ROUGE-4 Eval D1036-A.M.100.G.4 R:0.00000 P:0.00000 F:0.00000
4 ROUGE-4 Eval D1037-A.M.100.G.4 R:0.00000 P:0.00000 F:0.00000
4 ROUGE-4 Eval D1038-A.M.100.G.4 R:0.00000 P:0.00000 F:0.00000
4 ROUGE-4 Eval D1039-A.M.100.G.4 R:0.02146 P:0.03676 F:0.02710
4 ROUGE-4 Eval D1040-A.M.100.G.4 R:0.00000 P:0.00000 F:0.00000
4 ROUGE-4 Eval D1041-A.M.100.H.4 R:0.00413 P:0.00472 F:0.00441
4 ROUGE-4 Eval D1042-A.M.100.H.4 R:0.00000 P:0.00000 F:0.00000
4 ROUGE-4 Eval D1043-A.M.100.H.4 R:0.03571 P:0.04444 F:0.03960
4 ROUGE-4 Eval D1044-A.M.100.H.4 R:0.01333 P:0.01829 F:0.01542
4 ROUGE-4 Eval D1045-A.M.100.H.4 R:0.00413 P:0.00472 F:0.00441
4 ROUGE-4 Eval D1046-A.M.100.H.4 R:0.00000 P:0.00000 F:0.00000
