---------------------------------------------
4 ROUGE-1 Average_R: 0.13490 ( 95%-conf.int. 0.11191 - 0.15930)
4 ROUGE-1 Average_P: 0.35361 ( 95%-conf.int. 0.31593 - 0.39163)
4 ROUGE-1 Average_F: 0.18101 ( 95%-conf.int. 0.15292 - 0.20947)
.............................................
4 ROUGE-1 Eval D1001-A.M.100.A.4 R:0.02058 P:0.31250 F:0.03862
4 ROUGE-1 Eval D1002-A.M.100.A.4 R:0.12134 P:0.20139 F:0.15144
4 ROUGE-1 Eval D1003-A.M.100.A.4 R:0.10823 P:0.32895 F:0.16287
4 ROUGE-1 Eval D1004-A.M.100.A.4 R:0.18182 P:0.25000 F:0.21053
4 ROUGE-1 Eval D1005-A.M.100.A.4 R:0.20902 P:0.51000 F:0.29652
4 ROUGE-1 Eval D1006-A.M.100.A.4 R:0.08046 P:0.52500 F:0.13954
4 ROUGE-1 Eval D1007-A.M.100.B.4 R:0.27111 P:0.38125 F:0.31688
4 ROUGE-1 Eval D1008-A.M.100.B.4 R:0.02419 P:0.75000 F:0.04687
4 ROUGE-1 Eval D1009-A.M.100.B.4 R:0.18142 P:0.33065 F:0.23429
4 ROUGE-1 Eval D1010-A.M.100.B.4 R:0.26800 P:0.38068 F:0.31455
4 ROUGE-1 Eval D1011-A.M.100.C.4 R:0.05172 P:0.50000 F:0.09374
4 ROUGE-1 Eval D1012-A.M.100.C.4 R:0.14634 P:0.37500 F:0.21052
4 ROUGE-1 Eval D1013-A.M.100.C.4 R:0.02008 P:0.25000 F:0.03717
4 ROUGE-1 Eval D1014-A.M.100.C.4 R:0.08787 P:0.18750 F:0.11966
4 ROUGE-1 Eval D1015-A.M.100.C.4 R:0.10566 P:0.19444 F:0.13692
4 ROUGE-1 Eval D1016-A.M.100.C.4 R:0.08520 P:0.16964 F:0.11343
4 ROUGE-1 Eval D1017-A.M.100.D.4 R:0.19592 P:0.27273 F:0.22803
4 ROUGE-1 Eval D1018-A.M.100.D.4 R:0.12134 P:0.51786 F:0.19661
4 ROUGE-1 Eval D1019-A.M.100.D.4 R:0.27500 P:0.40244 F:0.32673
4 ROUGE-1 Eval D1020-A.M.100.D.4 R:0.07438 P:0.37500 F:0.12414
4 ROUGE-1 Eval D1021-A.M.100.D.4 R:0.02119 P:0.17857 F:0.03788
4 ROUGE-1 Eval D1022-A.M.100.D.4 R:0.14644 P:0.41667 F:0.21671
4 ROUGE-1 Eval D1023-A.M.100.E.4 R:0.09917 P:0.25000 F:0.14201
4 ROUGE-1 Eval D1024-A.M.100.E.4 R:0.27083 P:0.54167 F:0.36111
4 ROUGE-1 Eval D1025-A.M.100.E.4 R:0.19912 P:0.43269 F:0.27273
4 ROUGE-1 Eval D1026-A.M.100.E.4 R:0.00855 P:0.10000 F:0.01575
4 ROUGE-1 Eval D1027-A.M.100.E.4 R:0.13095 P:0.51562 F:0.20886
4 ROUGE-1 Eval D1028-A.M.100.E.4 R:0.21250 P:0.37500 F:0.27128
4 ROUGE-1 Eval D1029-A.M.100.F.4 R:0.17083 P:0.44565 F:0.24698
4 ROUGE-1 Eval D1030-A.M.100.F.4 R:0.03968 P:0.22727 F:0.06756
4 ROUGE-1 Eval D1031-A.M.100.F.4 R:0.05714 P:0.26923 F:0.09427
4 ROUGE-1 Eval D1032-A.M.100.F.4 R:0.22137 P:0.37179 F:0.27751
4 ROUGE-1 Eval D1033-A.M.100.F.4 R:0.24380 P:0.33523 F:0.28230
4 ROUGE-1 Eval D1034-A.M.100.F.4 R:0.06996 P:0.12500 F:0.08971
4 ROUGE-1 Eval D1035-A.M.100.G.4 R:0.08943 P:0.36667 F:0.14379
4 ROUGE-1 Eval D1036-A.M.100.G.4 R:0.12245 P:0.28846 F:0.17192
4 ROUGE-1 Eval D1037-A.M.100.G.4 R:0.01852 P:0.33333 F:0.03509
4 ROUGE-1 Eval D1038-A.M.100.G.4 R:0.11765 P:0.31250 F:0.17094
4 ROUGE-1 Eval D1039-A.M.100.G.4 R:0.02041 P:0.41667 F:0.03891
4 ROUGE-1 Eval D1040-A.M.100.G.4 R:0.02979 P:0.43750 F:0.05578
4 ROUGE-1 Eval D1041-A.M.100.H.4 R:0.16142 P:0.30147 F:0.21026
4 ROUGE-1 Eval D1042-A.M.100.H.4 R:0.15695 P:0.51471 F:0.24055
4 ROUGE-1 Eval D1043-A.M.100.H.4 R:0.30085 P:0.42262 F:0.35149
4 ROUGE-1 Eval D1044-A.M.100.H.4 R:0.19409 P:0.30263 F:0.23650
4 ROUGE-1 Eval D1045-A.M.100.H.4 R:0.25984 P:0.42308 F:0.32195
4 ROUGE-1 Eval D1046-A.M.100.H.4 R:0.21260 P:0.38571 F:0.27411
---------------------------------------------
4 ROUGE-2 Average_R: 0.03454 ( 95%-conf.int. 0.02591 - 0.04374)
4 ROUGE-2 Average_P: 0.07788 ( 95%-conf.int. 0.05924 - 0.09706)
4 ROUGE-2 Average_F: 0.04596 ( 95%-conf.int. 0.03507 - 0.05746)
.............................................
4 ROUGE-2 Eval D1001-A.M.100.A.4 R:0.00000 P:0.00000 F:0.00000
4 ROUGE-2 Eval D1002-A.M.100.A.4 R:0.01277 P:0.02143 F:0.01600
4 ROUGE-2 Eval D1003-A.M.100.A.4 R:0.03084 P:0.09722 F:0.04683
4 ROUGE-2 Eval D1004-A.M.100.A.4 R:0.04622 P:0.06395 F:0.05366
4 ROUGE-2 Eval D1005-A.M.100.A.4 R:0.05000 P:0.12500 F:0.07143
4 ROUGE-2 Eval D1006-A.M.100.A.4 R:0.00000 P:0.00000 F:0.00000
4 ROUGE-2 Eval D1007-A.M.100.B.4 R:0.07240 P:0.10256 F:0.08488
4 ROUGE-2 Eval D1008-A.M.100.B.4 R:0.00000 P:0.00000 F:0.00000
4 ROUGE-2 Eval D1009-A.M.100.B.4 R:0.05856 P:0.10833 F:0.07602
4 ROUGE-2 Eval D1010-A.M.100.B.4 R:0.09350 P:0.13372 F:0.11005
4 ROUGE-2 Eval D1011-A.M.100.C.4 R:0.00877 P:0.10000 F:0.01613
4 ROUGE-2 Eval D1012-A.M.100.C.4 R:0.02479 P:0.06522 F:0.03592
4 ROUGE-2 Eval D1013-A.M.100.C.4 R:0.00000 P:0.00000 F:0.00000
4 ROUGE-2 Eval D1014-A.M.100.C.4 R:0.00426 P:0.00926 F:0.00584
4 ROUGE-2 Eval D1015-A.M.100.C.4 R:0.01533 P:0.02857 F:0.01995
4 ROUGE-2 Eval D1016-A.M.100.C.4 R:0.03196 P:0.06481 F:0.04281
4 ROUGE-2 Eval D1017-A.M.100.D.4 R:0.02075 P:0.02907 F:0.02422
4 ROUGE-2 Eval D1018-A.M.100.D.4 R:0.04255 P:0.19231 F:0.06968
4 ROUGE-2 Eval D1019-A.M.100.D.4 R:0.04661 P:0.06875 F:0.05556
4 ROUGE-2 Eval D1020-A.M.100.D.4 R:0.01261 P:0.06818 F:0.02128
4 ROUGE-2 Eval D1021-A.M.100.D.4 R:0.00431 P:0.04167 F:0.00781
4 ROUGE-2 Eval D1022-A.M.100.D.4 R:0.05106 P:0.15000 F:0.07619
4 ROUGE-2 Eval D1023-A.M.100.E.4 R:0.00840 P:0.02174 F:0.01212
4 ROUGE-2 Eval D1024-A.M.100.E.4 R:0.08898 P:0.18103 F:0.11931
4 ROUGE-2 Eval D1025-A.M.100.E.4 R:0.06306 P:0.14000 F:0.08695
4 ROUGE-2 Eval D1026-A.M.100.E.4 R:0.00000 P:0.00000 F:0.00000
4 ROUGE-2 Eval D1027-A.M.100.E.4 R:0.06452 P:0.26667 F:0.10390
4 ROUGE-2 Eval D1028-A.M.100.E.4 R:0.06356 P:0.11364 F:0.08152
4 ROUGE-2 Eval D1029-A.M.100.F.4 R:0.04237 P:0.11364 F:0.06173
4 ROUGE-2 Eval D1030-A.M.100.F.4 R:0.00806 P:0.05000 F:0.01388
4 ROUGE-2 Eval D1031-A.M.100.F.4 R:0.00830 P:0.04167 F:0.01384
4 ROUGE-2 Eval D1032-A.M.100.F.4 R:0.06977 P:0.11842 F:0.08781
4 ROUGE-2 Eval D1033-A.M.100.F.4 R:0.08403 P:0.11628 F:0.09756
4 ROUGE-2 Eval D1034-A.M.100.F.4 R:0.01255 P:0.02273 F:0.01617
4 ROUGE-2 Eval D1035-A.M.100.G.4 R:0.02479 P:0.10714 F:0.04026
4 ROUGE-2 Eval D1036-A.M.100.G.4 R:0.01660 P:0.04000 F:0.02346
4 ROUGE-2 Eval D1037-A.M.100.G.4 R:0.00000 P:0.00000 F:0.00000
4 ROUGE-2 Eval D1038-A.M.100.G.4 R:0.03586 P:0.09783 F:0.05248
4 ROUGE-2 Eval D1039-A.M.100.G.4 R:0.00000 P:0.00000 F:0.00000
4 ROUGE-2 Eval D1040-A.M.100.G.4 R:0.00000 P:0.00000 F:0.00000
4 ROUGE-2 Eval D1041-A.M.100.H.4 R:0.01200 P:0.02273 F:0.01571
4 ROUGE-2 Eval D1042-A.M.100.H.4 R:0.05936 P:0.20312 F:0.09187
4 ROUGE-2 Eval D1043-A.M.100.H.4 R:0.13793 P:0.19512 F:0.16161
4 ROUGE-2 Eval D1044-A.M.100.H.4 R:0.06438 P:0.10135 F:0.07874
4 ROUGE-2 Eval D1045-A.M.100.H.4 R:0.05600 P:0.09211 F:0.06965
4 ROUGE-2 Eval D1046-A.M.100.H.4 R:0.04000 P:0.07353 F:0.05181
---------------------------------------------
4 ROUGE-3 Average_R: 0.00942 ( 95%-conf.int. 0.00506 - 0.01447)
4 ROUGE-3 Average_P: 0.01999 ( 95%-conf.int. 0.01111 - 0.02893)
4 ROUGE-3 Average_F: 0.01236 ( 95%-conf.int. 0.00676 - 0.01851)
.............................................
4 ROUGE-3 Eval D1001-A.M.100.A.4 R:0.00000 P:0.00000 F:0.00000
4 ROUGE-3 Eval D1002-A.M.100.A.4 R:0.00000 P:0.00000 F:0.00000
4 ROUGE-3 Eval D1003-A.M.100.A.4 R:0.00000 P:0.00000 F:0.00000
4 ROUGE-3 Eval D1004-A.M.100.A.4 R:0.00000 P:0.00000 F:0.00000
4 ROUGE-3 Eval D1005-A.M.100.A.4 R:0.01695 P:0.04348 F:0.02439
4 ROUGE-3 Eval D1006-A.M.100.A.4 R:0.00000 P:0.00000 F:0.00000
4 ROUGE-3 Eval D1007-A.M.100.B.4 R:0.00922 P:0.01316 F:0.01084
4 ROUGE-3 Eval D1008-A.M.100.B.4 R:0.00000 P:0.00000 F:0.00000
4 ROUGE-3 Eval D1009-A.M.100.B.4 R:0.01376 P:0.02586 F:0.01796
4 ROUGE-3 Eval D1010-A.M.100.B.4 R:0.06198 P:0.08929 F:0.07317
4 ROUGE-3 Eval D1011-A.M.100.C.4 R:0.00000 P:0.00000 F:0.00000
4 ROUGE-3 Eval D1012-A.M.100.C.4 R:0.00420 P:0.01136 F:0.00613
4 ROUGE-3 Eval D1013-A.M.100.C.4 R:0.00000 P:0.00000 F:0.00000
4 ROUGE-3 Eval D1014-A.M.100.C.4 R:0.00000 P:0.00000 F:0.00000
4 ROUGE-3 Eval D1015-A.M.100.C.4 R:0.00000 P:0.00000 F:0.00000
4 ROUGE-3 Eval D1016-A.M.100.C.4 R:0.00000 P:0.00000 F:0.00000
4 ROUGE-3 Eval D1017-A.M.100.D.4 R:0.00000 P:0.00000 F:0.00000
4 ROUGE-3 Eval D1018-A.M.100.D.4 R:0.02597 P:0.12500 F:0.04301
4 ROUGE-3 Eval D1019-A.M.100.D.4 R:0.00000 P:0.00000 F:0.00000
4 ROUGE-3 Eval D1020-A.M.100.D.4 R:0.00000 P:0.00000 F:0.00000
4 ROUGE-3 Eval D1021-A.M.100.D.4 R:0.00000 P:0.00000 F:0.00000
4 ROUGE-3 Eval D1022-A.M.100.D.4 R:0.02597 P:0.07895 F:0.03908
4 ROUGE-3 Eval D1023-A.M.100.E.4 R:0.00427 P:0.01136 F:0.00621
4 ROUGE-3 Eval D1024-A.M.100.E.4 R:0.03879 P:0.08036 F:0.05232
4 ROUGE-3 Eval D1025-A.M.100.E.4 R:0.01835 P:0.04167 F:0.02548
4 ROUGE-3 Eval D1026-A.M.100.E.4 R:0.00000 P:0.00000 F:0.00000
4 ROUGE-3 Eval D1027-A.M.100.E.4 R:0.00410 P:0.01786 F:0.00667
4 ROUGE-3 Eval D1028-A.M.100.E.4 R:0.01293 P:0.02344 F:0.01667
4 ROUGE-3 Eval D1029-A.M.100.F.4 R:0.00431 P:0.01190 F:0.00633
4 ROUGE-3 Eval D1030-A.M.100.F.4 R:0.00000 P:0.00000 F:0.00000
4 ROUGE-3 Eval D1031-A.M.100.F.4 R:0.00000 P:0.00000 F:0.00000
4 ROUGE-3 Eval D1032-A.M.100.F.4 R:0.02362 P:0.04054 F:0.02985
4 ROUGE-3 Eval D1033-A.M.100.F.4 R:0.04274 P:0.05952 F:0.04975
4 ROUGE-3 Eval D1034-A.M.100.F.4 R:0.00000 P:0.00000 F:0.00000
4 ROUGE-3 Eval D1035-A.M.100.G.4 R:0.00420 P:0.01923 F:0.00689
4 ROUGE-3 Eval D1036-A.M.100.G.4 R:0.00000 P:0.00000 F:0.00000
4 ROUGE-3 Eval D1037-A.M.100.G.4 R:0.00000 P:0.00000 F:0.00000
4 ROUGE-3 Eval D1038-A.M.100.G.4 R:0.01215 P:0.03409 F:0.01791
4 ROUGE-3 Eval D1039-A.M.100.G.4 R:0.00000 P:0.00000 F:0.00000
4 ROUGE-3 Eval D1040-A.M.100.G.4 R:0.00000 P:0.00000 F:0.00000
4 ROUGE-3 Eval D1041-A.M.100.H.4 R:0.00000 P:0.00000 F:0.00000
4 ROUGE-3 Eval D1042-A.M.100.H.4 R:0.01395 P:0.05000 F:0.02181
4 ROUGE-3 Eval D1043-A.M.100.H.4 R:0.06579 P:0.09375 F:0.07732
4 ROUGE-3 Eval D1044-A.M.100.H.4 R:0.02183 P:0.03472 F:0.02681
4 ROUGE-3 Eval D1045-A.M.100.H.4 R:0.00813 P:0.01351 F:0.01015
4 ROUGE-3 Eval D1046-A.M.100.H.4 R:0.00000 P:0.00000 F:0.00000
---------------------------------------------
4 ROUGE-4 Average_R: 0.00312 ( 95%-conf.int. 0.00088 - 0.00614)
4 ROUGE-4 Average_P: 0.00605 ( 95%-conf.int. 0.00191 - 0.01150)
4 ROUGE-4 Average_F: 0.00396 ( 95%-conf.int. 0.00127 - 0.00764)
.............................................
4 ROUGE-4 Eval D1001-A.M.100.A.4 R:0.00000 P:0.00000 F:0.00000
4 ROUGE-4 Eval D1002-A.M.100.A.4 R:0.00000 P:0.00000 F:0.00000
4 ROUGE-4 Eval D1003-A.M.100.A.4 R:0.00000 P:0.00000 F:0.00000
4 ROUGE-4 Eval D1004-A.M.100.A.4 R:0.00000 P:0.00000 F:0.00000
4 ROUGE-4 Eval D1005-A.M.100.A.4 R:0.00000 P:0.00000 F:0.00000
4 ROUGE-4 Eval D1006-A.M.100.A.4 R:0.00000 P:0.00000 F:0.00000
4 ROUGE-4 Eval D1007-A.M.100.B.4 R:0.00000 P:0.00000 F:0.00000
4 ROUGE-4 Eval D1008-A.M.100.B.4 R:0.00000 P:0.00000 F:0.00000
4 ROUGE-4 Eval D1009-A.M.100.B.4 R:0.00467 P:0.00893 F:0.00613
4 ROUGE-4 Eval D1010-A.M.100.B.4 R:0.04622 P:0.06707 F:0.05473
4 ROUGE-4 Eval D1011-A.M.100.C.4 R:0.00000 P:0.00000 F:0.00000
4 ROUGE-4 Eval D1012-A.M.100.C.4 R:0.00000 P:0.00000 F:0.00000
4 ROUGE-4 Eval D1013-A.M.100.C.4 R:0.00000 P:0.00000 F:0.00000
4 ROUGE-4 Eval D1014-A.M.100.C.4 R:0.00000 P:0.00000 F:0.00000
4 ROUGE-4 Eval D1015-A.M.100.C.4 R:0.00000 P:0.00000 F:0.00000
4 ROUGE-4 Eval D1016-A.M.100.C.4 R:0.00000 P:0.00000 F:0.00000
4 ROUGE-4 Eval D1017-A.M.100.D.4 R:0.00000 P:0.00000 F:0.00000
4 ROUGE-4 Eval D1018-A.M.100.D.4 R:0.00881 P:0.04545 F:0.01476
4 ROUGE-4 Eval D1019-A.M.100.D.4 R:0.00000 P:0.00000 F:0.00000
4 ROUGE-4 Eval D1020-A.M.100.D.4 R:0.00000 P:0.00000 F:0.00000
4 ROUGE-4 Eval D1021-A.M.100.D.4 R:0.00000 P:0.00000 F:0.00000
4 ROUGE-4 Eval D1022-A.M.100.D.4 R:0.01762 P:0.05556 F:0.02676
4 ROUGE-4 Eval D1023-A.M.100.E.4 R:0.00000 P:0.00000 F:0.00000
4 ROUGE-4 Eval D1024-A.M.100.E.4 R:0.00877 P:0.01852 F:0.01190
4 ROUGE-4 Eval D1025-A.M.100.E.4 R:0.00000 P:0.00000 F:0.00000
4 ROUGE-4 Eval D1026-A.M.100.E.4 R:0.00000 P:0.00000 F:0.00000
4 ROUGE-4 Eval D1027-A.M.100.E.4 R:0.00000 P:0.00000 F:0.00000
4 ROUGE-4 Eval D1028-A.M.100.E.4 R:0.00000 P:0.00000 F:0.00000
4 ROUGE-4 Eval D1029-A.M.100.F.4 R:0.00000 P:0.00000 F:0.00000
4 ROUGE-4 Eval D1030-A.M.100.F.4 R:0.00000 P:0.00000 F:0.00000
4 ROUGE-4 Eval D1031-A.M.100.F.4 R:0.00000 P:0.00000 F:0.00000
4 ROUGE-4 Eval D1032-A.M.100.F.4 R:0.00000 P:0.00000 F:0.00000
4 ROUGE-4 Eval D1033-A.M.100.F.4 R:0.01739 P:0.02439 F:0.02030
4 ROUGE-4 Eval D1034-A.M.100.F.4 R:0.00000 P:0.00000 F:0.00000
4 ROUGE-4 Eval D1035-A.M.100.G.4 R:0.00000 P:0.00000 F:0.00000
4 ROUGE-4 Eval D1036-A.M.100.G.4 R:0.00000 P:0.00000 F:0.00000
4 ROUGE-4 Eval D1037-A.M.100.G.4 R:0.00000 P:0.00000 F:0.00000
4 ROUGE-4 Eval D1038-A.M.100.G.4 R:0.00000 P:0.00000 F:0.00000
4 ROUGE-4 Eval D1039-A.M.100.G.4 R:0.00000 P:0.00000 F:0.00000
4 ROUGE-4 Eval D1040-A.M.100.G.4 R:0.00000 P:0.00000 F:0.00000
4 ROUGE-4 Eval D1041-A.M.100.H.4 R:0.00000 P:0.00000 F:0.00000
4 ROUGE-4 Eval D1042-A.M.100.H.4 R:0.00000 P:0.00000 F:0.00000
4 ROUGE-4 Eval D1043-A.M.100.H.4 R:0.03571 P:0.05128 F:0.04210
4 ROUGE-4 Eval D1044-A.M.100.H.4 R:0.00444 P:0.00714 F:0.00548
4 ROUGE-4 Eval D1045-A.M.100.H.4 R:0.00000 P:0.00000 F:0.00000
4 ROUGE-4 Eval D1046-A.M.100.H.4 R:0.00000 P:0.00000 F:0.00000
