---------------------------------------------
4 ROUGE-1 Average_R: 0.16515 ( 95%-conf.int. 0.14704 - 0.18310)
4 ROUGE-1 Average_P: 0.20779 ( 95%-conf.int. 0.18530 - 0.23186)
4 ROUGE-1 Average_F: 0.18283 ( 95%-conf.int. 0.16436 - 0.20310)
.............................................
4 ROUGE-1 Eval D1001-A.M.100.A.4 R:0.17695 P:0.21939 F:0.19590
4 ROUGE-1 Eval D1002-A.M.100.A.4 R:0.19247 P:0.28750 F:0.23058
4 ROUGE-1 Eval D1003-A.M.100.A.4 R:0.23810 P:0.28061 F:0.25761
4 ROUGE-1 Eval D1004-A.M.100.A.4 R:0.10744 P:0.13830 F:0.12093
4 ROUGE-1 Eval D1005-A.M.100.A.4 R:0.15574 P:0.22619 F:0.18447
4 ROUGE-1 Eval D1006-A.M.100.A.4 R:0.23372 P:0.29902 F:0.26237
4 ROUGE-1 Eval D1007-A.M.100.B.4 R:0.20444 P:0.23000 F:0.21647
4 ROUGE-1 Eval D1008-A.M.100.B.4 R:0.18952 P:0.27326 F:0.22381
4 ROUGE-1 Eval D1009-A.M.100.B.4 R:0.20796 P:0.23980 F:0.22275
4 ROUGE-1 Eval D1010-A.M.100.B.4 R:0.16400 P:0.17672 F:0.17012
4 ROUGE-1 Eval D1011-A.M.100.C.4 R:0.06034 P:0.09459 F:0.07368
4 ROUGE-1 Eval D1012-A.M.100.C.4 R:0.19919 P:0.20417 F:0.20165
4 ROUGE-1 Eval D1013-A.M.100.C.4 R:0.11245 P:0.13462 F:0.12254
4 ROUGE-1 Eval D1014-A.M.100.C.4 R:0.07113 P:0.10625 F:0.08521
4 ROUGE-1 Eval D1015-A.M.100.C.4 R:0.07925 P:0.12500 F:0.09700
4 ROUGE-1 Eval D1016-A.M.100.C.4 R:0.23318 P:0.38235 F:0.28969
4 ROUGE-1 Eval D1017-A.M.100.D.4 R:0.13469 P:0.19186 F:0.15827
4 ROUGE-1 Eval D1018-A.M.100.D.4 R:0.17155 P:0.22778 F:0.19571
4 ROUGE-1 Eval D1019-A.M.100.D.4 R:0.31250 P:0.33482 F:0.32328
4 ROUGE-1 Eval D1020-A.M.100.D.4 R:0.13223 P:0.13793 F:0.13502
4 ROUGE-1 Eval D1021-A.M.100.D.4 R:0.20763 P:0.18015 F:0.19292
4 ROUGE-1 Eval D1022-A.M.100.D.4 R:0.13808 P:0.20625 F:0.16542
4 ROUGE-1 Eval D1023-A.M.100.E.4 R:0.01653 P:0.01887 F:0.01762
4 ROUGE-1 Eval D1024-A.M.100.E.4 R:0.17083 P:0.17373 F:0.17227
4 ROUGE-1 Eval D1025-A.M.100.E.4 R:0.23451 P:0.20703 F:0.21991
4 ROUGE-1 Eval D1026-A.M.100.E.4 R:0.08120 P:0.10556 F:0.09179
4 ROUGE-1 Eval D1027-A.M.100.E.4 R:0.15873 P:0.21277 F:0.18182
4 ROUGE-1 Eval D1028-A.M.100.E.4 R:0.30417 P:0.42442 F:0.35437
4 ROUGE-1 Eval D1029-A.M.100.F.4 R:0.19167 P:0.23958 F:0.21296
4 ROUGE-1 Eval D1030-A.M.100.F.4 R:0.12698 P:0.18182 F:0.14953
4 ROUGE-1 Eval D1031-A.M.100.F.4 R:0.06531 P:0.11765 F:0.08399
4 ROUGE-1 Eval D1032-A.M.100.F.4 R:0.16031 P:0.25610 F:0.19719
4 ROUGE-1 Eval D1033-A.M.100.F.4 R:0.20248 P:0.21121 F:0.20675
4 ROUGE-1 Eval D1034-A.M.100.F.4 R:0.08642 P:0.10096 F:0.09313
4 ROUGE-1 Eval D1035-A.M.100.G.4 R:0.14634 P:0.20455 F:0.17062
4 ROUGE-1 Eval D1036-A.M.100.G.4 R:0.21224 P:0.27660 F:0.24018
4 ROUGE-1 Eval D1037-A.M.100.G.4 R:0.17593 P:0.19000 F:0.18269
4 ROUGE-1 Eval D1038-A.M.100.G.4 R:0.18431 P:0.19915 F:0.19144
4 ROUGE-1 Eval D1039-A.M.100.G.4 R:0.20408 P:0.25000 F:0.22472
4 ROUGE-1 Eval D1040-A.M.100.G.4 R:0.12766 P:0.18293 F:0.15038
4 ROUGE-1 Eval D1041-A.M.100.H.4 R:0.11811 P:0.15625 F:0.13453
4 ROUGE-1 Eval D1042-A.M.100.H.4 R:0.14798 P:0.16837 F:0.15752
4 ROUGE-1 Eval D1043-A.M.100.H.4 R:0.15254 P:0.15517 F:0.15384
4 ROUGE-1 Eval D1044-A.M.100.H.4 R:0.23629 P:0.32558 F:0.27384
4 ROUGE-1 Eval D1045-A.M.100.H.4 R:0.24803 P:0.36628 F:0.29577
4 ROUGE-1 Eval D1046-A.M.100.H.4 R:0.12205 P:0.12302 F:0.12253
---------------------------------------------
4 ROUGE-2 Average_R: 0.03133 ( 95%-conf.int. 0.02454 - 0.03815)
4 ROUGE-2 Average_P: 0.03846 ( 95%-conf.int. 0.03041 - 0.04660)
4 ROUGE-2 Average_F: 0.03426 ( 95%-conf.int. 0.02713 - 0.04142)
.............................................
4 ROUGE-2 Eval D1001-A.M.100.A.4 R:0.05439 P:0.06771 F:0.06032
4 ROUGE-2 Eval D1002-A.M.100.A.4 R:0.02553 P:0.03846 F:0.03069
4 ROUGE-2 Eval D1003-A.M.100.A.4 R:0.04846 P:0.05729 F:0.05251
4 ROUGE-2 Eval D1004-A.M.100.A.4 R:0.02101 P:0.02717 F:0.02370
4 ROUGE-2 Eval D1005-A.M.100.A.4 R:0.03750 P:0.05488 F:0.04456
4 ROUGE-2 Eval D1006-A.M.100.A.4 R:0.03113 P:0.04000 F:0.03501
4 ROUGE-2 Eval D1007-A.M.100.B.4 R:0.04525 P:0.05102 F:0.04796
4 ROUGE-2 Eval D1008-A.M.100.B.4 R:0.00820 P:0.01190 F:0.00971
4 ROUGE-2 Eval D1009-A.M.100.B.4 R:0.02703 P:0.03125 F:0.02899
4 ROUGE-2 Eval D1010-A.M.100.B.4 R:0.04878 P:0.05263 F:0.05063
4 ROUGE-2 Eval D1011-A.M.100.C.4 R:0.00000 P:0.00000 F:0.00000
4 ROUGE-2 Eval D1012-A.M.100.C.4 R:0.02479 P:0.02542 F:0.02510
4 ROUGE-2 Eval D1013-A.M.100.C.4 R:0.01633 P:0.01961 F:0.01782
4 ROUGE-2 Eval D1014-A.M.100.C.4 R:0.00000 P:0.00000 F:0.00000
4 ROUGE-2 Eval D1015-A.M.100.C.4 R:0.00766 P:0.01220 F:0.00941
4 ROUGE-2 Eval D1016-A.M.100.C.4 R:0.06849 P:0.11364 F:0.08547
4 ROUGE-2 Eval D1017-A.M.100.D.4 R:0.02490 P:0.03571 F:0.02934
4 ROUGE-2 Eval D1018-A.M.100.D.4 R:0.04681 P:0.06250 F:0.05353
4 ROUGE-2 Eval D1019-A.M.100.D.4 R:0.09322 P:0.10000 F:0.09649
4 ROUGE-2 Eval D1020-A.M.100.D.4 R:0.02101 P:0.02193 F:0.02146
4 ROUGE-2 Eval D1021-A.M.100.D.4 R:0.07759 P:0.06716 F:0.07200
4 ROUGE-2 Eval D1022-A.M.100.D.4 R:0.00426 P:0.00641 F:0.00512
4 ROUGE-2 Eval D1023-A.M.100.E.4 R:0.00000 P:0.00000 F:0.00000
4 ROUGE-2 Eval D1024-A.M.100.E.4 R:0.02542 P:0.02586 F:0.02564
4 ROUGE-2 Eval D1025-A.M.100.E.4 R:0.10360 P:0.09127 F:0.09704
4 ROUGE-2 Eval D1026-A.M.100.E.4 R:0.00000 P:0.00000 F:0.00000
4 ROUGE-2 Eval D1027-A.M.100.E.4 R:0.05645 P:0.07609 F:0.06481
4 ROUGE-2 Eval D1028-A.M.100.E.4 R:0.05085 P:0.07143 F:0.05941
4 ROUGE-2 Eval D1029-A.M.100.F.4 R:0.02119 P:0.02660 F:0.02359
4 ROUGE-2 Eval D1030-A.M.100.F.4 R:0.00000 P:0.00000 F:0.00000
4 ROUGE-2 Eval D1031-A.M.100.F.4 R:0.00000 P:0.00000 F:0.00000
4 ROUGE-2 Eval D1032-A.M.100.F.4 R:0.03101 P:0.05000 F:0.03828
4 ROUGE-2 Eval D1033-A.M.100.F.4 R:0.02521 P:0.02632 F:0.02575
4 ROUGE-2 Eval D1034-A.M.100.F.4 R:0.00000 P:0.00000 F:0.00000
4 ROUGE-2 Eval D1035-A.M.100.G.4 R:0.05785 P:0.08140 F:0.06763
4 ROUGE-2 Eval D1036-A.M.100.G.4 R:0.03734 P:0.04891 F:0.04235
4 ROUGE-2 Eval D1037-A.M.100.G.4 R:0.01887 P:0.02041 F:0.01961
4 ROUGE-2 Eval D1038-A.M.100.G.4 R:0.03586 P:0.03879 F:0.03727
4 ROUGE-2 Eval D1039-A.M.100.G.4 R:0.05809 P:0.07143 F:0.06407
4 ROUGE-2 Eval D1040-A.M.100.G.4 R:0.00866 P:0.01250 F:0.01023
4 ROUGE-2 Eval D1041-A.M.100.H.4 R:0.02000 P:0.02660 F:0.02283
4 ROUGE-2 Eval D1042-A.M.100.H.4 R:0.00913 P:0.01042 F:0.00973
4 ROUGE-2 Eval D1043-A.M.100.H.4 R:0.03017 P:0.03070 F:0.03043
4 ROUGE-2 Eval D1044-A.M.100.H.4 R:0.05579 P:0.07738 F:0.06483
4 ROUGE-2 Eval D1045-A.M.100.H.4 R:0.03600 P:0.05357 F:0.04306
4 ROUGE-2 Eval D1046-A.M.100.H.4 R:0.02000 P:0.02016 F:0.02008
---------------------------------------------
4 ROUGE-3 Average_R: 0.00780 ( 95%-conf.int. 0.00467 - 0.01138)
4 ROUGE-3 Average_P: 0.00933 ( 95%-conf.int. 0.00569 - 0.01308)
4 ROUGE-3 Average_F: 0.00840 ( 95%-conf.int. 0.00509 - 0.01203)
.............................................
4 ROUGE-3 Eval D1001-A.M.100.A.4 R:0.01702 P:0.02128 F:0.01891
4 ROUGE-3 Eval D1002-A.M.100.A.4 R:0.01299 P:0.01974 F:0.01567
4 ROUGE-3 Eval D1003-A.M.100.A.4 R:0.00448 P:0.00532 F:0.00486
4 ROUGE-3 Eval D1004-A.M.100.A.4 R:0.00427 P:0.00556 F:0.00483
4 ROUGE-3 Eval D1005-A.M.100.A.4 R:0.01695 P:0.02500 F:0.02020
4 ROUGE-3 Eval D1006-A.M.100.A.4 R:0.01186 P:0.01531 F:0.01337
4 ROUGE-3 Eval D1007-A.M.100.B.4 R:0.00000 P:0.00000 F:0.00000
4 ROUGE-3 Eval D1008-A.M.100.B.4 R:0.00000 P:0.00000 F:0.00000
4 ROUGE-3 Eval D1009-A.M.100.B.4 R:0.00917 P:0.01064 F:0.00985
4 ROUGE-3 Eval D1010-A.M.100.B.4 R:0.02066 P:0.02232 F:0.02146
4 ROUGE-3 Eval D1011-A.M.100.C.4 R:0.00000 P:0.00000 F:0.00000
4 ROUGE-3 Eval D1012-A.M.100.C.4 R:0.00420 P:0.00431 F:0.00425
4 ROUGE-3 Eval D1013-A.M.100.C.4 R:0.00000 P:0.00000 F:0.00000
4 ROUGE-3 Eval D1014-A.M.100.C.4 R:0.00000 P:0.00000 F:0.00000
4 ROUGE-3 Eval D1015-A.M.100.C.4 R:0.00000 P:0.00000 F:0.00000
4 ROUGE-3 Eval D1016-A.M.100.C.4 R:0.02326 P:0.03906 F:0.02916
4 ROUGE-3 Eval D1017-A.M.100.D.4 R:0.00000 P:0.00000 F:0.00000
4 ROUGE-3 Eval D1018-A.M.100.D.4 R:0.00866 P:0.01163 F:0.00993
4 ROUGE-3 Eval D1019-A.M.100.D.4 R:0.04310 P:0.04630 F:0.04464
4 ROUGE-3 Eval D1020-A.M.100.D.4 R:0.00000 P:0.00000 F:0.00000
4 ROUGE-3 Eval D1021-A.M.100.D.4 R:0.02193 P:0.01894 F:0.02033
4 ROUGE-3 Eval D1022-A.M.100.D.4 R:0.00000 P:0.00000 F:0.00000
4 ROUGE-3 Eval D1023-A.M.100.E.4 R:0.00000 P:0.00000 F:0.00000
4 ROUGE-3 Eval D1024-A.M.100.E.4 R:0.00000 P:0.00000 F:0.00000
4 ROUGE-3 Eval D1025-A.M.100.E.4 R:0.05963 P:0.05242 F:0.05579
4 ROUGE-3 Eval D1026-A.M.100.E.4 R:0.00000 P:0.00000 F:0.00000
4 ROUGE-3 Eval D1027-A.M.100.E.4 R:0.00410 P:0.00556 F:0.00472
4 ROUGE-3 Eval D1028-A.M.100.E.4 R:0.00000 P:0.00000 F:0.00000
4 ROUGE-3 Eval D1029-A.M.100.F.4 R:0.00000 P:0.00000 F:0.00000
4 ROUGE-3 Eval D1030-A.M.100.F.4 R:0.00000 P:0.00000 F:0.00000
4 ROUGE-3 Eval D1031-A.M.100.F.4 R:0.00000 P:0.00000 F:0.00000
4 ROUGE-3 Eval D1032-A.M.100.F.4 R:0.00787 P:0.01282 F:0.00975
4 ROUGE-3 Eval D1033-A.M.100.F.4 R:0.00427 P:0.00446 F:0.00436
4 ROUGE-3 Eval D1034-A.M.100.F.4 R:0.00000 P:0.00000 F:0.00000
4 ROUGE-3 Eval D1035-A.M.100.G.4 R:0.01681 P:0.02381 F:0.01971
4 ROUGE-3 Eval D1036-A.M.100.G.4 R:0.00000 P:0.00000 F:0.00000
4 ROUGE-3 Eval D1037-A.M.100.G.4 R:0.00000 P:0.00000 F:0.00000
4 ROUGE-3 Eval D1038-A.M.100.G.4 R:0.01619 P:0.01754 F:0.01684
4 ROUGE-3 Eval D1039-A.M.100.G.4 R:0.00000 P:0.00000 F:0.00000
4 ROUGE-3 Eval D1040-A.M.100.G.4 R:0.00000 P:0.00000 F:0.00000
4 ROUGE-3 Eval D1041-A.M.100.H.4 R:0.00407 P:0.00543 F:0.00465
4 ROUGE-3 Eval D1042-A.M.100.H.4 R:0.00000 P:0.00000 F:0.00000
4 ROUGE-3 Eval D1043-A.M.100.H.4 R:0.00877 P:0.00893 F:0.00885
4 ROUGE-3 Eval D1044-A.M.100.H.4 R:0.02620 P:0.03659 F:0.03054
4 ROUGE-3 Eval D1045-A.M.100.H.4 R:0.00407 P:0.00610 F:0.00488
4 ROUGE-3 Eval D1046-A.M.100.H.4 R:0.00407 P:0.00410 F:0.00408
---------------------------------------------
4 ROUGE-4 Average_R: 0.00225 ( 95%-conf.int. 0.00093 - 0.00399)
4 ROUGE-4 Average_P: 0.00252 ( 95%-conf.int. 0.00107 - 0.00439)
4 ROUGE-4 Average_F: 0.00236 ( 95%-conf.int. 0.00099 - 0.00413)
.............................................
4 ROUGE-4 Eval D1001-A.M.100.A.4 R:0.00000 P:0.00000 F:0.00000
4 ROUGE-4 Eval D1002-A.M.100.A.4 R:0.00441 P:0.00676 F:0.00534
4 ROUGE-4 Eval D1003-A.M.100.A.4 R:0.00000 P:0.00000 F:0.00000
4 ROUGE-4 Eval D1004-A.M.100.A.4 R:0.00000 P:0.00000 F:0.00000
4 ROUGE-4 Eval D1005-A.M.100.A.4 R:0.00000 P:0.00000 F:0.00000
4 ROUGE-4 Eval D1006-A.M.100.A.4 R:0.00402 P:0.00521 F:0.00454
4 ROUGE-4 Eval D1007-A.M.100.B.4 R:0.00000 P:0.00000 F:0.00000
4 ROUGE-4 Eval D1008-A.M.100.B.4 R:0.00000 P:0.00000 F:0.00000
4 ROUGE-4 Eval D1009-A.M.100.B.4 R:0.00000 P:0.00000 F:0.00000
4 ROUGE-4 Eval D1010-A.M.100.B.4 R:0.00840 P:0.00909 F:0.00873
4 ROUGE-4 Eval D1011-A.M.100.C.4 R:0.00000 P:0.00000 F:0.00000
4 ROUGE-4 Eval D1012-A.M.100.C.4 R:0.00000 P:0.00000 F:0.00000
4 ROUGE-4 Eval D1013-A.M.100.C.4 R:0.00000 P:0.00000 F:0.00000
4 ROUGE-4 Eval D1014-A.M.100.C.4 R:0.00000 P:0.00000 F:0.00000
4 ROUGE-4 Eval D1015-A.M.100.C.4 R:0.00000 P:0.00000 F:0.00000
4 ROUGE-4 Eval D1016-A.M.100.C.4 R:0.00000 P:0.00000 F:0.00000
4 ROUGE-4 Eval D1017-A.M.100.D.4 R:0.00000 P:0.00000 F:0.00000
4 ROUGE-4 Eval D1018-A.M.100.D.4 R:0.00441 P:0.00595 F:0.00507
4 ROUGE-4 Eval D1019-A.M.100.D.4 R:0.02632 P:0.02830 F:0.02727
4 ROUGE-4 Eval D1020-A.M.100.D.4 R:0.00000 P:0.00000 F:0.00000
4 ROUGE-4 Eval D1021-A.M.100.D.4 R:0.00446 P:0.00385 F:0.00413
4 ROUGE-4 Eval D1022-A.M.100.D.4 R:0.00000 P:0.00000 F:0.00000
4 ROUGE-4 Eval D1023-A.M.100.E.4 R:0.00000 P:0.00000 F:0.00000
4 ROUGE-4 Eval D1024-A.M.100.E.4 R:0.00000 P:0.00000 F:0.00000
4 ROUGE-4 Eval D1025-A.M.100.E.4 R:0.02336 P:0.02049 F:0.02183
4 ROUGE-4 Eval D1026-A.M.100.E.4 R:0.00000 P:0.00000 F:0.00000
4 ROUGE-4 Eval D1027-A.M.100.E.4 R:0.00000 P:0.00000 F:0.00000
4 ROUGE-4 Eval D1028-A.M.100.E.4 R:0.00000 P:0.00000 F:0.00000
4 ROUGE-4 Eval D1029-A.M.100.F.4 R:0.00000 P:0.00000 F:0.00000
4 ROUGE-4 Eval D1030-A.M.100.F.4 R:0.00000 P:0.00000 F:0.00000
4 ROUGE-4 Eval D1031-A.M.100.F.4 R:0.00000 P:0.00000 F:0.00000
4 ROUGE-4 Eval D1032-A.M.100.F.4 R:0.00000 P:0.00000 F:0.00000
4 ROUGE-4 Eval D1033-A.M.100.F.4 R:0.00000 P:0.00000 F:0.00000
4 ROUGE-4 Eval D1034-A.M.100.F.4 R:0.00000 P:0.00000 F:0.00000
4 ROUGE-4 Eval D1035-A.M.100.G.4 R:0.00427 P:0.00610 F:0.00502
4 ROUGE-4 Eval D1036-A.M.100.G.4 R:0.00000 P:0.00000 F:0.00000
4 ROUGE-4 Eval D1037-A.M.100.G.4 R:0.00000 P:0.00000 F:0.00000
4 ROUGE-4 Eval D1038-A.M.100.G.4 R:0.00412 P:0.00446 F:0.00428
4 ROUGE-4 Eval D1039-A.M.100.G.4 R:0.00000 P:0.00000 F:0.00000
4 ROUGE-4 Eval D1040-A.M.100.G.4 R:0.00000 P:0.00000 F:0.00000
4 ROUGE-4 Eval D1041-A.M.100.H.4 R:0.00000 P:0.00000 F:0.00000
4 ROUGE-4 Eval D1042-A.M.100.H.4 R:0.00000 P:0.00000 F:0.00000
4 ROUGE-4 Eval D1043-A.M.100.H.4 R:0.00446 P:0.00455 F:0.00450
4 ROUGE-4 Eval D1044-A.M.100.H.4 R:0.01333 P:0.01875 F:0.01558
4 ROUGE-4 Eval D1045-A.M.100.H.4 R:0.00000 P:0.00000 F:0.00000
4 ROUGE-4 Eval D1046-A.M.100.H.4 R:0.00000 P:0.00000 F:0.00000
