---------------------------------------------
1 ROUGE-1 Average_R: 0.16772 ( 95%-conf.int. 0.14666 - 0.18963)
1 ROUGE-1 Average_P: 0.20387 ( 95%-conf.int. 0.18246 - 0.22484)
1 ROUGE-1 Average_F: 0.18280 ( 95%-conf.int. 0.16156 - 0.20360)
.............................................
1 ROUGE-1 Eval D0901-A.M.100.A.1 R:0.13306 P:0.19643 F:0.15865
1 ROUGE-1 Eval D0902-A.M.100.A.1 R:0.14000 P:0.16667 F:0.15218
1 ROUGE-1 Eval D0903-A.M.100.A.1 R:0.13127 P:0.19767 F:0.15777
1 ROUGE-1 Eval D0904-A.M.100.A.1 R:0.02247 P:0.03125 F:0.02614
1 ROUGE-1 Eval D0905-A.M.100.A.1 R:0.11304 P:0.14130 F:0.12560
1 ROUGE-1 Eval D0906-A.M.100.B.1 R:0.09055 P:0.14024 F:0.11005
1 ROUGE-1 Eval D0907-A.M.100.B.1 R:0.36910 P:0.36441 F:0.36674
1 ROUGE-1 Eval D0908-A.M.100.B.1 R:0.14410 P:0.21154 F:0.17143
1 ROUGE-1 Eval D0909-A.M.100.B.1 R:0.21484 P:0.31977 F:0.25701
1 ROUGE-1 Eval D0910-A.M.100.B.1 R:0.25225 P:0.22581 F:0.23830
1 ROUGE-1 Eval D0911-A.M.100.C.1 R:0.06190 P:0.11207 F:0.07975
1 ROUGE-1 Eval D0912-A.M.100.C.1 R:0.10860 P:0.10345 F:0.10596
1 ROUGE-1 Eval D0913-A.M.100.C.1 R:0.22749 P:0.22642 F:0.22695
1 ROUGE-1 Eval D0914-A.M.100.C.1 R:0.23707 P:0.24123 F:0.23913
1 ROUGE-1 Eval D0915-A.M.100.C.1 R:0.09350 P:0.14744 F:0.11443
1 ROUGE-1 Eval D0916-A.M.100.C.1 R:0.29464 P:0.28947 F:0.29203
1 ROUGE-1 Eval D0917-A.M.100.C.1 R:0.10860 P:0.11111 F:0.10984
1 ROUGE-1 Eval D0918-A.M.100.D.1 R:0.12554 P:0.18590 F:0.14987
1 ROUGE-1 Eval D0919-A.M.100.D.1 R:0.22609 P:0.28889 F:0.25366
1 ROUGE-1 Eval D0920-A.M.100.D.1 R:0.17937 P:0.20833 F:0.19277
1 ROUGE-1 Eval D0921-A.M.100.D.1 R:0.18222 P:0.22778 F:0.20247
1 ROUGE-1 Eval D0922-A.M.100.D.1 R:0.17143 P:0.23864 F:0.19953
1 ROUGE-1 Eval D0923-A.M.100.D.1 R:0.18107 P:0.20755 F:0.19341
1 ROUGE-1 Eval D0924-A.M.100.D.1 R:0.14754 P:0.17308 F:0.15929
1 ROUGE-1 Eval D0925-A.M.100.E.1 R:0.26754 P:0.29902 F:0.28241
1 ROUGE-1 Eval D0926-A.M.100.E.1 R:0.19249 P:0.23295 F:0.21080
1 ROUGE-1 Eval D0927-A.M.100.E.1 R:0.17874 P:0.25000 F:0.20845
1 ROUGE-1 Eval D0928-A.M.100.E.1 R:0.12000 P:0.13235 F:0.12587
1 ROUGE-1 Eval D0929-A.M.100.E.1 R:0.28814 P:0.29825 F:0.29311
1 ROUGE-1 Eval D0930-A.M.100.F.1 R:0.06034 P:0.09211 F:0.07291
1 ROUGE-1 Eval D0931-A.M.100.F.1 R:0.18257 P:0.23404 F:0.20513
1 ROUGE-1 Eval D0932-A.M.100.F.1 R:0.14706 P:0.21341 F:0.17413
1 ROUGE-1 Eval D0933-A.M.100.F.1 R:0.10909 P:0.11765 F:0.11321
1 ROUGE-1 Eval D0934-A.M.100.G.1 R:0.16509 P:0.16509 F:0.16509
1 ROUGE-1 Eval D0935-A.M.100.G.1 R:0.09465 P:0.12778 F:0.10875
1 ROUGE-1 Eval D0936-A.M.100.G.1 R:0.20673 P:0.25000 F:0.22632
1 ROUGE-1 Eval D0937-A.M.100.G.1 R:0.15152 P:0.20349 F:0.17370
1 ROUGE-1 Eval D0938-A.M.100.G.1 R:0.20346 P:0.25000 F:0.22434
1 ROUGE-1 Eval D0939-A.M.100.H.1 R:0.19355 P:0.32812 F:0.24348
1 ROUGE-1 Eval D0940-A.M.100.H.1 R:0.19409 P:0.22549 F:0.20862
1 ROUGE-1 Eval D0941-A.M.100.H.1 R:0.19835 P:0.22222 F:0.20961
1 ROUGE-1 Eval D0942-A.M.100.H.1 R:0.22624 P:0.30488 F:0.25974
1 ROUGE-1 Eval D0943-A.M.100.H.1 R:0.14768 P:0.16509 F:0.15590
1 ROUGE-1 Eval D0944-A.M.100.H.1 R:0.05116 P:0.07857 F:0.06197
---------------------------------------------
1 ROUGE-2 Average_R: 0.03693 ( 95%-conf.int. 0.02583 - 0.04868)
1 ROUGE-2 Average_P: 0.04371 ( 95%-conf.int. 0.03121 - 0.05731)
1 ROUGE-2 Average_F: 0.03979 ( 95%-conf.int. 0.02812 - 0.05217)
.............................................
1 ROUGE-2 Eval D0901-A.M.100.A.1 R:0.00820 P:0.01220 F:0.00981
1 ROUGE-2 Eval D0902-A.M.100.A.1 R:0.03571 P:0.04268 F:0.03889
1 ROUGE-2 Eval D0903-A.M.100.A.1 R:0.01961 P:0.02976 F:0.02364
1 ROUGE-2 Eval D0904-A.M.100.A.1 R:0.00000 P:0.00000 F:0.00000
1 ROUGE-2 Eval D0905-A.M.100.A.1 R:0.01327 P:0.01667 F:0.01478
1 ROUGE-2 Eval D0906-A.M.100.B.1 R:0.00000 P:0.00000 F:0.00000
1 ROUGE-2 Eval D0907-A.M.100.B.1 R:0.20087 P:0.19828 F:0.19957
1 ROUGE-2 Eval D0908-A.M.100.B.1 R:0.04444 P:0.06579 F:0.05305
1 ROUGE-2 Eval D0909-A.M.100.B.1 R:0.05159 P:0.07738 F:0.06191
1 ROUGE-2 Eval D0910-A.M.100.B.1 R:0.08257 P:0.07377 F:0.07792
1 ROUGE-2 Eval D0911-A.M.100.C.1 R:0.00000 P:0.00000 F:0.00000
1 ROUGE-2 Eval D0912-A.M.100.C.1 R:0.00000 P:0.00000 F:0.00000
1 ROUGE-2 Eval D0913-A.M.100.C.1 R:0.03382 P:0.03365 F:0.03373
1 ROUGE-2 Eval D0914-A.M.100.C.1 R:0.04825 P:0.04911 F:0.04868
1 ROUGE-2 Eval D0915-A.M.100.C.1 R:0.00000 P:0.00000 F:0.00000
1 ROUGE-2 Eval D0916-A.M.100.C.1 R:0.07273 P:0.07143 F:0.07207
1 ROUGE-2 Eval D0917-A.M.100.C.1 R:0.01843 P:0.01887 F:0.01865
1 ROUGE-2 Eval D0918-A.M.100.D.1 R:0.00000 P:0.00000 F:0.00000
1 ROUGE-2 Eval D0919-A.M.100.D.1 R:0.09292 P:0.11932 F:0.10448
1 ROUGE-2 Eval D0920-A.M.100.D.1 R:0.05023 P:0.05851 F:0.05405
1 ROUGE-2 Eval D0921-A.M.100.D.1 R:0.05882 P:0.07386 F:0.06549
1 ROUGE-2 Eval D0922-A.M.100.D.1 R:0.03734 P:0.05233 F:0.04358
1 ROUGE-2 Eval D0923-A.M.100.D.1 R:0.02510 P:0.02885 F:0.02684
1 ROUGE-2 Eval D0924-A.M.100.D.1 R:0.01667 P:0.01961 F:0.01802
1 ROUGE-2 Eval D0925-A.M.100.E.1 R:0.05357 P:0.06000 F:0.05660
1 ROUGE-2 Eval D0926-A.M.100.E.1 R:0.03828 P:0.04651 F:0.04200
1 ROUGE-2 Eval D0927-A.M.100.E.1 R:0.05419 P:0.07639 F:0.06340
1 ROUGE-2 Eval D0928-A.M.100.E.1 R:0.01357 P:0.01500 F:0.01425
1 ROUGE-2 Eval D0929-A.M.100.E.1 R:0.08621 P:0.08929 F:0.08772
1 ROUGE-2 Eval D0930-A.M.100.F.1 R:0.01316 P:0.02027 F:0.01596
1 ROUGE-2 Eval D0931-A.M.100.F.1 R:0.02954 P:0.03804 F:0.03326
1 ROUGE-2 Eval D0932-A.M.100.F.1 R:0.02564 P:0.03750 F:0.03046
1 ROUGE-2 Eval D0933-A.M.100.F.1 R:0.00463 P:0.00500 F:0.00481
1 ROUGE-2 Eval D0934-A.M.100.G.1 R:0.03365 P:0.03365 F:0.03365
1 ROUGE-2 Eval D0935-A.M.100.G.1 R:0.00000 P:0.00000 F:0.00000
1 ROUGE-2 Eval D0936-A.M.100.G.1 R:0.06863 P:0.08333 F:0.07527
1 ROUGE-2 Eval D0937-A.M.100.G.1 R:0.00000 P:0.00000 F:0.00000
1 ROUGE-2 Eval D0938-A.M.100.G.1 R:0.07489 P:0.09239 F:0.08272
1 ROUGE-2 Eval D0939-A.M.100.H.1 R:0.02817 P:0.04839 F:0.03561
1 ROUGE-2 Eval D0940-A.M.100.H.1 R:0.03004 P:0.03500 F:0.03233
1 ROUGE-2 Eval D0941-A.M.100.H.1 R:0.02521 P:0.02830 F:0.02667
1 ROUGE-2 Eval D0942-A.M.100.H.1 R:0.11060 P:0.15000 F:0.12732
1 ROUGE-2 Eval D0943-A.M.100.H.1 R:0.00000 P:0.00000 F:0.00000
1 ROUGE-2 Eval D0944-A.M.100.H.1 R:0.00000 P:0.00000 F:0.00000
---------------------------------------------
1 ROUGE-3 Average_R: 0.01175 ( 95%-conf.int. 0.00627 - 0.01810)
1 ROUGE-3 Average_P: 0.01350 ( 95%-conf.int. 0.00720 - 0.02048)
1 ROUGE-3 Average_F: 0.01249 ( 95%-conf.int. 0.00656 - 0.01916)
.............................................
1 ROUGE-3 Eval D0901-A.M.100.A.1 R:0.00000 P:0.00000 F:0.00000
1 ROUGE-3 Eval D0902-A.M.100.A.1 R:0.01042 P:0.01250 F:0.01137
1 ROUGE-3 Eval D0903-A.M.100.A.1 R:0.00398 P:0.00610 F:0.00482
1 ROUGE-3 Eval D0904-A.M.100.A.1 R:0.00000 P:0.00000 F:0.00000
1 ROUGE-3 Eval D0905-A.M.100.A.1 R:0.00000 P:0.00000 F:0.00000
1 ROUGE-3 Eval D0906-A.M.100.B.1 R:0.00000 P:0.00000 F:0.00000
1 ROUGE-3 Eval D0907-A.M.100.B.1 R:0.09333 P:0.09211 F:0.09272
1 ROUGE-3 Eval D0908-A.M.100.B.1 R:0.00452 P:0.00676 F:0.00542
1 ROUGE-3 Eval D0909-A.M.100.B.1 R:0.01210 P:0.01829 F:0.01456
1 ROUGE-3 Eval D0910-A.M.100.B.1 R:0.03738 P:0.03333 F:0.03524
1 ROUGE-3 Eval D0911-A.M.100.C.1 R:0.00000 P:0.00000 F:0.00000
1 ROUGE-3 Eval D0912-A.M.100.C.1 R:0.00000 P:0.00000 F:0.00000
1 ROUGE-3 Eval D0913-A.M.100.C.1 R:0.00000 P:0.00000 F:0.00000
1 ROUGE-3 Eval D0914-A.M.100.C.1 R:0.00446 P:0.00455 F:0.00450
1 ROUGE-3 Eval D0915-A.M.100.C.1 R:0.00000 P:0.00000 F:0.00000
1 ROUGE-3 Eval D0916-A.M.100.C.1 R:0.01852 P:0.01818 F:0.01835
1 ROUGE-3 Eval D0917-A.M.100.C.1 R:0.00939 P:0.00962 F:0.00950
1 ROUGE-3 Eval D0918-A.M.100.D.1 R:0.00000 P:0.00000 F:0.00000
1 ROUGE-3 Eval D0919-A.M.100.D.1 R:0.03604 P:0.04651 F:0.04061
1 ROUGE-3 Eval D0920-A.M.100.D.1 R:0.00930 P:0.01087 F:0.01002
1 ROUGE-3 Eval D0921-A.M.100.D.1 R:0.01843 P:0.02326 F:0.02057
1 ROUGE-3 Eval D0922-A.M.100.D.1 R:0.00422 P:0.00595 F:0.00494
1 ROUGE-3 Eval D0923-A.M.100.D.1 R:0.00000 P:0.00000 F:0.00000
1 ROUGE-3 Eval D0924-A.M.100.D.1 R:0.00000 P:0.00000 F:0.00000
1 ROUGE-3 Eval D0925-A.M.100.E.1 R:0.02727 P:0.03061 F:0.02884
1 ROUGE-3 Eval D0926-A.M.100.E.1 R:0.00488 P:0.00595 F:0.00536
1 ROUGE-3 Eval D0927-A.M.100.E.1 R:0.00000 P:0.00000 F:0.00000
1 ROUGE-3 Eval D0928-A.M.100.E.1 R:0.00000 P:0.00000 F:0.00000
1 ROUGE-3 Eval D0929-A.M.100.E.1 R:0.06140 P:0.06364 F:0.06250
1 ROUGE-3 Eval D0930-A.M.100.F.1 R:0.00000 P:0.00000 F:0.00000
1 ROUGE-3 Eval D0931-A.M.100.F.1 R:0.00858 P:0.01111 F:0.00968
1 ROUGE-3 Eval D0932-A.M.100.F.1 R:0.00000 P:0.00000 F:0.00000
1 ROUGE-3 Eval D0933-A.M.100.F.1 R:0.00000 P:0.00000 F:0.00000
1 ROUGE-3 Eval D0934-A.M.100.G.1 R:0.00490 P:0.00490 F:0.00490
1 ROUGE-3 Eval D0935-A.M.100.G.1 R:0.00000 P:0.00000 F:0.00000
1 ROUGE-3 Eval D0936-A.M.100.G.1 R:0.01000 P:0.01220 F:0.01099
1 ROUGE-3 Eval D0937-A.M.100.G.1 R:0.00000 P:0.00000 F:0.00000
1 ROUGE-3 Eval D0938-A.M.100.G.1 R:0.04484 P:0.05556 F:0.04963
1 ROUGE-3 Eval D0939-A.M.100.H.1 R:0.00478 P:0.00833 F:0.00607
1 ROUGE-3 Eval D0940-A.M.100.H.1 R:0.00437 P:0.00510 F:0.00471
1 ROUGE-3 Eval D0941-A.M.100.H.1 R:0.00855 P:0.00962 F:0.00905
1 ROUGE-3 Eval D0942-A.M.100.H.1 R:0.06103 P:0.08333 F:0.07046
1 ROUGE-3 Eval D0943-A.M.100.H.1 R:0.00000 P:0.00000 F:0.00000
1 ROUGE-3 Eval D0944-A.M.100.H.1 R:0.00000 P:0.00000 F:0.00000
---------------------------------------------
1 ROUGE-4 Average_R: 0.00521 ( 95%-conf.int. 0.00197 - 0.00886)
1 ROUGE-4 Average_P: 0.00590 ( 95%-conf.int. 0.00242 - 0.01000)
1 ROUGE-4 Average_F: 0.00551 ( 95%-conf.int. 0.00219 - 0.00934)
.............................................
1 ROUGE-4 Eval D0901-A.M.100.A.1 R:0.00000 P:0.00000 F:0.00000
1 ROUGE-4 Eval D0902-A.M.100.A.1 R:0.00532 P:0.00641 F:0.00581
1 ROUGE-4 Eval D0903-A.M.100.A.1 R:0.00000 P:0.00000 F:0.00000
1 ROUGE-4 Eval D0904-A.M.100.A.1 R:0.00000 P:0.00000 F:0.00000
1 ROUGE-4 Eval D0905-A.M.100.A.1 R:0.00000 P:0.00000 F:0.00000
1 ROUGE-4 Eval D0906-A.M.100.B.1 R:0.00000 P:0.00000 F:0.00000
1 ROUGE-4 Eval D0907-A.M.100.B.1 R:0.04525 P:0.04464 F:0.04494
1 ROUGE-4 Eval D0908-A.M.100.B.1 R:0.00000 P:0.00000 F:0.00000
1 ROUGE-4 Eval D0909-A.M.100.B.1 R:0.00000 P:0.00000 F:0.00000
1 ROUGE-4 Eval D0910-A.M.100.B.1 R:0.01429 P:0.01271 F:0.01345
1 ROUGE-4 Eval D0911-A.M.100.C.1 R:0.00000 P:0.00000 F:0.00000
1 ROUGE-4 Eval D0912-A.M.100.C.1 R:0.00000 P:0.00000 F:0.00000
1 ROUGE-4 Eval D0913-A.M.100.C.1 R:0.00000 P:0.00000 F:0.00000
1 ROUGE-4 Eval D0914-A.M.100.C.1 R:0.00000 P:0.00000 F:0.00000
1 ROUGE-4 Eval D0915-A.M.100.C.1 R:0.00000 P:0.00000 F:0.00000
1 ROUGE-4 Eval D0916-A.M.100.C.1 R:0.00000 P:0.00000 F:0.00000
1 ROUGE-4 Eval D0917-A.M.100.C.1 R:0.00000 P:0.00000 F:0.00000
1 ROUGE-4 Eval D0918-A.M.100.D.1 R:0.00000 P:0.00000 F:0.00000
1 ROUGE-4 Eval D0919-A.M.100.D.1 R:0.00917 P:0.01190 F:0.01036
1 ROUGE-4 Eval D0920-A.M.100.D.1 R:0.00474 P:0.00556 F:0.00512
1 ROUGE-4 Eval D0921-A.M.100.D.1 R:0.00939 P:0.01190 F:0.01050
1 ROUGE-4 Eval D0922-A.M.100.D.1 R:0.00000 P:0.00000 F:0.00000
1 ROUGE-4 Eval D0923-A.M.100.D.1 R:0.00000 P:0.00000 F:0.00000
1 ROUGE-4 Eval D0924-A.M.100.D.1 R:0.00000 P:0.00000 F:0.00000
1 ROUGE-4 Eval D0925-A.M.100.E.1 R:0.02315 P:0.02604 F:0.02451
1 ROUGE-4 Eval D0926-A.M.100.E.1 R:0.00000 P:0.00000 F:0.00000
1 ROUGE-4 Eval D0927-A.M.100.E.1 R:0.00000 P:0.00000 F:0.00000
1 ROUGE-4 Eval D0928-A.M.100.E.1 R:0.00000 P:0.00000 F:0.00000
1 ROUGE-4 Eval D0929-A.M.100.E.1 R:0.04911 P:0.05093 F:0.05000
1 ROUGE-4 Eval D0930-A.M.100.F.1 R:0.00000 P:0.00000 F:0.00000
1 ROUGE-4 Eval D0931-A.M.100.F.1 R:0.00000 P:0.00000 F:0.00000
1 ROUGE-4 Eval D0932-A.M.100.F.1 R:0.00000 P:0.00000 F:0.00000
1 ROUGE-4 Eval D0933-A.M.100.F.1 R:0.00000 P:0.00000 F:0.00000
1 ROUGE-4 Eval D0934-A.M.100.G.1 R:0.00000 P:0.00000 F:0.00000
1 ROUGE-4 Eval D0935-A.M.100.G.1 R:0.00000 P:0.00000 F:0.00000
1 ROUGE-4 Eval D0936-A.M.100.G.1 R:0.00000 P:0.00000 F:0.00000
1 ROUGE-4 Eval D0937-A.M.100.G.1 R:0.00000 P:0.00000 F:0.00000
1 ROUGE-4 Eval D0938-A.M.100.G.1 R:0.02740 P:0.03409 F:0.03038
1 ROUGE-4 Eval D0939-A.M.100.H.1 R:0.00000 P:0.00000 F:0.00000
1 ROUGE-4 Eval D0940-A.M.100.H.1 R:0.00000 P:0.00000 F:0.00000
1 ROUGE-4 Eval D0941-A.M.100.H.1 R:0.00000 P:0.00000 F:0.00000
1 ROUGE-4 Eval D0942-A.M.100.H.1 R:0.03349 P:0.04605 F:0.03878
1 ROUGE-4 Eval D0943-A.M.100.H.1 R:0.00000 P:0.00000 F:0.00000
1 ROUGE-4 Eval D0944-A.M.100.H.1 R:0.00000 P:0.00000 F:0.00000
