---------------------------------------------
1 ROUGE-1 Average_R: 0.23081 ( 95%-conf.int. 0.20519 - 0.25518)
1 ROUGE-1 Average_P: 0.26912 ( 95%-conf.int. 0.24109 - 0.29758)
1 ROUGE-1 Average_F: 0.24677 ( 95%-conf.int. 0.22121 - 0.27207)
.............................................
1 ROUGE-1 Eval D0901-A.M.100.A.1 R:0.20565 P:0.23611 F:0.21983
1 ROUGE-1 Eval D0902-A.M.100.A.1 R:0.10000 P:0.09434 F:0.09709
1 ROUGE-1 Eval D0903-A.M.100.A.1 R:0.16602 P:0.24432 F:0.19770
1 ROUGE-1 Eval D0904-A.M.100.A.1 R:0.22846 P:0.29902 F:0.25902
1 ROUGE-1 Eval D0905-A.M.100.A.1 R:0.12174 P:0.15909 F:0.13793
1 ROUGE-1 Eval D0906-A.M.100.B.1 R:0.11417 P:0.15104 F:0.13004
1 ROUGE-1 Eval D0907-A.M.100.B.1 R:0.12876 P:0.17442 F:0.14815
1 ROUGE-1 Eval D0908-A.M.100.B.1 R:0.17467 P:0.27027 F:0.21220
1 ROUGE-1 Eval D0909-A.M.100.B.1 R:0.27344 P:0.31818 F:0.29412
1 ROUGE-1 Eval D0910-A.M.100.B.1 R:0.32883 P:0.28968 F:0.30802
1 ROUGE-1 Eval D0911-A.M.100.C.1 R:0.35714 P:0.46875 F:0.40540
1 ROUGE-1 Eval D0912-A.M.100.C.1 R:0.25339 P:0.26415 F:0.25866
1 ROUGE-1 Eval D0913-A.M.100.C.1 R:0.24171 P:0.29651 F:0.26632
1 ROUGE-1 Eval D0914-A.M.100.C.1 R:0.32328 P:0.32328 F:0.32328
1 ROUGE-1 Eval D0915-A.M.100.C.1 R:0.21951 P:0.34615 F:0.26865
1 ROUGE-1 Eval D0916-A.M.100.C.1 R:0.07589 P:0.09043 F:0.08252
1 ROUGE-1 Eval D0917-A.M.100.C.1 R:0.24887 P:0.36184 F:0.29491
1 ROUGE-1 Eval D0918-A.M.100.D.1 R:0.26407 P:0.25000 F:0.25684
1 ROUGE-1 Eval D0919-A.M.100.D.1 R:0.24348 P:0.28000 F:0.26047
1 ROUGE-1 Eval D0920-A.M.100.D.1 R:0.16592 P:0.21512 F:0.18734
1 ROUGE-1 Eval D0921-A.M.100.D.1 R:0.25778 P:0.25000 F:0.25383
1 ROUGE-1 Eval D0922-A.M.100.D.1 R:0.17551 P:0.25595 F:0.20823
1 ROUGE-1 Eval D0923-A.M.100.D.1 R:0.20988 P:0.20565 F:0.20774
1 ROUGE-1 Eval D0924-A.M.100.D.1 R:0.32377 P:0.45930 F:0.37981
1 ROUGE-1 Eval D0925-A.M.100.E.1 R:0.32456 P:0.44048 F:0.37374
1 ROUGE-1 Eval D0926-A.M.100.E.1 R:0.22535 P:0.22222 F:0.22377
1 ROUGE-1 Eval D0927-A.M.100.E.1 R:0.25121 P:0.27660 F:0.26329
1 ROUGE-1 Eval D0928-A.M.100.E.1 R:0.33333 P:0.37500 F:0.35294
1 ROUGE-1 Eval D0929-A.M.100.E.1 R:0.22458 P:0.23661 F:0.23044
1 ROUGE-1 Eval D0930-A.M.100.F.1 R:0.09914 P:0.11979 F:0.10849
1 ROUGE-1 Eval D0931-A.M.100.F.1 R:0.14523 P:0.18229 F:0.16166
1 ROUGE-1 Eval D0932-A.M.100.F.1 R:0.10924 P:0.18571 F:0.13756
1 ROUGE-1 Eval D0933-A.M.100.F.1 R:0.17273 P:0.16964 F:0.17117
1 ROUGE-1 Eval D0934-A.M.100.G.1 R:0.24528 P:0.23636 F:0.24074
1 ROUGE-1 Eval D0935-A.M.100.G.1 R:0.34156 P:0.36404 F:0.35244
1 ROUGE-1 Eval D0936-A.M.100.G.1 R:0.19231 P:0.20833 F:0.20000
1 ROUGE-1 Eval D0937-A.M.100.G.1 R:0.25108 P:0.35366 F:0.29367
1 ROUGE-1 Eval D0938-A.M.100.G.1 R:0.33333 P:0.34375 F:0.33846
1 ROUGE-1 Eval D0939-A.M.100.H.1 R:0.30415 P:0.27966 F:0.29139
1 ROUGE-1 Eval D0940-A.M.100.H.1 R:0.24895 P:0.30102 F:0.27252
1 ROUGE-1 Eval D0941-A.M.100.H.1 R:0.46281 P:0.40580 F:0.43243
1 ROUGE-1 Eval D0942-A.M.100.H.1 R:0.28959 P:0.34043 F:0.31296
1 ROUGE-1 Eval D0943-A.M.100.H.1 R:0.26582 P:0.34239 F:0.29929
1 ROUGE-1 Eval D0944-A.M.100.H.1 R:0.13953 P:0.14423 F:0.14184
---------------------------------------------
1 ROUGE-2 Average_R: 0.06986 ( 95%-conf.int. 0.05901 - 0.08059)
1 ROUGE-2 Average_P: 0.08125 ( 95%-conf.int. 0.06854 - 0.09397)
1 ROUGE-2 Average_F: 0.07462 ( 95%-conf.int. 0.06315 - 0.08606)
.............................................
1 ROUGE-2 Eval D0901-A.M.100.A.1 R:0.04508 P:0.05189 F:0.04825
1 ROUGE-2 Eval D0902-A.M.100.A.1 R:0.01531 P:0.01442 F:0.01485
1 ROUGE-2 Eval D0903-A.M.100.A.1 R:0.07451 P:0.11047 F:0.08899
1 ROUGE-2 Eval D0904-A.M.100.A.1 R:0.07605 P:0.10000 F:0.08640
1 ROUGE-2 Eval D0905-A.M.100.A.1 R:0.03097 P:0.04070 F:0.03517
1 ROUGE-2 Eval D0906-A.M.100.B.1 R:0.02400 P:0.03191 F:0.02740
1 ROUGE-2 Eval D0907-A.M.100.B.1 R:0.03930 P:0.05357 F:0.04534
1 ROUGE-2 Eval D0908-A.M.100.B.1 R:0.04000 P:0.06250 F:0.04878
1 ROUGE-2 Eval D0909-A.M.100.B.1 R:0.10714 P:0.12500 F:0.11538
1 ROUGE-2 Eval D0910-A.M.100.B.1 R:0.11468 P:0.10081 F:0.10730
1 ROUGE-2 Eval D0911-A.M.100.C.1 R:0.10680 P:0.14103 F:0.12155
1 ROUGE-2 Eval D0912-A.M.100.C.1 R:0.05991 P:0.06250 F:0.06118
1 ROUGE-2 Eval D0913-A.M.100.C.1 R:0.09662 P:0.11905 F:0.10667
1 ROUGE-2 Eval D0914-A.M.100.C.1 R:0.07018 P:0.07018 F:0.07018
1 ROUGE-2 Eval D0915-A.M.100.C.1 R:0.04132 P:0.06579 F:0.05076
1 ROUGE-2 Eval D0916-A.M.100.C.1 R:0.00000 P:0.00000 F:0.00000
1 ROUGE-2 Eval D0917-A.M.100.C.1 R:0.06452 P:0.09459 F:0.07671
1 ROUGE-2 Eval D0918-A.M.100.D.1 R:0.07489 P:0.07083 F:0.07280
1 ROUGE-2 Eval D0919-A.M.100.D.1 R:0.07522 P:0.08673 F:0.08057
1 ROUGE-2 Eval D0920-A.M.100.D.1 R:0.05936 P:0.07738 F:0.06718
1 ROUGE-2 Eval D0921-A.M.100.D.1 R:0.04977 P:0.04825 F:0.04900
1 ROUGE-2 Eval D0922-A.M.100.D.1 R:0.05394 P:0.07927 F:0.06420
1 ROUGE-2 Eval D0923-A.M.100.D.1 R:0.06276 P:0.06148 F:0.06211
1 ROUGE-2 Eval D0924-A.M.100.D.1 R:0.09583 P:0.13690 F:0.11274
1 ROUGE-2 Eval D0925-A.M.100.E.1 R:0.06250 P:0.08537 F:0.07217
1 ROUGE-2 Eval D0926-A.M.100.E.1 R:0.08612 P:0.08491 F:0.08551
1 ROUGE-2 Eval D0927-A.M.100.E.1 R:0.09360 P:0.10326 F:0.09819
1 ROUGE-2 Eval D0928-A.M.100.E.1 R:0.10407 P:0.11735 F:0.11031
1 ROUGE-2 Eval D0929-A.M.100.E.1 R:0.06466 P:0.06818 F:0.06637
1 ROUGE-2 Eval D0930-A.M.100.F.1 R:0.01316 P:0.01596 F:0.01443
1 ROUGE-2 Eval D0931-A.M.100.F.1 R:0.00844 P:0.01064 F:0.00941
1 ROUGE-2 Eval D0932-A.M.100.F.1 R:0.01709 P:0.02941 F:0.02162
1 ROUGE-2 Eval D0933-A.M.100.F.1 R:0.06019 P:0.05909 F:0.05963
1 ROUGE-2 Eval D0934-A.M.100.G.1 R:0.08654 P:0.08333 F:0.08490
1 ROUGE-2 Eval D0935-A.M.100.G.1 R:0.12134 P:0.12946 F:0.12527
1 ROUGE-2 Eval D0936-A.M.100.G.1 R:0.05882 P:0.06383 F:0.06122
1 ROUGE-2 Eval D0937-A.M.100.G.1 R:0.09692 P:0.13750 F:0.11370
1 ROUGE-2 Eval D0938-A.M.100.G.1 R:0.14537 P:0.15000 F:0.14765
1 ROUGE-2 Eval D0939-A.M.100.H.1 R:0.05634 P:0.05172 F:0.05393
1 ROUGE-2 Eval D0940-A.M.100.H.1 R:0.09871 P:0.11979 F:0.10823
1 ROUGE-2 Eval D0941-A.M.100.H.1 R:0.15546 P:0.13603 F:0.14510
1 ROUGE-2 Eval D0942-A.M.100.H.1 R:0.14747 P:0.17391 F:0.15960
1 ROUGE-2 Eval D0943-A.M.100.H.1 R:0.09013 P:0.11667 F:0.10170
1 ROUGE-2 Eval D0944-A.M.100.H.1 R:0.02844 P:0.02941 F:0.02892
---------------------------------------------
1 ROUGE-3 Average_R: 0.02320 ( 95%-conf.int. 0.01616 - 0.03090)
1 ROUGE-3 Average_P: 0.02651 ( 95%-conf.int. 0.01869 - 0.03479)
1 ROUGE-3 Average_F: 0.02460 ( 95%-conf.int. 0.01727 - 0.03258)
.............................................
1 ROUGE-3 Eval D0901-A.M.100.A.1 R:0.00833 P:0.00962 F:0.00893
1 ROUGE-3 Eval D0902-A.M.100.A.1 R:0.00000 P:0.00000 F:0.00000
1 ROUGE-3 Eval D0903-A.M.100.A.1 R:0.02789 P:0.04167 F:0.03342
1 ROUGE-3 Eval D0904-A.M.100.A.1 R:0.01931 P:0.02551 F:0.02198
1 ROUGE-3 Eval D0905-A.M.100.A.1 R:0.00450 P:0.00595 F:0.00512
1 ROUGE-3 Eval D0906-A.M.100.B.1 R:0.00000 P:0.00000 F:0.00000
1 ROUGE-3 Eval D0907-A.M.100.B.1 R:0.00889 P:0.01220 F:0.01029
1 ROUGE-3 Eval D0908-A.M.100.B.1 R:0.00452 P:0.00714 F:0.00554
1 ROUGE-3 Eval D0909-A.M.100.B.1 R:0.02823 P:0.03302 F:0.03044
1 ROUGE-3 Eval D0910-A.M.100.B.1 R:0.03271 P:0.02869 F:0.03057
1 ROUGE-3 Eval D0911-A.M.100.C.1 R:0.04950 P:0.06579 F:0.05649
1 ROUGE-3 Eval D0912-A.M.100.C.1 R:0.00939 P:0.00980 F:0.00959
1 ROUGE-3 Eval D0913-A.M.100.C.1 R:0.04433 P:0.05488 F:0.04904
1 ROUGE-3 Eval D0914-A.M.100.C.1 R:0.00893 P:0.00893 F:0.00893
1 ROUGE-3 Eval D0915-A.M.100.C.1 R:0.00420 P:0.00676 F:0.00518
1 ROUGE-3 Eval D0916-A.M.100.C.1 R:0.00000 P:0.00000 F:0.00000
1 ROUGE-3 Eval D0917-A.M.100.C.1 R:0.00939 P:0.01389 F:0.01121
1 ROUGE-3 Eval D0918-A.M.100.D.1 R:0.00897 P:0.00847 F:0.00871
1 ROUGE-3 Eval D0919-A.M.100.D.1 R:0.01802 P:0.02083 F:0.01932
1 ROUGE-3 Eval D0920-A.M.100.D.1 R:0.01395 P:0.01829 F:0.01583
1 ROUGE-3 Eval D0921-A.M.100.D.1 R:0.00000 P:0.00000 F:0.00000
1 ROUGE-3 Eval D0922-A.M.100.D.1 R:0.00000 P:0.00000 F:0.00000
1 ROUGE-3 Eval D0923-A.M.100.D.1 R:0.02128 P:0.02083 F:0.02105
1 ROUGE-3 Eval D0924-A.M.100.D.1 R:0.03390 P:0.04878 F:0.04000
1 ROUGE-3 Eval D0925-A.M.100.E.1 R:0.00455 P:0.00625 F:0.00527
1 ROUGE-3 Eval D0926-A.M.100.E.1 R:0.03415 P:0.03365 F:0.03390
1 ROUGE-3 Eval D0927-A.M.100.E.1 R:0.03518 P:0.03889 F:0.03694
1 ROUGE-3 Eval D0928-A.M.100.E.1 R:0.04147 P:0.04688 F:0.04401
1 ROUGE-3 Eval D0929-A.M.100.E.1 R:0.02632 P:0.02778 F:0.02703
1 ROUGE-3 Eval D0930-A.M.100.F.1 R:0.00000 P:0.00000 F:0.00000
1 ROUGE-3 Eval D0931-A.M.100.F.1 R:0.00000 P:0.00000 F:0.00000
1 ROUGE-3 Eval D0932-A.M.100.F.1 R:0.00000 P:0.00000 F:0.00000
1 ROUGE-3 Eval D0933-A.M.100.F.1 R:0.03774 P:0.03704 F:0.03739
1 ROUGE-3 Eval D0934-A.M.100.G.1 R:0.01961 P:0.01887 F:0.01923
1 ROUGE-3 Eval D0935-A.M.100.G.1 R:0.05106 P:0.05455 F:0.05275
1 ROUGE-3 Eval D0936-A.M.100.G.1 R:0.02500 P:0.02717 F:0.02604
1 ROUGE-3 Eval D0937-A.M.100.G.1 R:0.04036 P:0.05769 F:0.04749
1 ROUGE-3 Eval D0938-A.M.100.G.1 R:0.09417 P:0.09722 F:0.09567
1 ROUGE-3 Eval D0939-A.M.100.H.1 R:0.00478 P:0.00439 F:0.00458
1 ROUGE-3 Eval D0940-A.M.100.H.1 R:0.05240 P:0.06383 F:0.05755
1 ROUGE-3 Eval D0941-A.M.100.H.1 R:0.08547 P:0.07463 F:0.07968
1 ROUGE-3 Eval D0942-A.M.100.H.1 R:0.07981 P:0.09444 F:0.08651
1 ROUGE-3 Eval D0943-A.M.100.H.1 R:0.03057 P:0.03977 F:0.03457
1 ROUGE-3 Eval D0944-A.M.100.H.1 R:0.00000 P:0.00000 F:0.00000
---------------------------------------------
1 ROUGE-4 Average_R: 0.01042 ( 95%-conf.int. 0.00643 - 0.01504)
1 ROUGE-4 Average_P: 0.01174 ( 95%-conf.int. 0.00738 - 0.01678)
1 ROUGE-4 Average_F: 0.01098 ( 95%-conf.int. 0.00685 - 0.01585)
.............................................
1 ROUGE-4 Eval D0901-A.M.100.A.1 R:0.00424 P:0.00490 F:0.00455
1 ROUGE-4 Eval D0902-A.M.100.A.1 R:0.00000 P:0.00000 F:0.00000
1 ROUGE-4 Eval D0903-A.M.100.A.1 R:0.00810 P:0.01220 F:0.00974
1 ROUGE-4 Eval D0904-A.M.100.A.1 R:0.00784 P:0.01042 F:0.00895
1 ROUGE-4 Eval D0905-A.M.100.A.1 R:0.00000 P:0.00000 F:0.00000
1 ROUGE-4 Eval D0906-A.M.100.B.1 R:0.00000 P:0.00000 F:0.00000
1 ROUGE-4 Eval D0907-A.M.100.B.1 R:0.00000 P:0.00000 F:0.00000
1 ROUGE-4 Eval D0908-A.M.100.B.1 R:0.00000 P:0.00000 F:0.00000
1 ROUGE-4 Eval D0909-A.M.100.B.1 R:0.00410 P:0.00481 F:0.00443
1 ROUGE-4 Eval D0910-A.M.100.B.1 R:0.01429 P:0.01250 F:0.01334
1 ROUGE-4 Eval D0911-A.M.100.C.1 R:0.03535 P:0.04730 F:0.04046
1 ROUGE-4 Eval D0912-A.M.100.C.1 R:0.00000 P:0.00000 F:0.00000
1 ROUGE-4 Eval D0913-A.M.100.C.1 R:0.02513 P:0.03125 F:0.02786
1 ROUGE-4 Eval D0914-A.M.100.C.1 R:0.00000 P:0.00000 F:0.00000
1 ROUGE-4 Eval D0915-A.M.100.C.1 R:0.00000 P:0.00000 F:0.00000
1 ROUGE-4 Eval D0916-A.M.100.C.1 R:0.00000 P:0.00000 F:0.00000
1 ROUGE-4 Eval D0917-A.M.100.C.1 R:0.00478 P:0.00714 F:0.00573
1 ROUGE-4 Eval D0918-A.M.100.D.1 R:0.00000 P:0.00000 F:0.00000
1 ROUGE-4 Eval D0919-A.M.100.D.1 R:0.00000 P:0.00000 F:0.00000
1 ROUGE-4 Eval D0920-A.M.100.D.1 R:0.00948 P:0.01250 F:0.01078
1 ROUGE-4 Eval D0921-A.M.100.D.1 R:0.00000 P:0.00000 F:0.00000
1 ROUGE-4 Eval D0922-A.M.100.D.1 R:0.00000 P:0.00000 F:0.00000
1 ROUGE-4 Eval D0923-A.M.100.D.1 R:0.00866 P:0.00847 F:0.00856
1 ROUGE-4 Eval D0924-A.M.100.D.1 R:0.00862 P:0.01250 F:0.01020
1 ROUGE-4 Eval D0925-A.M.100.E.1 R:0.00000 P:0.00000 F:0.00000
1 ROUGE-4 Eval D0926-A.M.100.E.1 R:0.01493 P:0.01471 F:0.01482
1 ROUGE-4 Eval D0927-A.M.100.E.1 R:0.02564 P:0.02841 F:0.02695
1 ROUGE-4 Eval D0928-A.M.100.E.1 R:0.01878 P:0.02128 F:0.01995
1 ROUGE-4 Eval D0929-A.M.100.E.1 R:0.01339 P:0.01415 F:0.01376
1 ROUGE-4 Eval D0930-A.M.100.F.1 R:0.00000 P:0.00000 F:0.00000
1 ROUGE-4 Eval D0931-A.M.100.F.1 R:0.00000 P:0.00000 F:0.00000
1 ROUGE-4 Eval D0932-A.M.100.F.1 R:0.00000 P:0.00000 F:0.00000
1 ROUGE-4 Eval D0933-A.M.100.F.1 R:0.02404 P:0.02358 F:0.02381
1 ROUGE-4 Eval D0934-A.M.100.G.1 R:0.00500 P:0.00481 F:0.00490
1 ROUGE-4 Eval D0935-A.M.100.G.1 R:0.02597 P:0.02778 F:0.02684
1 ROUGE-4 Eval D0936-A.M.100.G.1 R:0.01020 P:0.01111 F:0.01064
1 ROUGE-4 Eval D0937-A.M.100.G.1 R:0.01826 P:0.02632 F:0.02156
1 ROUGE-4 Eval D0938-A.M.100.G.1 R:0.05936 P:0.06132 F:0.06032
1 ROUGE-4 Eval D0939-A.M.100.H.1 R:0.00000 P:0.00000 F:0.00000
1 ROUGE-4 Eval D0940-A.M.100.H.1 R:0.02222 P:0.02717 F:0.02445
1 ROUGE-4 Eval D0941-A.M.100.H.1 R:0.04783 P:0.04167 F:0.04454
1 ROUGE-4 Eval D0942-A.M.100.H.1 R:0.03828 P:0.04545 F:0.04156
1 ROUGE-4 Eval D0943-A.M.100.H.1 R:0.00444 P:0.00581 F:0.00503
1 ROUGE-4 Eval D0944-A.M.100.H.1 R:0.00000 P:0.00000 F:0.00000
