---------------------------------------------
4 ROUGE-1 Average_R: 0.21246 ( 95%-conf.int. 0.19138 - 0.23395)
4 ROUGE-1 Average_P: 0.28938 ( 95%-conf.int. 0.26371 - 0.31592)
4 ROUGE-1 Average_F: 0.24096 ( 95%-conf.int. 0.21888 - 0.26289)
.............................................
4 ROUGE-1 Eval D1001-A.M.100.A.4 R:0.06996 P:0.15741 F:0.09687
4 ROUGE-1 Eval D1002-A.M.100.A.4 R:0.12134 P:0.20139 F:0.15144
4 ROUGE-1 Eval D1003-A.M.100.A.4 R:0.18615 P:0.22872 F:0.20525
4 ROUGE-1 Eval D1004-A.M.100.A.4 R:0.19008 P:0.17164 F:0.18039
4 ROUGE-1 Eval D1005-A.M.100.A.4 R:0.27459 P:0.29386 F:0.28390
4 ROUGE-1 Eval D1006-A.M.100.A.4 R:0.16475 P:0.35833 F:0.22572
4 ROUGE-1 Eval D1007-A.M.100.B.4 R:0.35111 P:0.37264 F:0.36155
4 ROUGE-1 Eval D1008-A.M.100.B.4 R:0.22581 P:0.31818 F:0.26415
4 ROUGE-1 Eval D1009-A.M.100.B.4 R:0.14159 P:0.25806 F:0.18285
4 ROUGE-1 Eval D1010-A.M.100.B.4 R:0.30000 P:0.33482 F:0.31646
4 ROUGE-1 Eval D1011-A.M.100.C.4 R:0.11638 P:0.20455 F:0.14835
4 ROUGE-1 Eval D1012-A.M.100.C.4 R:0.22764 P:0.28571 F:0.25339
4 ROUGE-1 Eval D1013-A.M.100.C.4 R:0.30924 P:0.39286 F:0.34607
4 ROUGE-1 Eval D1014-A.M.100.C.4 R:0.14644 P:0.20833 F:0.17199
4 ROUGE-1 Eval D1015-A.M.100.C.4 R:0.18113 P:0.22222 F:0.19958
4 ROUGE-1 Eval D1016-A.M.100.C.4 R:0.21076 P:0.22596 F:0.21810
4 ROUGE-1 Eval D1017-A.M.100.D.4 R:0.26531 P:0.26639 F:0.26585
4 ROUGE-1 Eval D1018-A.M.100.D.4 R:0.13808 P:0.45833 F:0.21222
4 ROUGE-1 Eval D1019-A.M.100.D.4 R:0.32500 P:0.30469 F:0.31452
4 ROUGE-1 Eval D1020-A.M.100.D.4 R:0.16116 P:0.24375 F:0.19403
4 ROUGE-1 Eval D1021-A.M.100.D.4 R:0.27542 P:0.33854 F:0.30374
4 ROUGE-1 Eval D1022-A.M.100.D.4 R:0.35146 P:0.46667 F:0.40095
4 ROUGE-1 Eval D1023-A.M.100.E.4 R:0.13223 P:0.16667 F:0.14747
4 ROUGE-1 Eval D1024-A.M.100.E.4 R:0.33750 P:0.41327 F:0.37156
4 ROUGE-1 Eval D1025-A.M.100.E.4 R:0.24336 P:0.29255 F:0.26570
4 ROUGE-1 Eval D1026-A.M.100.E.4 R:0.07692 P:0.10465 F:0.08867
4 ROUGE-1 Eval D1027-A.M.100.E.4 R:0.15476 P:0.29545 F:0.20312
4 ROUGE-1 Eval D1028-A.M.100.E.4 R:0.29583 P:0.31140 F:0.30342
4 ROUGE-1 Eval D1029-A.M.100.F.4 R:0.20417 P:0.26064 F:0.22897
4 ROUGE-1 Eval D1030-A.M.100.F.4 R:0.16270 P:0.25625 F:0.19903
4 ROUGE-1 Eval D1031-A.M.100.F.4 R:0.08163 P:0.13889 F:0.10283
4 ROUGE-1 Eval D1032-A.M.100.F.4 R:0.24046 P:0.35795 F:0.28767
4 ROUGE-1 Eval D1033-A.M.100.F.4 R:0.27273 P:0.32353 F:0.29597
4 ROUGE-1 Eval D1034-A.M.100.F.4 R:0.18930 P:0.22115 F:0.20399
4 ROUGE-1 Eval D1035-A.M.100.G.4 R:0.17886 P:0.28947 F:0.22110
4 ROUGE-1 Eval D1036-A.M.100.G.4 R:0.16735 P:0.31061 F:0.21751
4 ROUGE-1 Eval D1037-A.M.100.G.4 R:0.24074 P:0.28889 F:0.26263
4 ROUGE-1 Eval D1038-A.M.100.G.4 R:0.23137 P:0.28922 F:0.25708
4 ROUGE-1 Eval D1039-A.M.100.G.4 R:0.30204 P:0.41111 F:0.34823
4 ROUGE-1 Eval D1040-A.M.100.G.4 R:0.12340 P:0.24167 F:0.16338
4 ROUGE-1 Eval D1041-A.M.100.H.4 R:0.18898 P:0.27273 F:0.22326
4 ROUGE-1 Eval D1042-A.M.100.H.4 R:0.17040 P:0.45238 F:0.24755
4 ROUGE-1 Eval D1043-A.M.100.H.4 R:0.33475 P:0.35909 F:0.34649
4 ROUGE-1 Eval D1044-A.M.100.H.4 R:0.21519 P:0.26020 F:0.23556
4 ROUGE-1 Eval D1045-A.M.100.H.4 R:0.26772 P:0.44737 F:0.33498
4 ROUGE-1 Eval D1046-A.M.100.H.4 R:0.22835 P:0.24167 F:0.23482
---------------------------------------------
4 ROUGE-2 Average_R: 0.05591 ( 95%-conf.int. 0.04569 - 0.06813)
4 ROUGE-2 Average_P: 0.07756 ( 95%-conf.int. 0.06237 - 0.09317)
4 ROUGE-2 Average_F: 0.06372 ( 95%-conf.int. 0.05202 - 0.07714)
.............................................
4 ROUGE-2 Eval D1001-A.M.100.A.4 R:0.03347 P:0.07692 F:0.04664
4 ROUGE-2 Eval D1002-A.M.100.A.4 R:0.01277 P:0.02143 F:0.01600
4 ROUGE-2 Eval D1003-A.M.100.A.4 R:0.03965 P:0.04891 F:0.04380
4 ROUGE-2 Eval D1004-A.M.100.A.4 R:0.04622 P:0.04167 F:0.04383
4 ROUGE-2 Eval D1005-A.M.100.A.4 R:0.07083 P:0.07589 F:0.07327
4 ROUGE-2 Eval D1006-A.M.100.A.4 R:0.05447 P:0.12069 F:0.07506
4 ROUGE-2 Eval D1007-A.M.100.B.4 R:0.10407 P:0.11058 F:0.10723
4 ROUGE-2 Eval D1008-A.M.100.B.4 R:0.03279 P:0.04651 F:0.03846
4 ROUGE-2 Eval D1009-A.M.100.B.4 R:0.02703 P:0.05000 F:0.03509
4 ROUGE-2 Eval D1010-A.M.100.B.4 R:0.09350 P:0.10455 F:0.09872
4 ROUGE-2 Eval D1011-A.M.100.C.4 R:0.02632 P:0.04688 F:0.03371
4 ROUGE-2 Eval D1012-A.M.100.C.4 R:0.04545 P:0.05729 F:0.05069
4 ROUGE-2 Eval D1013-A.M.100.C.4 R:0.15102 P:0.19271 F:0.16934
4 ROUGE-2 Eval D1014-A.M.100.C.4 R:0.00851 P:0.01220 F:0.01003
4 ROUGE-2 Eval D1015-A.M.100.C.4 R:0.04215 P:0.05189 F:0.04652
4 ROUGE-2 Eval D1016-A.M.100.C.4 R:0.04566 P:0.04902 F:0.04728
4 ROUGE-2 Eval D1017-A.M.100.D.4 R:0.04149 P:0.04167 F:0.04158
4 ROUGE-2 Eval D1018-A.M.100.D.4 R:0.04255 P:0.14706 F:0.06600
4 ROUGE-2 Eval D1019-A.M.100.D.4 R:0.05932 P:0.05556 F:0.05738
4 ROUGE-2 Eval D1020-A.M.100.D.4 R:0.01681 P:0.02564 F:0.02031
4 ROUGE-2 Eval D1021-A.M.100.D.4 R:0.08190 P:0.10106 F:0.09048
4 ROUGE-2 Eval D1022-A.M.100.D.4 R:0.16170 P:0.21591 F:0.18491
4 ROUGE-2 Eval D1023-A.M.100.E.4 R:0.00840 P:0.01064 F:0.00939
4 ROUGE-2 Eval D1024-A.M.100.E.4 R:0.09746 P:0.11979 F:0.10748
4 ROUGE-2 Eval D1025-A.M.100.E.4 R:0.08108 P:0.09783 F:0.08867
4 ROUGE-2 Eval D1026-A.M.100.E.4 R:0.00870 P:0.01190 F:0.01005
4 ROUGE-2 Eval D1027-A.M.100.E.4 R:0.06452 P:0.12500 F:0.08511
4 ROUGE-2 Eval D1028-A.M.100.E.4 R:0.10169 P:0.10714 F:0.10434
4 ROUGE-2 Eval D1029-A.M.100.F.4 R:0.04661 P:0.05978 F:0.05238
4 ROUGE-2 Eval D1030-A.M.100.F.4 R:0.02419 P:0.03846 F:0.02970
4 ROUGE-2 Eval D1031-A.M.100.F.4 R:0.01245 P:0.02143 F:0.01575
4 ROUGE-2 Eval D1032-A.M.100.F.4 R:0.07752 P:0.11628 F:0.09302
4 ROUGE-2 Eval D1033-A.M.100.F.4 R:0.10084 P:0.12000 F:0.10959
4 ROUGE-2 Eval D1034-A.M.100.F.4 R:0.05439 P:0.06373 F:0.05869
4 ROUGE-2 Eval D1035-A.M.100.G.4 R:0.03719 P:0.06081 F:0.04615
4 ROUGE-2 Eval D1036-A.M.100.G.4 R:0.02075 P:0.03906 F:0.02710
4 ROUGE-2 Eval D1037-A.M.100.G.4 R:0.04717 P:0.05682 F:0.05155
4 ROUGE-2 Eval D1038-A.M.100.G.4 R:0.05976 P:0.07500 F:0.06652
4 ROUGE-2 Eval D1039-A.M.100.G.4 R:0.10373 P:0.14205 F:0.11990
4 ROUGE-2 Eval D1040-A.M.100.G.4 R:0.01299 P:0.02586 F:0.01729
4 ROUGE-2 Eval D1041-A.M.100.H.4 R:0.04400 P:0.06395 F:0.05213
4 ROUGE-2 Eval D1042-A.M.100.H.4 R:0.06849 P:0.18750 F:0.10033
4 ROUGE-2 Eval D1043-A.M.100.H.4 R:0.11638 P:0.12500 F:0.12054
4 ROUGE-2 Eval D1044-A.M.100.H.4 R:0.05150 P:0.06250 F:0.05647
4 ROUGE-2 Eval D1045-A.M.100.H.4 R:0.07200 P:0.12162 F:0.09045
4 ROUGE-2 Eval D1046-A.M.100.H.4 R:0.02400 P:0.02542 F:0.02469
---------------------------------------------
4 ROUGE-3 Average_R: 0.01728 ( 95%-conf.int. 0.01179 - 0.02413)
4 ROUGE-3 Average_P: 0.02460 ( 95%-conf.int. 0.01689 - 0.03418)
4 ROUGE-3 Average_F: 0.01981 ( 95%-conf.int. 0.01370 - 0.02747)
.............................................
4 ROUGE-3 Eval D1001-A.M.100.A.4 R:0.01702 P:0.04000 F:0.02388
4 ROUGE-3 Eval D1002-A.M.100.A.4 R:0.00000 P:0.00000 F:0.00000
4 ROUGE-3 Eval D1003-A.M.100.A.4 R:0.00000 P:0.00000 F:0.00000
4 ROUGE-3 Eval D1004-A.M.100.A.4 R:0.00000 P:0.00000 F:0.00000
4 ROUGE-3 Eval D1005-A.M.100.A.4 R:0.03390 P:0.03636 F:0.03509
4 ROUGE-3 Eval D1006-A.M.100.A.4 R:0.02372 P:0.05357 F:0.03288
4 ROUGE-3 Eval D1007-A.M.100.B.4 R:0.02765 P:0.02941 F:0.02850
4 ROUGE-3 Eval D1008-A.M.100.B.4 R:0.00417 P:0.00595 F:0.00490
4 ROUGE-3 Eval D1009-A.M.100.B.4 R:0.01376 P:0.02586 F:0.01796
4 ROUGE-3 Eval D1010-A.M.100.B.4 R:0.06198 P:0.06944 F:0.06550
4 ROUGE-3 Eval D1011-A.M.100.C.4 R:0.00000 P:0.00000 F:0.00000
4 ROUGE-3 Eval D1012-A.M.100.C.4 R:0.01261 P:0.01596 F:0.01409
4 ROUGE-3 Eval D1013-A.M.100.C.4 R:0.07469 P:0.09574 F:0.08392
4 ROUGE-3 Eval D1014-A.M.100.C.4 R:0.00000 P:0.00000 F:0.00000
4 ROUGE-3 Eval D1015-A.M.100.C.4 R:0.01167 P:0.01442 F:0.01290
4 ROUGE-3 Eval D1016-A.M.100.C.4 R:0.00000 P:0.00000 F:0.00000
4 ROUGE-3 Eval D1017-A.M.100.D.4 R:0.00844 P:0.00847 F:0.00845
4 ROUGE-3 Eval D1018-A.M.100.D.4 R:0.02597 P:0.09375 F:0.04067
4 ROUGE-3 Eval D1019-A.M.100.D.4 R:0.00431 P:0.00403 F:0.00417
4 ROUGE-3 Eval D1020-A.M.100.D.4 R:0.00000 P:0.00000 F:0.00000
4 ROUGE-3 Eval D1021-A.M.100.D.4 R:0.02193 P:0.02717 F:0.02427
4 ROUGE-3 Eval D1022-A.M.100.D.4 R:0.07792 P:0.10465 F:0.08933
4 ROUGE-3 Eval D1023-A.M.100.E.4 R:0.00427 P:0.00543 F:0.00478
4 ROUGE-3 Eval D1024-A.M.100.E.4 R:0.03879 P:0.04787 F:0.04285
4 ROUGE-3 Eval D1025-A.M.100.E.4 R:0.02294 P:0.02778 F:0.02513
4 ROUGE-3 Eval D1026-A.M.100.E.4 R:0.00000 P:0.00000 F:0.00000
4 ROUGE-3 Eval D1027-A.M.100.E.4 R:0.00410 P:0.00806 F:0.00544
4 ROUGE-3 Eval D1028-A.M.100.E.4 R:0.03448 P:0.03636 F:0.03540
4 ROUGE-3 Eval D1029-A.M.100.F.4 R:0.00431 P:0.00556 F:0.00486
4 ROUGE-3 Eval D1030-A.M.100.F.4 R:0.00410 P:0.00658 F:0.00505
4 ROUGE-3 Eval D1031-A.M.100.F.4 R:0.00000 P:0.00000 F:0.00000
4 ROUGE-3 Eval D1032-A.M.100.F.4 R:0.03543 P:0.05357 F:0.04265
4 ROUGE-3 Eval D1033-A.M.100.F.4 R:0.05983 P:0.07143 F:0.06512
4 ROUGE-3 Eval D1034-A.M.100.F.4 R:0.00851 P:0.01000 F:0.00920
4 ROUGE-3 Eval D1035-A.M.100.G.4 R:0.00840 P:0.01389 F:0.01047
4 ROUGE-3 Eval D1036-A.M.100.G.4 R:0.00000 P:0.00000 F:0.00000
4 ROUGE-3 Eval D1037-A.M.100.G.4 R:0.00000 P:0.00000 F:0.00000
4 ROUGE-3 Eval D1038-A.M.100.G.4 R:0.01619 P:0.02041 F:0.01806
4 ROUGE-3 Eval D1039-A.M.100.G.4 R:0.02532 P:0.03488 F:0.02934
4 ROUGE-3 Eval D1040-A.M.100.G.4 R:0.00000 P:0.00000 F:0.00000
4 ROUGE-3 Eval D1041-A.M.100.H.4 R:0.00000 P:0.00000 F:0.00000
4 ROUGE-3 Eval D1042-A.M.100.H.4 R:0.01860 P:0.05263 F:0.02749
4 ROUGE-3 Eval D1043-A.M.100.H.4 R:0.04825 P:0.05189 F:0.05000
4 ROUGE-3 Eval D1044-A.M.100.H.4 R:0.02183 P:0.02660 F:0.02398
4 ROUGE-3 Eval D1045-A.M.100.H.4 R:0.02033 P:0.03472 F:0.02564
4 ROUGE-3 Eval D1046-A.M.100.H.4 R:0.00000 P:0.00000 F:0.00000
---------------------------------------------
4 ROUGE-4 Average_R: 0.00586 ( 95%-conf.int. 0.00289 - 0.00983)
4 ROUGE-4 Average_P: 0.00817 ( 95%-conf.int. 0.00441 - 0.01344)
4 ROUGE-4 Average_F: 0.00666 ( 95%-conf.int. 0.00346 - 0.01111)
.............................................
4 ROUGE-4 Eval D1001-A.M.100.A.4 R:0.00000 P:0.00000 F:0.00000
4 ROUGE-4 Eval D1002-A.M.100.A.4 R:0.00000 P:0.00000 F:0.00000
4 ROUGE-4 Eval D1003-A.M.100.A.4 R:0.00000 P:0.00000 F:0.00000
4 ROUGE-4 Eval D1004-A.M.100.A.4 R:0.00000 P:0.00000 F:0.00000
4 ROUGE-4 Eval D1005-A.M.100.A.4 R:0.00862 P:0.00926 F:0.00893
4 ROUGE-4 Eval D1006-A.M.100.A.4 R:0.01205 P:0.02778 F:0.01681
4 ROUGE-4 Eval D1007-A.M.100.B.4 R:0.00469 P:0.00500 F:0.00484
4 ROUGE-4 Eval D1008-A.M.100.B.4 R:0.00000 P:0.00000 F:0.00000
4 ROUGE-4 Eval D1009-A.M.100.B.4 R:0.00000 P:0.00000 F:0.00000
4 ROUGE-4 Eval D1010-A.M.100.B.4 R:0.04622 P:0.05189 F:0.04889
4 ROUGE-4 Eval D1011-A.M.100.C.4 R:0.00000 P:0.00000 F:0.00000
4 ROUGE-4 Eval D1012-A.M.100.C.4 R:0.00427 P:0.00543 F:0.00478
4 ROUGE-4 Eval D1013-A.M.100.C.4 R:0.04641 P:0.05978 F:0.05225
4 ROUGE-4 Eval D1014-A.M.100.C.4 R:0.00000 P:0.00000 F:0.00000
4 ROUGE-4 Eval D1015-A.M.100.C.4 R:0.00000 P:0.00000 F:0.00000
4 ROUGE-4 Eval D1016-A.M.100.C.4 R:0.00000 P:0.00000 F:0.00000
4 ROUGE-4 Eval D1017-A.M.100.D.4 R:0.00000 P:0.00000 F:0.00000
4 ROUGE-4 Eval D1018-A.M.100.D.4 R:0.00881 P:0.03333 F:0.01394
4 ROUGE-4 Eval D1019-A.M.100.D.4 R:0.00000 P:0.00000 F:0.00000
4 ROUGE-4 Eval D1020-A.M.100.D.4 R:0.00000 P:0.00000 F:0.00000
4 ROUGE-4 Eval D1021-A.M.100.D.4 R:0.00446 P:0.00556 F:0.00495
4 ROUGE-4 Eval D1022-A.M.100.D.4 R:0.03524 P:0.04762 F:0.04051
4 ROUGE-4 Eval D1023-A.M.100.E.4 R:0.00000 P:0.00000 F:0.00000
4 ROUGE-4 Eval D1024-A.M.100.E.4 R:0.00877 P:0.01087 F:0.00971
4 ROUGE-4 Eval D1025-A.M.100.E.4 R:0.00000 P:0.00000 F:0.00000
4 ROUGE-4 Eval D1026-A.M.100.E.4 R:0.00000 P:0.00000 F:0.00000
4 ROUGE-4 Eval D1027-A.M.100.E.4 R:0.00000 P:0.00000 F:0.00000
4 ROUGE-4 Eval D1028-A.M.100.E.4 R:0.00877 P:0.00926 F:0.00901
4 ROUGE-4 Eval D1029-A.M.100.F.4 R:0.00000 P:0.00000 F:0.00000
4 ROUGE-4 Eval D1030-A.M.100.F.4 R:0.00000 P:0.00000 F:0.00000
4 ROUGE-4 Eval D1031-A.M.100.F.4 R:0.00000 P:0.00000 F:0.00000
4 ROUGE-4 Eval D1032-A.M.100.F.4 R:0.00800 P:0.01220 F:0.00966
4 ROUGE-4 Eval D1033-A.M.100.F.4 R:0.03478 P:0.04167 F:0.03791
4 ROUGE-4 Eval D1034-A.M.100.F.4 R:0.00000 P:0.00000 F:0.00000
4 ROUGE-4 Eval D1035-A.M.100.G.4 R:0.00000 P:0.00000 F:0.00000
4 ROUGE-4 Eval D1036-A.M.100.G.4 R:0.00000 P:0.00000 F:0.00000
4 ROUGE-4 Eval D1037-A.M.100.G.4 R:0.00000 P:0.00000 F:0.00000
4 ROUGE-4 Eval D1038-A.M.100.G.4 R:0.00000 P:0.00000 F:0.00000
4 ROUGE-4 Eval D1039-A.M.100.G.4 R:0.00858 P:0.01190 F:0.00997
4 ROUGE-4 Eval D1040-A.M.100.G.4 R:0.00000 P:0.00000 F:0.00000
4 ROUGE-4 Eval D1041-A.M.100.H.4 R:0.00000 P:0.00000 F:0.00000
4 ROUGE-4 Eval D1042-A.M.100.H.4 R:0.00474 P:0.01389 F:0.00707
4 ROUGE-4 Eval D1043-A.M.100.H.4 R:0.01786 P:0.01923 F:0.01852
4 ROUGE-4 Eval D1044-A.M.100.H.4 R:0.00444 P:0.00543 F:0.00489
4 ROUGE-4 Eval D1045-A.M.100.H.4 R:0.00413 P:0.00714 F:0.00523
4 ROUGE-4 Eval D1046-A.M.100.H.4 R:0.00000 P:0.00000 F:0.00000
